

================================================================
== Vitis HLS Report for 'col_backend'
================================================================
* Date:           Sat Apr 25 10:44:23 2026

* Version:        2023.1 (Build 3854077 on May  4 2023)
* Project:        sgm_kernel
* Solution:       solution1 (Vivado IP Flow Target)
* Product family: zynq
* Target device:  xc7z010-clg400-1


================================================================
== Performance Estimates
================================================================
+ Timing: 
    * Summary: 
    +--------+----------+----------+------------+
    |  Clock |  Target  | Estimated| Uncertainty|
    +--------+----------+----------+------------+
    |ap_clk  |  10.00 ns|  9.279 ns|     2.70 ns|
    +--------+----------+----------+------------+

+ Latency: 
    * Summary: 
    +---------+---------+----------+----------+-----+-----+---------+
    |  Latency (cycles) |  Latency (absolute) |  Interval | Pipeline|
    |   min   |   max   |    min   |    max   | min | max |   Type  |
    +---------+---------+----------+----------+-----+-----+---------+
    |       24|       24|  0.240 us|  0.240 us|   24|   24|      yes|
    +---------+---------+----------+----------+-----+-----+---------+

    + Detail: 
        * Instance: 
        +----------------------------------------+----------------------------+---------+---------+----------+----------+-----+-----+---------+
        |                                        |                            |  Latency (cycles) |  Latency (absolute) |  Interval | Pipeline|
        |                Instance                |           Module           |   min   |   max   |    min   |    max   | min | max |   Type  |
        +----------------------------------------+----------------------------+---------+---------+----------+----------+-----+-----+---------+
        |grp_reduce_min_vec_fu_1025              |reduce_min_vec              |       10|       10|  0.100 us|  0.100 us|    4|    4|      yes|
        |grp_reduce_min_vec_fu_1061              |reduce_min_vec              |       10|       10|  0.100 us|  0.100 us|    4|    4|      yes|
        |grp_aggregate_paths_and_select_fu_1129  |aggregate_paths_and_select  |       12|       12|  0.120 us|  0.120 us|    8|    8|      yes|
        |call_ret_commit_prev_costs_fu_1425      |commit_prev_costs           |        0|        0|      0 ns|      0 ns|    1|    1|      yes|
        +----------------------------------------+----------------------------+---------+---------+----------+----------+-----+-----+---------+

        * Loop: 
        N/A



================================================================
== Utilization Estimates
================================================================
* Summary: 
+-----------------+---------+----+-------+-------+-----+
|       Name      | BRAM_18K| DSP|   FF  |  LUT  | URAM|
+-----------------+---------+----+-------+-------+-----+
|DSP              |        -|   -|      -|      -|    -|
|Expression       |        -|   -|      0|      2|    -|
|FIFO             |        -|   -|      -|      -|    -|
|Instance         |        -|   -|   4404|  14163|    -|
|Memory           |        -|   -|      -|      -|    -|
|Multiplexer      |        -|   -|      -|   1004|    -|
|Register         |        -|   -|   2723|      -|    -|
+-----------------+---------+----+-------+-------+-----+
|Total            |        0|   0|   7127|  15169|    0|
+-----------------+---------+----+-------+-------+-----+
|Available        |      120|  80|  35200|  17600|    0|
+-----------------+---------+----+-------+-------+-----+
|Utilization (%)  |        0|   0|     20|     86|    0|
+-----------------+---------+----+-------+-------+-----+

+ Detail: 
    * Instance: 
    +----------------------------------------+----------------------------+---------+----+------+-------+-----+
    |                Instance                |           Module           | BRAM_18K| DSP|  FF  |  LUT  | URAM|
    +----------------------------------------+----------------------------+---------+----+------+-------+-----+
    |grp_aggregate_paths_and_select_fu_1129  |aggregate_paths_and_select  |        0|   0|  2854|  12585|    0|
    |call_ret_commit_prev_costs_fu_1425      |commit_prev_costs           |        0|   0|     0|      0|    0|
    |grp_reduce_min_vec_fu_1025              |reduce_min_vec              |        0|   0|   775|    789|    0|
    |grp_reduce_min_vec_fu_1061              |reduce_min_vec              |        0|   0|   775|    789|    0|
    +----------------------------------------+----------------------------+---------+----+------+-------+-----+
    |Total                                   |                            |        0|   0|  4404|  14163|    0|
    +----------------------------------------+----------------------------+---------+----+------+-------+-----+

    * DSP: 
    N/A

    * Memory: 
    N/A

    * FIFO: 
    N/A

    * Expression: 
    +---------------+----------+----+---+----+------------+------------+
    | Variable Name | Operation| DSP| FF| LUT| Bitwidth P0| Bitwidth P1|
    +---------------+----------+----+---+----+------------+------------+
    |ap_enable_pp0  |       xor|   0|  0|   2|           1|           2|
    +---------------+----------+----+---+----+------------+------------+
    |Total          |          |   0|  0|   2|           1|           2|
    +---------------+----------+----+---+----+------------+------------+

    * Multiplexer: 
    +---------------------------------------------------------------------------------+-----+-----------+-----+-----------+
    |                                       Name                                      | LUT | Input Size| Bits| Total Bits|
    +---------------------------------------------------------------------------------+-----+-----------+-----+-----------+
    |ap_NS_fsm                                                                        |  113|         25|    1|         25|
    |ap_enable_reg_pp0_iter0                                                          |    9|          2|    1|          2|
    |ap_enable_reg_pp0_iter1                                                          |    9|          2|    1|          2|
    |ap_phi_mux_agg_result_0_phi_fu_730_p4                                            |    9|          2|    5|         10|
    |ap_phi_mux_prevCostT_col_0_0_phi_fu_740_p4                                       |    9|          2|   12|         24|
    |ap_phi_mux_prevCostT_col_10_0_phi_fu_830_p4                                      |    9|          2|   12|         24|
    |ap_phi_mux_prevCostT_col_11_0_phi_fu_839_p4                                      |    9|          2|   12|         24|
    |ap_phi_mux_prevCostT_col_1215_0_phi_fu_848_p4                                    |    9|          2|   12|         24|
    |ap_phi_mux_prevCostT_col_13_0_phi_fu_857_p4                                      |    9|          2|   12|         24|
    |ap_phi_mux_prevCostT_col_14_0_phi_fu_866_p4                                      |    9|          2|   12|         24|
    |ap_phi_mux_prevCostT_col_15_0_phi_fu_875_p4                                      |    9|          2|   12|         24|
    |ap_phi_mux_prevCostT_col_16_0_phi_fu_884_p4                                      |    9|          2|   12|         24|
    |ap_phi_mux_prevCostT_col_17_0_phi_fu_893_p4                                      |    9|          2|   12|         24|
    |ap_phi_mux_prevCostT_col_18_0_phi_fu_902_p4                                      |    9|          2|   12|         24|
    |ap_phi_mux_prevCostT_col_19_0_phi_fu_911_p4                                      |    9|          2|   12|         24|
    |ap_phi_mux_prevCostT_col_1_0_phi_fu_749_p4                                       |    9|          2|   12|         24|
    |ap_phi_mux_prevCostT_col_20_0_phi_fu_920_p4                                      |    9|          2|   12|         24|
    |ap_phi_mux_prevCostT_col_21_0_phi_fu_929_p4                                      |    9|          2|   12|         24|
    |ap_phi_mux_prevCostT_col_22_0_phi_fu_938_p4                                      |    9|          2|   12|         24|
    |ap_phi_mux_prevCostT_col_23_0_phi_fu_947_p4                                      |    9|          2|   12|         24|
    |ap_phi_mux_prevCostT_col_2428_0_phi_fu_956_p4                                    |    9|          2|   12|         24|
    |ap_phi_mux_prevCostT_col_25_0_phi_fu_965_p4                                      |    9|          2|   12|         24|
    |ap_phi_mux_prevCostT_col_26_0_phi_fu_974_p4                                      |    9|          2|   12|         24|
    |ap_phi_mux_prevCostT_col_27_0_phi_fu_983_p4                                      |    9|          2|   12|         24|
    |ap_phi_mux_prevCostT_col_28_0_phi_fu_992_p4                                      |    9|          2|   12|         24|
    |ap_phi_mux_prevCostT_col_29_0_phi_fu_1001_p4                                     |    9|          2|   12|         24|
    |ap_phi_mux_prevCostT_col_2_0_phi_fu_758_p4                                       |    9|          2|   12|         24|
    |ap_phi_mux_prevCostT_col_30_0_phi_fu_1010_p4                                     |    9|          2|   12|         24|
    |ap_phi_mux_prevCostT_col_31_0_phi_fu_1019_p4                                     |    9|          2|   12|         24|
    |ap_phi_mux_prevCostT_col_3_0_phi_fu_767_p4                                       |    9|          2|   12|         24|
    |ap_phi_mux_prevCostT_col_4_0_phi_fu_776_p4                                       |    9|          2|   12|         24|
    |ap_phi_mux_prevCostT_col_5_0_phi_fu_785_p4                                       |    9|          2|   12|         24|
    |ap_phi_mux_prevCostT_col_6_0_phi_fu_794_p4                                       |    9|          2|   12|         24|
    |ap_phi_mux_prevCostT_col_7_0_phi_fu_803_p4                                       |    9|          2|   12|         24|
    |ap_phi_mux_prevCostT_col_8_0_phi_fu_812_p4                                       |    9|          2|   12|         24|
    |ap_phi_mux_prevCostT_col_9_0_phi_fu_821_p4                                       |    9|          2|   12|         24|
    |p_ZZ10sgm_kernelRN3hls6streamI7ap_uintILi8EELi0EEES4_S4_E9prevCostL_10_o         |    9|          2|   12|         24|
    |p_ZZ10sgm_kernelRN3hls6streamI7ap_uintILi8EELi0EEES4_S4_E9prevCostL_10_o_ap_vld  |    9|          2|    1|          2|
    |p_ZZ10sgm_kernelRN3hls6streamI7ap_uintILi8EELi0EEES4_S4_E9prevCostL_11_o         |    9|          2|   12|         24|
    |p_ZZ10sgm_kernelRN3hls6streamI7ap_uintILi8EELi0EEES4_S4_E9prevCostL_11_o_ap_vld  |    9|          2|    1|          2|
    |p_ZZ10sgm_kernelRN3hls6streamI7ap_uintILi8EELi0EEES4_S4_E9prevCostL_12_o         |    9|          2|   12|         24|
    |p_ZZ10sgm_kernelRN3hls6streamI7ap_uintILi8EELi0EEES4_S4_E9prevCostL_12_o_ap_vld  |    9|          2|    1|          2|
    |p_ZZ10sgm_kernelRN3hls6streamI7ap_uintILi8EELi0EEES4_S4_E9prevCostL_13_o         |    9|          2|   12|         24|
    |p_ZZ10sgm_kernelRN3hls6streamI7ap_uintILi8EELi0EEES4_S4_E9prevCostL_13_o_ap_vld  |    9|          2|    1|          2|
    |p_ZZ10sgm_kernelRN3hls6streamI7ap_uintILi8EELi0EEES4_S4_E9prevCostL_14_o         |    9|          2|   12|         24|
    |p_ZZ10sgm_kernelRN3hls6streamI7ap_uintILi8EELi0EEES4_S4_E9prevCostL_14_o_ap_vld  |    9|          2|    1|          2|
    |p_ZZ10sgm_kernelRN3hls6streamI7ap_uintILi8EELi0EEES4_S4_E9prevCostL_15_o         |    9|          2|   12|         24|
    |p_ZZ10sgm_kernelRN3hls6streamI7ap_uintILi8EELi0EEES4_S4_E9prevCostL_15_o_ap_vld  |    9|          2|    1|          2|
    |p_ZZ10sgm_kernelRN3hls6streamI7ap_uintILi8EELi0EEES4_S4_E9prevCostL_16_o         |    9|          2|   12|         24|
    |p_ZZ10sgm_kernelRN3hls6streamI7ap_uintILi8EELi0EEES4_S4_E9prevCostL_16_o_ap_vld  |    9|          2|    1|          2|
    |p_ZZ10sgm_kernelRN3hls6streamI7ap_uintILi8EELi0EEES4_S4_E9prevCostL_17_o         |    9|          2|   12|         24|
    |p_ZZ10sgm_kernelRN3hls6streamI7ap_uintILi8EELi0EEES4_S4_E9prevCostL_17_o_ap_vld  |    9|          2|    1|          2|
    |p_ZZ10sgm_kernelRN3hls6streamI7ap_uintILi8EELi0EEES4_S4_E9prevCostL_18_o         |    9|          2|   12|         24|
    |p_ZZ10sgm_kernelRN3hls6streamI7ap_uintILi8EELi0EEES4_S4_E9prevCostL_18_o_ap_vld  |    9|          2|    1|          2|
    |p_ZZ10sgm_kernelRN3hls6streamI7ap_uintILi8EELi0EEES4_S4_E9prevCostL_19_o         |    9|          2|   12|         24|
    |p_ZZ10sgm_kernelRN3hls6streamI7ap_uintILi8EELi0EEES4_S4_E9prevCostL_19_o_ap_vld  |    9|          2|    1|          2|
    |p_ZZ10sgm_kernelRN3hls6streamI7ap_uintILi8EELi0EEES4_S4_E9prevCostL_20_o         |    9|          2|   12|         24|
    |p_ZZ10sgm_kernelRN3hls6streamI7ap_uintILi8EELi0EEES4_S4_E9prevCostL_20_o_ap_vld  |    9|          2|    1|          2|
    |p_ZZ10sgm_kernelRN3hls6streamI7ap_uintILi8EELi0EEES4_S4_E9prevCostL_21_o         |    9|          2|   12|         24|
    |p_ZZ10sgm_kernelRN3hls6streamI7ap_uintILi8EELi0EEES4_S4_E9prevCostL_21_o_ap_vld  |    9|          2|    1|          2|
    |p_ZZ10sgm_kernelRN3hls6streamI7ap_uintILi8EELi0EEES4_S4_E9prevCostL_22_o         |    9|          2|   12|         24|
    |p_ZZ10sgm_kernelRN3hls6streamI7ap_uintILi8EELi0EEES4_S4_E9prevCostL_22_o_ap_vld  |    9|          2|    1|          2|
    |p_ZZ10sgm_kernelRN3hls6streamI7ap_uintILi8EELi0EEES4_S4_E9prevCostL_23_o         |    9|          2|   12|         24|
    |p_ZZ10sgm_kernelRN3hls6streamI7ap_uintILi8EELi0EEES4_S4_E9prevCostL_23_o_ap_vld  |    9|          2|    1|          2|
    |p_ZZ10sgm_kernelRN3hls6streamI7ap_uintILi8EELi0EEES4_S4_E9prevCostL_24_o         |    9|          2|   12|         24|
    |p_ZZ10sgm_kernelRN3hls6streamI7ap_uintILi8EELi0EEES4_S4_E9prevCostL_24_o_ap_vld  |    9|          2|    1|          2|
    |p_ZZ10sgm_kernelRN3hls6streamI7ap_uintILi8EELi0EEES4_S4_E9prevCostL_25_o         |    9|          2|   12|         24|
    |p_ZZ10sgm_kernelRN3hls6streamI7ap_uintILi8EELi0EEES4_S4_E9prevCostL_25_o_ap_vld  |    9|          2|    1|          2|
    |p_ZZ10sgm_kernelRN3hls6streamI7ap_uintILi8EELi0EEES4_S4_E9prevCostL_26_o         |    9|          2|   12|         24|
    |p_ZZ10sgm_kernelRN3hls6streamI7ap_uintILi8EELi0EEES4_S4_E9prevCostL_26_o_ap_vld  |    9|          2|    1|          2|
    |p_ZZ10sgm_kernelRN3hls6streamI7ap_uintILi8EELi0EEES4_S4_E9prevCostL_27_o         |    9|          2|   12|         24|
    |p_ZZ10sgm_kernelRN3hls6streamI7ap_uintILi8EELi0EEES4_S4_E9prevCostL_27_o_ap_vld  |    9|          2|    1|          2|
    |p_ZZ10sgm_kernelRN3hls6streamI7ap_uintILi8EELi0EEES4_S4_E9prevCostL_28_o         |    9|          2|   12|         24|
    |p_ZZ10sgm_kernelRN3hls6streamI7ap_uintILi8EELi0EEES4_S4_E9prevCostL_28_o_ap_vld  |    9|          2|    1|          2|
    |p_ZZ10sgm_kernelRN3hls6streamI7ap_uintILi8EELi0EEES4_S4_E9prevCostL_29_o         |    9|          2|   12|         24|
    |p_ZZ10sgm_kernelRN3hls6streamI7ap_uintILi8EELi0EEES4_S4_E9prevCostL_29_o_ap_vld  |    9|          2|    1|          2|
    |p_ZZ10sgm_kernelRN3hls6streamI7ap_uintILi8EELi0EEES4_S4_E9prevCostL_30_o         |    9|          2|   12|         24|
    |p_ZZ10sgm_kernelRN3hls6streamI7ap_uintILi8EELi0EEES4_S4_E9prevCostL_30_o_ap_vld  |    9|          2|    1|          2|
    |p_ZZ10sgm_kernelRN3hls6streamI7ap_uintILi8EELi0EEES4_S4_E9prevCostL_31_o         |    9|          2|   12|         24|
    |p_ZZ10sgm_kernelRN3hls6streamI7ap_uintILi8EELi0EEES4_S4_E9prevCostL_31_o_ap_vld  |    9|          2|    1|          2|
    |sgm_kernel_stream_stream_ap_uint_8_0_stream_ap_uint_8_0_prevCostL_1_o            |    9|          2|   12|         24|
    |sgm_kernel_stream_stream_ap_uint_8_0_stream_ap_uint_8_0_prevCostL_1_o_ap_vld     |    9|          2|    1|          2|
    |sgm_kernel_stream_stream_ap_uint_8_0_stream_ap_uint_8_0_prevCostL_2_o            |    9|          2|   12|         24|
    |sgm_kernel_stream_stream_ap_uint_8_0_stream_ap_uint_8_0_prevCostL_2_o_ap_vld     |    9|          2|    1|          2|
    |sgm_kernel_stream_stream_ap_uint_8_0_stream_ap_uint_8_0_prevCostL_3_o            |    9|          2|   12|         24|
    |sgm_kernel_stream_stream_ap_uint_8_0_stream_ap_uint_8_0_prevCostL_3_o_ap_vld     |    9|          2|    1|          2|
    |sgm_kernel_stream_stream_ap_uint_8_0_stream_ap_uint_8_0_prevCostL_4_o            |    9|          2|   12|         24|
    |sgm_kernel_stream_stream_ap_uint_8_0_stream_ap_uint_8_0_prevCostL_4_o_ap_vld     |    9|          2|    1|          2|
    |sgm_kernel_stream_stream_ap_uint_8_0_stream_ap_uint_8_0_prevCostL_5_o            |    9|          2|   12|         24|
    |sgm_kernel_stream_stream_ap_uint_8_0_stream_ap_uint_8_0_prevCostL_5_o_ap_vld     |    9|          2|    1|          2|
    |sgm_kernel_stream_stream_ap_uint_8_0_stream_ap_uint_8_0_prevCostL_6_o            |    9|          2|   12|         24|
    |sgm_kernel_stream_stream_ap_uint_8_0_stream_ap_uint_8_0_prevCostL_6_o_ap_vld     |    9|          2|    1|          2|
    |sgm_kernel_stream_stream_ap_uint_8_0_stream_ap_uint_8_0_prevCostL_7_o            |    9|          2|   12|         24|
    |sgm_kernel_stream_stream_ap_uint_8_0_stream_ap_uint_8_0_prevCostL_7_o_ap_vld     |    9|          2|    1|          2|
    |sgm_kernel_stream_stream_ap_uint_8_0_stream_ap_uint_8_0_prevCostL_8_o            |    9|          2|   12|         24|
    |sgm_kernel_stream_stream_ap_uint_8_0_stream_ap_uint_8_0_prevCostL_8_o_ap_vld     |    9|          2|    1|          2|
    |sgm_kernel_stream_stream_ap_uint_8_0_stream_ap_uint_8_0_prevCostL_9_o            |    9|          2|   12|         24|
    |sgm_kernel_stream_stream_ap_uint_8_0_stream_ap_uint_8_0_prevCostL_9_o_ap_vld     |    9|          2|    1|          2|
    |sgm_kernel_stream_stream_ap_uint_8_0_stream_ap_uint_8_0_prevCostL_o              |    9|          2|   12|         24|
    |sgm_kernel_stream_stream_ap_uint_8_0_stream_ap_uint_8_0_prevCostL_o_ap_vld       |    9|          2|    1|          2|
    +---------------------------------------------------------------------------------+-----+-----------+-----+-----------+
    |Total                                                                            | 1004|        223|  808|       1639|
    +---------------------------------------------------------------------------------+-----+-----------+-----+-----------+

    * Register: 
    +------------------------------------------------------------------------+----+----+-----+-----------+
    |                                  Name                                  | FF | LUT| Bits| Const Bits|
    +------------------------------------------------------------------------+----+----+-----+-----------+
    |ap_CS_fsm                                                               |  24|   0|   24|          0|
    |ap_enable_reg_pp0_iter0_reg                                             |   1|   0|    1|          0|
    |ap_enable_reg_pp0_iter1                                                 |   1|   0|    1|          0|
    |ap_phi_reg_pp0_iter0_prevCostT_col_0_0_reg_737                          |  12|   0|   12|          0|
    |ap_phi_reg_pp0_iter0_prevCostT_col_10_0_reg_827                         |  12|   0|   12|          0|
    |ap_phi_reg_pp0_iter0_prevCostT_col_11_0_reg_836                         |  12|   0|   12|          0|
    |ap_phi_reg_pp0_iter0_prevCostT_col_1215_0_reg_845                       |  12|   0|   12|          0|
    |ap_phi_reg_pp0_iter0_prevCostT_col_13_0_reg_854                         |  12|   0|   12|          0|
    |ap_phi_reg_pp0_iter0_prevCostT_col_14_0_reg_863                         |  12|   0|   12|          0|
    |ap_phi_reg_pp0_iter0_prevCostT_col_15_0_reg_872                         |  12|   0|   12|          0|
    |ap_phi_reg_pp0_iter0_prevCostT_col_16_0_reg_881                         |  12|   0|   12|          0|
    |ap_phi_reg_pp0_iter0_prevCostT_col_17_0_reg_890                         |  12|   0|   12|          0|
    |ap_phi_reg_pp0_iter0_prevCostT_col_18_0_reg_899                         |  12|   0|   12|          0|
    |ap_phi_reg_pp0_iter0_prevCostT_col_19_0_reg_908                         |  12|   0|   12|          0|
    |ap_phi_reg_pp0_iter0_prevCostT_col_1_0_reg_746                          |  12|   0|   12|          0|
    |ap_phi_reg_pp0_iter0_prevCostT_col_20_0_reg_917                         |  12|   0|   12|          0|
    |ap_phi_reg_pp0_iter0_prevCostT_col_21_0_reg_926                         |  12|   0|   12|          0|
    |ap_phi_reg_pp0_iter0_prevCostT_col_22_0_reg_935                         |  12|   0|   12|          0|
    |ap_phi_reg_pp0_iter0_prevCostT_col_23_0_reg_944                         |  12|   0|   12|          0|
    |ap_phi_reg_pp0_iter0_prevCostT_col_2428_0_reg_953                       |  12|   0|   12|          0|
    |ap_phi_reg_pp0_iter0_prevCostT_col_25_0_reg_962                         |  12|   0|   12|          0|
    |ap_phi_reg_pp0_iter0_prevCostT_col_26_0_reg_971                         |  12|   0|   12|          0|
    |ap_phi_reg_pp0_iter0_prevCostT_col_27_0_reg_980                         |  12|   0|   12|          0|
    |ap_phi_reg_pp0_iter0_prevCostT_col_28_0_reg_989                         |  12|   0|   12|          0|
    |ap_phi_reg_pp0_iter0_prevCostT_col_29_0_reg_998                         |  12|   0|   12|          0|
    |ap_phi_reg_pp0_iter0_prevCostT_col_2_0_reg_755                          |  12|   0|   12|          0|
    |ap_phi_reg_pp0_iter0_prevCostT_col_30_0_reg_1007                        |  12|   0|   12|          0|
    |ap_phi_reg_pp0_iter0_prevCostT_col_31_0_reg_1016                        |  12|   0|   12|          0|
    |ap_phi_reg_pp0_iter0_prevCostT_col_3_0_reg_764                          |  12|   0|   12|          0|
    |ap_phi_reg_pp0_iter0_prevCostT_col_4_0_reg_773                          |  12|   0|   12|          0|
    |ap_phi_reg_pp0_iter0_prevCostT_col_5_0_reg_782                          |  12|   0|   12|          0|
    |ap_phi_reg_pp0_iter0_prevCostT_col_6_0_reg_791                          |  12|   0|   12|          0|
    |ap_phi_reg_pp0_iter0_prevCostT_col_7_0_reg_800                          |  12|   0|   12|          0|
    |ap_phi_reg_pp0_iter0_prevCostT_col_8_0_reg_809                          |  12|   0|   12|          0|
    |ap_phi_reg_pp0_iter0_prevCostT_col_9_0_reg_818                          |  12|   0|   12|          0|
    |ap_phi_reg_pp0_iter1_prevCostT_col_0_0_reg_737                          |  12|   0|   12|          0|
    |ap_phi_reg_pp0_iter1_prevCostT_col_10_0_reg_827                         |  12|   0|   12|          0|
    |ap_phi_reg_pp0_iter1_prevCostT_col_11_0_reg_836                         |  12|   0|   12|          0|
    |ap_phi_reg_pp0_iter1_prevCostT_col_1215_0_reg_845                       |  12|   0|   12|          0|
    |ap_phi_reg_pp0_iter1_prevCostT_col_13_0_reg_854                         |  12|   0|   12|          0|
    |ap_phi_reg_pp0_iter1_prevCostT_col_14_0_reg_863                         |  12|   0|   12|          0|
    |ap_phi_reg_pp0_iter1_prevCostT_col_15_0_reg_872                         |  12|   0|   12|          0|
    |ap_phi_reg_pp0_iter1_prevCostT_col_16_0_reg_881                         |  12|   0|   12|          0|
    |ap_phi_reg_pp0_iter1_prevCostT_col_17_0_reg_890                         |  12|   0|   12|          0|
    |ap_phi_reg_pp0_iter1_prevCostT_col_18_0_reg_899                         |  12|   0|   12|          0|
    |ap_phi_reg_pp0_iter1_prevCostT_col_19_0_reg_908                         |  12|   0|   12|          0|
    |ap_phi_reg_pp0_iter1_prevCostT_col_1_0_reg_746                          |  12|   0|   12|          0|
    |ap_phi_reg_pp0_iter1_prevCostT_col_20_0_reg_917                         |  12|   0|   12|          0|
    |ap_phi_reg_pp0_iter1_prevCostT_col_21_0_reg_926                         |  12|   0|   12|          0|
    |ap_phi_reg_pp0_iter1_prevCostT_col_22_0_reg_935                         |  12|   0|   12|          0|
    |ap_phi_reg_pp0_iter1_prevCostT_col_23_0_reg_944                         |  12|   0|   12|          0|
    |ap_phi_reg_pp0_iter1_prevCostT_col_2428_0_reg_953                       |  12|   0|   12|          0|
    |ap_phi_reg_pp0_iter1_prevCostT_col_25_0_reg_962                         |  12|   0|   12|          0|
    |ap_phi_reg_pp0_iter1_prevCostT_col_26_0_reg_971                         |  12|   0|   12|          0|
    |ap_phi_reg_pp0_iter1_prevCostT_col_27_0_reg_980                         |  12|   0|   12|          0|
    |ap_phi_reg_pp0_iter1_prevCostT_col_28_0_reg_989                         |  12|   0|   12|          0|
    |ap_phi_reg_pp0_iter1_prevCostT_col_29_0_reg_998                         |  12|   0|   12|          0|
    |ap_phi_reg_pp0_iter1_prevCostT_col_2_0_reg_755                          |  12|   0|   12|          0|
    |ap_phi_reg_pp0_iter1_prevCostT_col_30_0_reg_1007                        |  12|   0|   12|          0|
    |ap_phi_reg_pp0_iter1_prevCostT_col_31_0_reg_1016                        |  12|   0|   12|          0|
    |ap_phi_reg_pp0_iter1_prevCostT_col_3_0_reg_764                          |  12|   0|   12|          0|
    |ap_phi_reg_pp0_iter1_prevCostT_col_4_0_reg_773                          |  12|   0|   12|          0|
    |ap_phi_reg_pp0_iter1_prevCostT_col_5_0_reg_782                          |  12|   0|   12|          0|
    |ap_phi_reg_pp0_iter1_prevCostT_col_6_0_reg_791                          |  12|   0|   12|          0|
    |ap_phi_reg_pp0_iter1_prevCostT_col_7_0_reg_800                          |  12|   0|   12|          0|
    |ap_phi_reg_pp0_iter1_prevCostT_col_8_0_reg_809                          |  12|   0|   12|          0|
    |ap_phi_reg_pp0_iter1_prevCostT_col_9_0_reg_818                          |  12|   0|   12|          0|
    |ap_port_reg_p_read                                                      |  12|   0|   12|          0|
    |ap_port_reg_p_read1                                                     |  12|   0|   12|          0|
    |ap_port_reg_p_read10                                                    |  12|   0|   12|          0|
    |ap_port_reg_p_read1041                                                  |  12|   0|   12|          0|
    |ap_port_reg_p_read11                                                    |  12|   0|   12|          0|
    |ap_port_reg_p_read1142                                                  |  12|   0|   12|          0|
    |ap_port_reg_p_read12                                                    |  12|   0|   12|          0|
    |ap_port_reg_p_read1243                                                  |  12|   0|   12|          0|
    |ap_port_reg_p_read13                                                    |  12|   0|   12|          0|
    |ap_port_reg_p_read132                                                   |  12|   0|   12|          0|
    |ap_port_reg_p_read1344                                                  |  12|   0|   12|          0|
    |ap_port_reg_p_read14                                                    |  12|   0|   12|          0|
    |ap_port_reg_p_read1445                                                  |  12|   0|   12|          0|
    |ap_port_reg_p_read15                                                    |  12|   0|   12|          0|
    |ap_port_reg_p_read1546                                                  |  12|   0|   12|          0|
    |ap_port_reg_p_read16                                                    |  12|   0|   12|          0|
    |ap_port_reg_p_read1647                                                  |  12|   0|   12|          0|
    |ap_port_reg_p_read17                                                    |  12|   0|   12|          0|
    |ap_port_reg_p_read1748                                                  |  12|   0|   12|          0|
    |ap_port_reg_p_read18                                                    |  12|   0|   12|          0|
    |ap_port_reg_p_read1849                                                  |  12|   0|   12|          0|
    |ap_port_reg_p_read19                                                    |  12|   0|   12|          0|
    |ap_port_reg_p_read1950                                                  |  12|   0|   12|          0|
    |ap_port_reg_p_read2                                                     |  12|   0|   12|          0|
    |ap_port_reg_p_read20                                                    |  12|   0|   12|          0|
    |ap_port_reg_p_read2051                                                  |  12|   0|   12|          0|
    |ap_port_reg_p_read21                                                    |  12|   0|   12|          0|
    |ap_port_reg_p_read2152                                                  |  12|   0|   12|          0|
    |ap_port_reg_p_read22                                                    |  12|   0|   12|          0|
    |ap_port_reg_p_read2253                                                  |  12|   0|   12|          0|
    |ap_port_reg_p_read23                                                    |  12|   0|   12|          0|
    |ap_port_reg_p_read233                                                   |  12|   0|   12|          0|
    |ap_port_reg_p_read2354                                                  |  12|   0|   12|          0|
    |ap_port_reg_p_read24                                                    |  12|   0|   12|          0|
    |ap_port_reg_p_read2455                                                  |  12|   0|   12|          0|
    |ap_port_reg_p_read25                                                    |  12|   0|   12|          0|
    |ap_port_reg_p_read2556                                                  |  12|   0|   12|          0|
    |ap_port_reg_p_read26                                                    |  12|   0|   12|          0|
    |ap_port_reg_p_read2657                                                  |  12|   0|   12|          0|
    |ap_port_reg_p_read27                                                    |  12|   0|   12|          0|
    |ap_port_reg_p_read2758                                                  |  12|   0|   12|          0|
    |ap_port_reg_p_read28                                                    |  12|   0|   12|          0|
    |ap_port_reg_p_read2859                                                  |  12|   0|   12|          0|
    |ap_port_reg_p_read29                                                    |  12|   0|   12|          0|
    |ap_port_reg_p_read2960                                                  |  12|   0|   12|          0|
    |ap_port_reg_p_read3                                                     |  12|   0|   12|          0|
    |ap_port_reg_p_read30                                                    |  12|   0|   12|          0|
    |ap_port_reg_p_read3061                                                  |  12|   0|   12|          0|
    |ap_port_reg_p_read31                                                    |  12|   0|   12|          0|
    |ap_port_reg_p_read3162                                                  |  12|   0|   12|          0|
    |ap_port_reg_p_read32                                                    |  12|   0|   12|          0|
    |ap_port_reg_p_read334                                                   |  12|   0|   12|          0|
    |ap_port_reg_p_read4                                                     |  12|   0|   12|          0|
    |ap_port_reg_p_read435                                                   |  12|   0|   12|          0|
    |ap_port_reg_p_read5                                                     |  12|   0|   12|          0|
    |ap_port_reg_p_read536                                                   |  12|   0|   12|          0|
    |ap_port_reg_p_read6                                                     |  12|   0|   12|          0|
    |ap_port_reg_p_read637                                                   |  12|   0|   12|          0|
    |ap_port_reg_p_read7                                                     |  12|   0|   12|          0|
    |ap_port_reg_p_read738                                                   |  12|   0|   12|          0|
    |ap_port_reg_p_read8                                                     |  12|   0|   12|          0|
    |ap_port_reg_p_read839                                                   |  12|   0|   12|          0|
    |ap_port_reg_p_read9                                                     |  12|   0|   12|          0|
    |ap_port_reg_p_read940                                                   |  12|   0|   12|          0|
    |bestDisp_reg_2671                                                       |   5|   0|    5|          0|
    |grp_aggregate_paths_and_select_fu_1129_ap_start_reg                     |   1|   0|    1|          0|
    |grp_reduce_min_vec_fu_1025_ap_start_reg                                 |   1|   0|    1|          0|
    |grp_reduce_min_vec_fu_1061_ap_start_reg                                 |   1|   0|    1|          0|
    |p_ZZ10sgm_kernelRN3hls6streamI7ap_uintILi8EELi0EEES4_S4_E9aggLR_arr_10  |  12|   0|   12|          0|
    |p_ZZ10sgm_kernelRN3hls6streamI7ap_uintILi8EELi0EEES4_S4_E9aggLR_arr_11  |  12|   0|   12|          0|
    |p_ZZ10sgm_kernelRN3hls6streamI7ap_uintILi8EELi0EEES4_S4_E9aggLR_arr_12  |  12|   0|   12|          0|
    |p_ZZ10sgm_kernelRN3hls6streamI7ap_uintILi8EELi0EEES4_S4_E9aggLR_arr_13  |  12|   0|   12|          0|
    |p_ZZ10sgm_kernelRN3hls6streamI7ap_uintILi8EELi0EEES4_S4_E9aggLR_arr_14  |  12|   0|   12|          0|
    |p_ZZ10sgm_kernelRN3hls6streamI7ap_uintILi8EELi0EEES4_S4_E9aggLR_arr_15  |  12|   0|   12|          0|
    |p_ZZ10sgm_kernelRN3hls6streamI7ap_uintILi8EELi0EEES4_S4_E9aggLR_arr_16  |  12|   0|   12|          0|
    |p_ZZ10sgm_kernelRN3hls6streamI7ap_uintILi8EELi0EEES4_S4_E9aggLR_arr_17  |  12|   0|   12|          0|
    |p_ZZ10sgm_kernelRN3hls6streamI7ap_uintILi8EELi0EEES4_S4_E9aggLR_arr_18  |  12|   0|   12|          0|
    |p_ZZ10sgm_kernelRN3hls6streamI7ap_uintILi8EELi0EEES4_S4_E9aggLR_arr_19  |  12|   0|   12|          0|
    |p_ZZ10sgm_kernelRN3hls6streamI7ap_uintILi8EELi0EEES4_S4_E9aggLR_arr_20  |  12|   0|   12|          0|
    |p_ZZ10sgm_kernelRN3hls6streamI7ap_uintILi8EELi0EEES4_S4_E9aggLR_arr_21  |  12|   0|   12|          0|
    |p_ZZ10sgm_kernelRN3hls6streamI7ap_uintILi8EELi0EEES4_S4_E9aggLR_arr_22  |  12|   0|   12|          0|
    |p_ZZ10sgm_kernelRN3hls6streamI7ap_uintILi8EELi0EEES4_S4_E9aggLR_arr_23  |  12|   0|   12|          0|
    |p_ZZ10sgm_kernelRN3hls6streamI7ap_uintILi8EELi0EEES4_S4_E9aggLR_arr_24  |  12|   0|   12|          0|
    |p_ZZ10sgm_kernelRN3hls6streamI7ap_uintILi8EELi0EEES4_S4_E9aggLR_arr_25  |  12|   0|   12|          0|
    |p_ZZ10sgm_kernelRN3hls6streamI7ap_uintILi8EELi0EEES4_S4_E9aggLR_arr_26  |  12|   0|   12|          0|
    |p_ZZ10sgm_kernelRN3hls6streamI7ap_uintILi8EELi0EEES4_S4_E9aggLR_arr_27  |  12|   0|   12|          0|
    |p_ZZ10sgm_kernelRN3hls6streamI7ap_uintILi8EELi0EEES4_S4_E9aggLR_arr_28  |  12|   0|   12|          0|
    |p_ZZ10sgm_kernelRN3hls6streamI7ap_uintILi8EELi0EEES4_S4_E9aggLR_arr_29  |  12|   0|   12|          0|
    |p_ZZ10sgm_kernelRN3hls6streamI7ap_uintILi8EELi0EEES4_S4_E9aggLR_arr_30  |  12|   0|   12|          0|
    |p_ZZ10sgm_kernelRN3hls6streamI7ap_uintILi8EELi0EEES4_S4_E9aggLR_arr_31  |  12|   0|   12|          0|
    |p_ZZ10sgm_kernelRN3hls6streamI7ap_uintILi8EELi0EEES4_S4_E9aggTB_arr_10  |  12|   0|   12|          0|
    |p_ZZ10sgm_kernelRN3hls6streamI7ap_uintILi8EELi0EEES4_S4_E9aggTB_arr_11  |  12|   0|   12|          0|
    |p_ZZ10sgm_kernelRN3hls6streamI7ap_uintILi8EELi0EEES4_S4_E9aggTB_arr_12  |  12|   0|   12|          0|
    |p_ZZ10sgm_kernelRN3hls6streamI7ap_uintILi8EELi0EEES4_S4_E9aggTB_arr_13  |  12|   0|   12|          0|
    |p_ZZ10sgm_kernelRN3hls6streamI7ap_uintILi8EELi0EEES4_S4_E9aggTB_arr_14  |  12|   0|   12|          0|
    |p_ZZ10sgm_kernelRN3hls6streamI7ap_uintILi8EELi0EEES4_S4_E9aggTB_arr_15  |  12|   0|   12|          0|
    |p_ZZ10sgm_kernelRN3hls6streamI7ap_uintILi8EELi0EEES4_S4_E9aggTB_arr_16  |  12|   0|   12|          0|
    |p_ZZ10sgm_kernelRN3hls6streamI7ap_uintILi8EELi0EEES4_S4_E9aggTB_arr_17  |  12|   0|   12|          0|
    |p_ZZ10sgm_kernelRN3hls6streamI7ap_uintILi8EELi0EEES4_S4_E9aggTB_arr_18  |  12|   0|   12|          0|
    |p_ZZ10sgm_kernelRN3hls6streamI7ap_uintILi8EELi0EEES4_S4_E9aggTB_arr_19  |  12|   0|   12|          0|
    |p_ZZ10sgm_kernelRN3hls6streamI7ap_uintILi8EELi0EEES4_S4_E9aggTB_arr_20  |  12|   0|   12|          0|
    |p_ZZ10sgm_kernelRN3hls6streamI7ap_uintILi8EELi0EEES4_S4_E9aggTB_arr_21  |  12|   0|   12|          0|
    |p_ZZ10sgm_kernelRN3hls6streamI7ap_uintILi8EELi0EEES4_S4_E9aggTB_arr_22  |  12|   0|   12|          0|
    |p_ZZ10sgm_kernelRN3hls6streamI7ap_uintILi8EELi0EEES4_S4_E9aggTB_arr_23  |  12|   0|   12|          0|
    |p_ZZ10sgm_kernelRN3hls6streamI7ap_uintILi8EELi0EEES4_S4_E9aggTB_arr_24  |  12|   0|   12|          0|
    |p_ZZ10sgm_kernelRN3hls6streamI7ap_uintILi8EELi0EEES4_S4_E9aggTB_arr_25  |  12|   0|   12|          0|
    |p_ZZ10sgm_kernelRN3hls6streamI7ap_uintILi8EELi0EEES4_S4_E9aggTB_arr_26  |  12|   0|   12|          0|
    |p_ZZ10sgm_kernelRN3hls6streamI7ap_uintILi8EELi0EEES4_S4_E9aggTB_arr_27  |  12|   0|   12|          0|
    |p_ZZ10sgm_kernelRN3hls6streamI7ap_uintILi8EELi0EEES4_S4_E9aggTB_arr_28  |  12|   0|   12|          0|
    |p_ZZ10sgm_kernelRN3hls6streamI7ap_uintILi8EELi0EEES4_S4_E9aggTB_arr_29  |  12|   0|   12|          0|
    |p_ZZ10sgm_kernelRN3hls6streamI7ap_uintILi8EELi0EEES4_S4_E9aggTB_arr_30  |  12|   0|   12|          0|
    |p_ZZ10sgm_kernelRN3hls6streamI7ap_uintILi8EELi0EEES4_S4_E9aggTB_arr_31  |  12|   0|   12|          0|
    |p_read_38_reg_2147                                                      |  12|   0|   12|          0|
    |p_read_39_reg_2154                                                      |  12|   0|   12|          0|
    |p_read_40_reg_2161                                                      |  12|   0|   12|          0|
    |p_read_41_reg_2168                                                      |  12|   0|   12|          0|
    |p_read_42_reg_2175                                                      |  12|   0|   12|          0|
    |p_read_43_reg_2182                                                      |  12|   0|   12|          0|
    |p_read_44_reg_2189                                                      |  12|   0|   12|          0|
    |p_read_45_reg_2196                                                      |  12|   0|   12|          0|
    |p_read_46_reg_2203                                                      |  12|   0|   12|          0|
    |p_read_47_reg_2210                                                      |  12|   0|   12|          0|
    |p_read_48_reg_2217                                                      |  12|   0|   12|          0|
    |p_read_49_reg_2224                                                      |  12|   0|   12|          0|
    |p_read_50_reg_2231                                                      |  12|   0|   12|          0|
    |p_read_51_reg_2238                                                      |  12|   0|   12|          0|
    |p_read_52_reg_2245                                                      |  12|   0|   12|          0|
    |p_read_53_reg_2252                                                      |  12|   0|   12|          0|
    |p_read_54_reg_2259                                                      |  12|   0|   12|          0|
    |p_read_55_reg_2266                                                      |  12|   0|   12|          0|
    |p_read_56_reg_2273                                                      |  12|   0|   12|          0|
    |p_read_57_reg_2280                                                      |  12|   0|   12|          0|
    |p_read_58_reg_2287                                                      |  12|   0|   12|          0|
    |p_read_59_reg_2294                                                      |  12|   0|   12|          0|
    |p_read_60_reg_2301                                                      |  12|   0|   12|          0|
    |p_read_61_reg_2308                                                      |  12|   0|   12|          0|
    |p_read_62_reg_2315                                                      |  12|   0|   12|          0|
    |p_read_63_reg_2322                                                      |  12|   0|   12|          0|
    |p_read_64_reg_2329                                                      |  12|   0|   12|          0|
    |p_read_65_reg_2336                                                      |  12|   0|   12|          0|
    |p_read_66_reg_2343                                                      |  12|   0|   12|          0|
    |p_read_67_reg_2350                                                      |  12|   0|   12|          0|
    |p_read_68_reg_2357                                                      |  12|   0|   12|          0|
    |p_read_69_reg_2364                                                      |  12|   0|   12|          0|
    |pkt_valid_val_read_reg_2143                                             |   1|   0|    1|          0|
    |sgm_kernel_stream_stream_ap_uint_8_0_stream_ap_uint_8_0_aggLR_arr       |  12|   0|   12|          0|
    |sgm_kernel_stream_stream_ap_uint_8_0_stream_ap_uint_8_0_aggLR_arr_1     |  12|   0|   12|          0|
    |sgm_kernel_stream_stream_ap_uint_8_0_stream_ap_uint_8_0_aggLR_arr_2     |  12|   0|   12|          0|
    |sgm_kernel_stream_stream_ap_uint_8_0_stream_ap_uint_8_0_aggLR_arr_3     |  12|   0|   12|          0|
    |sgm_kernel_stream_stream_ap_uint_8_0_stream_ap_uint_8_0_aggLR_arr_4     |  12|   0|   12|          0|
    |sgm_kernel_stream_stream_ap_uint_8_0_stream_ap_uint_8_0_aggLR_arr_5     |  12|   0|   12|          0|
    |sgm_kernel_stream_stream_ap_uint_8_0_stream_ap_uint_8_0_aggLR_arr_6     |  12|   0|   12|          0|
    |sgm_kernel_stream_stream_ap_uint_8_0_stream_ap_uint_8_0_aggLR_arr_7     |  12|   0|   12|          0|
    |sgm_kernel_stream_stream_ap_uint_8_0_stream_ap_uint_8_0_aggLR_arr_8     |  12|   0|   12|          0|
    |sgm_kernel_stream_stream_ap_uint_8_0_stream_ap_uint_8_0_aggLR_arr_9     |  12|   0|   12|          0|
    |sgm_kernel_stream_stream_ap_uint_8_0_stream_ap_uint_8_0_aggTB_arr       |  12|   0|   12|          0|
    |sgm_kernel_stream_stream_ap_uint_8_0_stream_ap_uint_8_0_aggTB_arr_1     |  12|   0|   12|          0|
    |sgm_kernel_stream_stream_ap_uint_8_0_stream_ap_uint_8_0_aggTB_arr_2     |  12|   0|   12|          0|
    |sgm_kernel_stream_stream_ap_uint_8_0_stream_ap_uint_8_0_aggTB_arr_3     |  12|   0|   12|          0|
    |sgm_kernel_stream_stream_ap_uint_8_0_stream_ap_uint_8_0_aggTB_arr_4     |  12|   0|   12|          0|
    |sgm_kernel_stream_stream_ap_uint_8_0_stream_ap_uint_8_0_aggTB_arr_5     |  12|   0|   12|          0|
    |sgm_kernel_stream_stream_ap_uint_8_0_stream_ap_uint_8_0_aggTB_arr_6     |  12|   0|   12|          0|
    |sgm_kernel_stream_stream_ap_uint_8_0_stream_ap_uint_8_0_aggTB_arr_7     |  12|   0|   12|          0|
    |sgm_kernel_stream_stream_ap_uint_8_0_stream_ap_uint_8_0_aggTB_arr_8     |  12|   0|   12|          0|
    |sgm_kernel_stream_stream_ap_uint_8_0_stream_ap_uint_8_0_aggTB_arr_9     |  12|   0|   12|          0|
    +------------------------------------------------------------------------+----+----+-----+-----------+
    |Total                                                                   |2723|   0| 2723|          0|
    +------------------------------------------------------------------------+----+----+-----+-----------+



================================================================
== Interface
================================================================
* Summary: 
+---------------------------------------------------------------------------------+-----+-----+------------+------------------------------------------------------------------------+--------------+
|                                    RTL Ports                                    | Dir | Bits|  Protocol  |                              Source Object                             |    C Type    |
+---------------------------------------------------------------------------------+-----+-----+------------+------------------------------------------------------------------------+--------------+
|ap_clk                                                                           |   in|    1|  ap_ctrl_hs|                                                             col_backend|  return value|
|ap_rst                                                                           |   in|    1|  ap_ctrl_hs|                                                             col_backend|  return value|
|ap_start                                                                         |   in|    1|  ap_ctrl_hs|                                                             col_backend|  return value|
|ap_done                                                                          |  out|    1|  ap_ctrl_hs|                                                             col_backend|  return value|
|ap_idle                                                                          |  out|    1|  ap_ctrl_hs|                                                             col_backend|  return value|
|ap_ready                                                                         |  out|    1|  ap_ctrl_hs|                                                             col_backend|  return value|
|ap_ce                                                                            |   in|    1|  ap_ctrl_hs|                                                             col_backend|  return value|
|ap_return_0                                                                      |  out|    8|  ap_ctrl_hs|                                                             col_backend|  return value|
|ap_return_1                                                                      |  out|   12|  ap_ctrl_hs|                                                             col_backend|  return value|
|ap_return_2                                                                      |  out|   12|  ap_ctrl_hs|                                                             col_backend|  return value|
|ap_return_3                                                                      |  out|   12|  ap_ctrl_hs|                                                             col_backend|  return value|
|ap_return_4                                                                      |  out|   12|  ap_ctrl_hs|                                                             col_backend|  return value|
|ap_return_5                                                                      |  out|   12|  ap_ctrl_hs|                                                             col_backend|  return value|
|ap_return_6                                                                      |  out|   12|  ap_ctrl_hs|                                                             col_backend|  return value|
|ap_return_7                                                                      |  out|   12|  ap_ctrl_hs|                                                             col_backend|  return value|
|ap_return_8                                                                      |  out|   12|  ap_ctrl_hs|                                                             col_backend|  return value|
|ap_return_9                                                                      |  out|   12|  ap_ctrl_hs|                                                             col_backend|  return value|
|ap_return_10                                                                     |  out|   12|  ap_ctrl_hs|                                                             col_backend|  return value|
|ap_return_11                                                                     |  out|   12|  ap_ctrl_hs|                                                             col_backend|  return value|
|ap_return_12                                                                     |  out|   12|  ap_ctrl_hs|                                                             col_backend|  return value|
|ap_return_13                                                                     |  out|   12|  ap_ctrl_hs|                                                             col_backend|  return value|
|ap_return_14                                                                     |  out|   12|  ap_ctrl_hs|                                                             col_backend|  return value|
|ap_return_15                                                                     |  out|   12|  ap_ctrl_hs|                                                             col_backend|  return value|
|ap_return_16                                                                     |  out|   12|  ap_ctrl_hs|                                                             col_backend|  return value|
|ap_return_17                                                                     |  out|   12|  ap_ctrl_hs|                                                             col_backend|  return value|
|ap_return_18                                                                     |  out|   12|  ap_ctrl_hs|                                                             col_backend|  return value|
|ap_return_19                                                                     |  out|   12|  ap_ctrl_hs|                                                             col_backend|  return value|
|ap_return_20                                                                     |  out|   12|  ap_ctrl_hs|                                                             col_backend|  return value|
|ap_return_21                                                                     |  out|   12|  ap_ctrl_hs|                                                             col_backend|  return value|
|ap_return_22                                                                     |  out|   12|  ap_ctrl_hs|                                                             col_backend|  return value|
|ap_return_23                                                                     |  out|   12|  ap_ctrl_hs|                                                             col_backend|  return value|
|ap_return_24                                                                     |  out|   12|  ap_ctrl_hs|                                                             col_backend|  return value|
|ap_return_25                                                                     |  out|   12|  ap_ctrl_hs|                                                             col_backend|  return value|
|ap_return_26                                                                     |  out|   12|  ap_ctrl_hs|                                                             col_backend|  return value|
|ap_return_27                                                                     |  out|   12|  ap_ctrl_hs|                                                             col_backend|  return value|
|ap_return_28                                                                     |  out|   12|  ap_ctrl_hs|                                                             col_backend|  return value|
|ap_return_29                                                                     |  out|   12|  ap_ctrl_hs|                                                             col_backend|  return value|
|ap_return_30                                                                     |  out|   12|  ap_ctrl_hs|                                                             col_backend|  return value|
|ap_return_31                                                                     |  out|   12|  ap_ctrl_hs|                                                             col_backend|  return value|
|ap_return_32                                                                     |  out|   12|  ap_ctrl_hs|                                                             col_backend|  return value|
|pkt_valid_val                                                                    |   in|    1|     ap_none|                                                           pkt_valid_val|        scalar|
|p_read                                                                           |   in|   12|     ap_none|                                                                  p_read|        scalar|
|p_read1                                                                          |   in|   12|     ap_none|                                                                 p_read1|        scalar|
|p_read2                                                                          |   in|   12|     ap_none|                                                                 p_read2|        scalar|
|p_read3                                                                          |   in|   12|     ap_none|                                                                 p_read3|        scalar|
|p_read4                                                                          |   in|   12|     ap_none|                                                                 p_read4|        scalar|
|p_read5                                                                          |   in|   12|     ap_none|                                                                 p_read5|        scalar|
|p_read6                                                                          |   in|   12|     ap_none|                                                                 p_read6|        scalar|
|p_read7                                                                          |   in|   12|     ap_none|                                                                 p_read7|        scalar|
|p_read8                                                                          |   in|   12|     ap_none|                                                                 p_read8|        scalar|
|p_read9                                                                          |   in|   12|     ap_none|                                                                 p_read9|        scalar|
|p_read10                                                                         |   in|   12|     ap_none|                                                                p_read10|        scalar|
|p_read11                                                                         |   in|   12|     ap_none|                                                                p_read11|        scalar|
|p_read12                                                                         |   in|   12|     ap_none|                                                                p_read12|        scalar|
|p_read13                                                                         |   in|   12|     ap_none|                                                                p_read13|        scalar|
|p_read14                                                                         |   in|   12|     ap_none|                                                                p_read14|        scalar|
|p_read15                                                                         |   in|   12|     ap_none|                                                                p_read15|        scalar|
|p_read16                                                                         |   in|   12|     ap_none|                                                                p_read16|        scalar|
|p_read17                                                                         |   in|   12|     ap_none|                                                                p_read17|        scalar|
|p_read18                                                                         |   in|   12|     ap_none|                                                                p_read18|        scalar|
|p_read19                                                                         |   in|   12|     ap_none|                                                                p_read19|        scalar|
|p_read20                                                                         |   in|   12|     ap_none|                                                                p_read20|        scalar|
|p_read21                                                                         |   in|   12|     ap_none|                                                                p_read21|        scalar|
|p_read22                                                                         |   in|   12|     ap_none|                                                                p_read22|        scalar|
|p_read23                                                                         |   in|   12|     ap_none|                                                                p_read23|        scalar|
|p_read24                                                                         |   in|   12|     ap_none|                                                                p_read24|        scalar|
|p_read25                                                                         |   in|   12|     ap_none|                                                                p_read25|        scalar|
|p_read26                                                                         |   in|   12|     ap_none|                                                                p_read26|        scalar|
|p_read27                                                                         |   in|   12|     ap_none|                                                                p_read27|        scalar|
|p_read28                                                                         |   in|   12|     ap_none|                                                                p_read28|        scalar|
|p_read29                                                                         |   in|   12|     ap_none|                                                                p_read29|        scalar|
|p_read30                                                                         |   in|   12|     ap_none|                                                                p_read30|        scalar|
|p_read31                                                                         |   in|   12|     ap_none|                                                                p_read31|        scalar|
|p_read132                                                                        |   in|   12|     ap_none|                                                               p_read132|        scalar|
|p_read233                                                                        |   in|   12|     ap_none|                                                               p_read233|        scalar|
|p_read334                                                                        |   in|   12|     ap_none|                                                               p_read334|        scalar|
|p_read435                                                                        |   in|   12|     ap_none|                                                               p_read435|        scalar|
|p_read536                                                                        |   in|   12|     ap_none|                                                               p_read536|        scalar|
|p_read637                                                                        |   in|   12|     ap_none|                                                               p_read637|        scalar|
|p_read738                                                                        |   in|   12|     ap_none|                                                               p_read738|        scalar|
|p_read839                                                                        |   in|   12|     ap_none|                                                               p_read839|        scalar|
|p_read940                                                                        |   in|   12|     ap_none|                                                               p_read940|        scalar|
|p_read1041                                                                       |   in|   12|     ap_none|                                                              p_read1041|        scalar|
|p_read1142                                                                       |   in|   12|     ap_none|                                                              p_read1142|        scalar|
|p_read1243                                                                       |   in|   12|     ap_none|                                                              p_read1243|        scalar|
|p_read1344                                                                       |   in|   12|     ap_none|                                                              p_read1344|        scalar|
|p_read1445                                                                       |   in|   12|     ap_none|                                                              p_read1445|        scalar|
|p_read1546                                                                       |   in|   12|     ap_none|                                                              p_read1546|        scalar|
|p_read1647                                                                       |   in|   12|     ap_none|                                                              p_read1647|        scalar|
|p_read1748                                                                       |   in|   12|     ap_none|                                                              p_read1748|        scalar|
|p_read1849                                                                       |   in|   12|     ap_none|                                                              p_read1849|        scalar|
|p_read1950                                                                       |   in|   12|     ap_none|                                                              p_read1950|        scalar|
|p_read2051                                                                       |   in|   12|     ap_none|                                                              p_read2051|        scalar|
|p_read2152                                                                       |   in|   12|     ap_none|                                                              p_read2152|        scalar|
|p_read2253                                                                       |   in|   12|     ap_none|                                                              p_read2253|        scalar|
|p_read2354                                                                       |   in|   12|     ap_none|                                                              p_read2354|        scalar|
|p_read2455                                                                       |   in|   12|     ap_none|                                                              p_read2455|        scalar|
|p_read2556                                                                       |   in|   12|     ap_none|                                                              p_read2556|        scalar|
|p_read2657                                                                       |   in|   12|     ap_none|                                                              p_read2657|        scalar|
|p_read2758                                                                       |   in|   12|     ap_none|                                                              p_read2758|        scalar|
|p_read2859                                                                       |   in|   12|     ap_none|                                                              p_read2859|        scalar|
|p_read2960                                                                       |   in|   12|     ap_none|                                                              p_read2960|        scalar|
|p_read3061                                                                       |   in|   12|     ap_none|                                                              p_read3061|        scalar|
|p_read3162                                                                       |   in|   12|     ap_none|                                                              p_read3162|        scalar|
|p_read32                                                                         |   in|   12|     ap_none|                                                                p_read32|        scalar|
|sgm_kernel_stream_stream_ap_uint_8_0_stream_ap_uint_8_0_prevCostL_9_i            |   in|   12|     ap_ovld|     sgm_kernel_stream_stream_ap_uint_8_0_stream_ap_uint_8_0_prevCostL_9|       pointer|
|sgm_kernel_stream_stream_ap_uint_8_0_stream_ap_uint_8_0_prevCostL_9_o            |  out|   12|     ap_ovld|     sgm_kernel_stream_stream_ap_uint_8_0_stream_ap_uint_8_0_prevCostL_9|       pointer|
|sgm_kernel_stream_stream_ap_uint_8_0_stream_ap_uint_8_0_prevCostL_9_o_ap_vld     |  out|    1|     ap_ovld|     sgm_kernel_stream_stream_ap_uint_8_0_stream_ap_uint_8_0_prevCostL_9|       pointer|
|sgm_kernel_stream_stream_ap_uint_8_0_stream_ap_uint_8_0_prevCostL_8_i            |   in|   12|     ap_ovld|     sgm_kernel_stream_stream_ap_uint_8_0_stream_ap_uint_8_0_prevCostL_8|       pointer|
|sgm_kernel_stream_stream_ap_uint_8_0_stream_ap_uint_8_0_prevCostL_8_o            |  out|   12|     ap_ovld|     sgm_kernel_stream_stream_ap_uint_8_0_stream_ap_uint_8_0_prevCostL_8|       pointer|
|sgm_kernel_stream_stream_ap_uint_8_0_stream_ap_uint_8_0_prevCostL_8_o_ap_vld     |  out|    1|     ap_ovld|     sgm_kernel_stream_stream_ap_uint_8_0_stream_ap_uint_8_0_prevCostL_8|       pointer|
|sgm_kernel_stream_stream_ap_uint_8_0_stream_ap_uint_8_0_prevCostL_7_i            |   in|   12|     ap_ovld|     sgm_kernel_stream_stream_ap_uint_8_0_stream_ap_uint_8_0_prevCostL_7|       pointer|
|sgm_kernel_stream_stream_ap_uint_8_0_stream_ap_uint_8_0_prevCostL_7_o            |  out|   12|     ap_ovld|     sgm_kernel_stream_stream_ap_uint_8_0_stream_ap_uint_8_0_prevCostL_7|       pointer|
|sgm_kernel_stream_stream_ap_uint_8_0_stream_ap_uint_8_0_prevCostL_7_o_ap_vld     |  out|    1|     ap_ovld|     sgm_kernel_stream_stream_ap_uint_8_0_stream_ap_uint_8_0_prevCostL_7|       pointer|
|sgm_kernel_stream_stream_ap_uint_8_0_stream_ap_uint_8_0_prevCostL_6_i            |   in|   12|     ap_ovld|     sgm_kernel_stream_stream_ap_uint_8_0_stream_ap_uint_8_0_prevCostL_6|       pointer|
|sgm_kernel_stream_stream_ap_uint_8_0_stream_ap_uint_8_0_prevCostL_6_o            |  out|   12|     ap_ovld|     sgm_kernel_stream_stream_ap_uint_8_0_stream_ap_uint_8_0_prevCostL_6|       pointer|
|sgm_kernel_stream_stream_ap_uint_8_0_stream_ap_uint_8_0_prevCostL_6_o_ap_vld     |  out|    1|     ap_ovld|     sgm_kernel_stream_stream_ap_uint_8_0_stream_ap_uint_8_0_prevCostL_6|       pointer|
|sgm_kernel_stream_stream_ap_uint_8_0_stream_ap_uint_8_0_prevCostL_5_i            |   in|   12|     ap_ovld|     sgm_kernel_stream_stream_ap_uint_8_0_stream_ap_uint_8_0_prevCostL_5|       pointer|
|sgm_kernel_stream_stream_ap_uint_8_0_stream_ap_uint_8_0_prevCostL_5_o            |  out|   12|     ap_ovld|     sgm_kernel_stream_stream_ap_uint_8_0_stream_ap_uint_8_0_prevCostL_5|       pointer|
|sgm_kernel_stream_stream_ap_uint_8_0_stream_ap_uint_8_0_prevCostL_5_o_ap_vld     |  out|    1|     ap_ovld|     sgm_kernel_stream_stream_ap_uint_8_0_stream_ap_uint_8_0_prevCostL_5|       pointer|
|sgm_kernel_stream_stream_ap_uint_8_0_stream_ap_uint_8_0_prevCostL_4_i            |   in|   12|     ap_ovld|     sgm_kernel_stream_stream_ap_uint_8_0_stream_ap_uint_8_0_prevCostL_4|       pointer|
|sgm_kernel_stream_stream_ap_uint_8_0_stream_ap_uint_8_0_prevCostL_4_o            |  out|   12|     ap_ovld|     sgm_kernel_stream_stream_ap_uint_8_0_stream_ap_uint_8_0_prevCostL_4|       pointer|
|sgm_kernel_stream_stream_ap_uint_8_0_stream_ap_uint_8_0_prevCostL_4_o_ap_vld     |  out|    1|     ap_ovld|     sgm_kernel_stream_stream_ap_uint_8_0_stream_ap_uint_8_0_prevCostL_4|       pointer|
|sgm_kernel_stream_stream_ap_uint_8_0_stream_ap_uint_8_0_prevCostL_3_i            |   in|   12|     ap_ovld|     sgm_kernel_stream_stream_ap_uint_8_0_stream_ap_uint_8_0_prevCostL_3|       pointer|
|sgm_kernel_stream_stream_ap_uint_8_0_stream_ap_uint_8_0_prevCostL_3_o            |  out|   12|     ap_ovld|     sgm_kernel_stream_stream_ap_uint_8_0_stream_ap_uint_8_0_prevCostL_3|       pointer|
|sgm_kernel_stream_stream_ap_uint_8_0_stream_ap_uint_8_0_prevCostL_3_o_ap_vld     |  out|    1|     ap_ovld|     sgm_kernel_stream_stream_ap_uint_8_0_stream_ap_uint_8_0_prevCostL_3|       pointer|
|sgm_kernel_stream_stream_ap_uint_8_0_stream_ap_uint_8_0_prevCostL_2_i            |   in|   12|     ap_ovld|     sgm_kernel_stream_stream_ap_uint_8_0_stream_ap_uint_8_0_prevCostL_2|       pointer|
|sgm_kernel_stream_stream_ap_uint_8_0_stream_ap_uint_8_0_prevCostL_2_o            |  out|   12|     ap_ovld|     sgm_kernel_stream_stream_ap_uint_8_0_stream_ap_uint_8_0_prevCostL_2|       pointer|
|sgm_kernel_stream_stream_ap_uint_8_0_stream_ap_uint_8_0_prevCostL_2_o_ap_vld     |  out|    1|     ap_ovld|     sgm_kernel_stream_stream_ap_uint_8_0_stream_ap_uint_8_0_prevCostL_2|       pointer|
|sgm_kernel_stream_stream_ap_uint_8_0_stream_ap_uint_8_0_prevCostL_1_i            |   in|   12|     ap_ovld|     sgm_kernel_stream_stream_ap_uint_8_0_stream_ap_uint_8_0_prevCostL_1|       pointer|
|sgm_kernel_stream_stream_ap_uint_8_0_stream_ap_uint_8_0_prevCostL_1_o            |  out|   12|     ap_ovld|     sgm_kernel_stream_stream_ap_uint_8_0_stream_ap_uint_8_0_prevCostL_1|       pointer|
|sgm_kernel_stream_stream_ap_uint_8_0_stream_ap_uint_8_0_prevCostL_1_o_ap_vld     |  out|    1|     ap_ovld|     sgm_kernel_stream_stream_ap_uint_8_0_stream_ap_uint_8_0_prevCostL_1|       pointer|
|sgm_kernel_stream_stream_ap_uint_8_0_stream_ap_uint_8_0_prevCostL_i              |   in|   12|     ap_ovld|       sgm_kernel_stream_stream_ap_uint_8_0_stream_ap_uint_8_0_prevCostL|       pointer|
|sgm_kernel_stream_stream_ap_uint_8_0_stream_ap_uint_8_0_prevCostL_o              |  out|   12|     ap_ovld|       sgm_kernel_stream_stream_ap_uint_8_0_stream_ap_uint_8_0_prevCostL|       pointer|
|sgm_kernel_stream_stream_ap_uint_8_0_stream_ap_uint_8_0_prevCostL_o_ap_vld       |  out|    1|     ap_ovld|       sgm_kernel_stream_stream_ap_uint_8_0_stream_ap_uint_8_0_prevCostL|       pointer|
|p_ZZ10sgm_kernelRN3hls6streamI7ap_uintILi8EELi0EEES4_S4_E9prevCostL_10_i         |   in|   12|     ap_ovld|  p_ZZ10sgm_kernelRN3hls6streamI7ap_uintILi8EELi0EEES4_S4_E9prevCostL_10|       pointer|
|p_ZZ10sgm_kernelRN3hls6streamI7ap_uintILi8EELi0EEES4_S4_E9prevCostL_10_o         |  out|   12|     ap_ovld|  p_ZZ10sgm_kernelRN3hls6streamI7ap_uintILi8EELi0EEES4_S4_E9prevCostL_10|       pointer|
|p_ZZ10sgm_kernelRN3hls6streamI7ap_uintILi8EELi0EEES4_S4_E9prevCostL_10_o_ap_vld  |  out|    1|     ap_ovld|  p_ZZ10sgm_kernelRN3hls6streamI7ap_uintILi8EELi0EEES4_S4_E9prevCostL_10|       pointer|
|p_ZZ10sgm_kernelRN3hls6streamI7ap_uintILi8EELi0EEES4_S4_E9prevCostL_11_i         |   in|   12|     ap_ovld|  p_ZZ10sgm_kernelRN3hls6streamI7ap_uintILi8EELi0EEES4_S4_E9prevCostL_11|       pointer|
|p_ZZ10sgm_kernelRN3hls6streamI7ap_uintILi8EELi0EEES4_S4_E9prevCostL_11_o         |  out|   12|     ap_ovld|  p_ZZ10sgm_kernelRN3hls6streamI7ap_uintILi8EELi0EEES4_S4_E9prevCostL_11|       pointer|
|p_ZZ10sgm_kernelRN3hls6streamI7ap_uintILi8EELi0EEES4_S4_E9prevCostL_11_o_ap_vld  |  out|    1|     ap_ovld|  p_ZZ10sgm_kernelRN3hls6streamI7ap_uintILi8EELi0EEES4_S4_E9prevCostL_11|       pointer|
|p_ZZ10sgm_kernelRN3hls6streamI7ap_uintILi8EELi0EEES4_S4_E9prevCostL_12_i         |   in|   12|     ap_ovld|  p_ZZ10sgm_kernelRN3hls6streamI7ap_uintILi8EELi0EEES4_S4_E9prevCostL_12|       pointer|
|p_ZZ10sgm_kernelRN3hls6streamI7ap_uintILi8EELi0EEES4_S4_E9prevCostL_12_o         |  out|   12|     ap_ovld|  p_ZZ10sgm_kernelRN3hls6streamI7ap_uintILi8EELi0EEES4_S4_E9prevCostL_12|       pointer|
|p_ZZ10sgm_kernelRN3hls6streamI7ap_uintILi8EELi0EEES4_S4_E9prevCostL_12_o_ap_vld  |  out|    1|     ap_ovld|  p_ZZ10sgm_kernelRN3hls6streamI7ap_uintILi8EELi0EEES4_S4_E9prevCostL_12|       pointer|
|p_ZZ10sgm_kernelRN3hls6streamI7ap_uintILi8EELi0EEES4_S4_E9prevCostL_13_i         |   in|   12|     ap_ovld|  p_ZZ10sgm_kernelRN3hls6streamI7ap_uintILi8EELi0EEES4_S4_E9prevCostL_13|       pointer|
|p_ZZ10sgm_kernelRN3hls6streamI7ap_uintILi8EELi0EEES4_S4_E9prevCostL_13_o         |  out|   12|     ap_ovld|  p_ZZ10sgm_kernelRN3hls6streamI7ap_uintILi8EELi0EEES4_S4_E9prevCostL_13|       pointer|
|p_ZZ10sgm_kernelRN3hls6streamI7ap_uintILi8EELi0EEES4_S4_E9prevCostL_13_o_ap_vld  |  out|    1|     ap_ovld|  p_ZZ10sgm_kernelRN3hls6streamI7ap_uintILi8EELi0EEES4_S4_E9prevCostL_13|       pointer|
|p_ZZ10sgm_kernelRN3hls6streamI7ap_uintILi8EELi0EEES4_S4_E9prevCostL_14_i         |   in|   12|     ap_ovld|  p_ZZ10sgm_kernelRN3hls6streamI7ap_uintILi8EELi0EEES4_S4_E9prevCostL_14|       pointer|
|p_ZZ10sgm_kernelRN3hls6streamI7ap_uintILi8EELi0EEES4_S4_E9prevCostL_14_o         |  out|   12|     ap_ovld|  p_ZZ10sgm_kernelRN3hls6streamI7ap_uintILi8EELi0EEES4_S4_E9prevCostL_14|       pointer|
|p_ZZ10sgm_kernelRN3hls6streamI7ap_uintILi8EELi0EEES4_S4_E9prevCostL_14_o_ap_vld  |  out|    1|     ap_ovld|  p_ZZ10sgm_kernelRN3hls6streamI7ap_uintILi8EELi0EEES4_S4_E9prevCostL_14|       pointer|
|p_ZZ10sgm_kernelRN3hls6streamI7ap_uintILi8EELi0EEES4_S4_E9prevCostL_15_i         |   in|   12|     ap_ovld|  p_ZZ10sgm_kernelRN3hls6streamI7ap_uintILi8EELi0EEES4_S4_E9prevCostL_15|       pointer|
|p_ZZ10sgm_kernelRN3hls6streamI7ap_uintILi8EELi0EEES4_S4_E9prevCostL_15_o         |  out|   12|     ap_ovld|  p_ZZ10sgm_kernelRN3hls6streamI7ap_uintILi8EELi0EEES4_S4_E9prevCostL_15|       pointer|
|p_ZZ10sgm_kernelRN3hls6streamI7ap_uintILi8EELi0EEES4_S4_E9prevCostL_15_o_ap_vld  |  out|    1|     ap_ovld|  p_ZZ10sgm_kernelRN3hls6streamI7ap_uintILi8EELi0EEES4_S4_E9prevCostL_15|       pointer|
|p_ZZ10sgm_kernelRN3hls6streamI7ap_uintILi8EELi0EEES4_S4_E9prevCostL_16_i         |   in|   12|     ap_ovld|  p_ZZ10sgm_kernelRN3hls6streamI7ap_uintILi8EELi0EEES4_S4_E9prevCostL_16|       pointer|
|p_ZZ10sgm_kernelRN3hls6streamI7ap_uintILi8EELi0EEES4_S4_E9prevCostL_16_o         |  out|   12|     ap_ovld|  p_ZZ10sgm_kernelRN3hls6streamI7ap_uintILi8EELi0EEES4_S4_E9prevCostL_16|       pointer|
|p_ZZ10sgm_kernelRN3hls6streamI7ap_uintILi8EELi0EEES4_S4_E9prevCostL_16_o_ap_vld  |  out|    1|     ap_ovld|  p_ZZ10sgm_kernelRN3hls6streamI7ap_uintILi8EELi0EEES4_S4_E9prevCostL_16|       pointer|
|p_ZZ10sgm_kernelRN3hls6streamI7ap_uintILi8EELi0EEES4_S4_E9prevCostL_17_i         |   in|   12|     ap_ovld|  p_ZZ10sgm_kernelRN3hls6streamI7ap_uintILi8EELi0EEES4_S4_E9prevCostL_17|       pointer|
|p_ZZ10sgm_kernelRN3hls6streamI7ap_uintILi8EELi0EEES4_S4_E9prevCostL_17_o         |  out|   12|     ap_ovld|  p_ZZ10sgm_kernelRN3hls6streamI7ap_uintILi8EELi0EEES4_S4_E9prevCostL_17|       pointer|
|p_ZZ10sgm_kernelRN3hls6streamI7ap_uintILi8EELi0EEES4_S4_E9prevCostL_17_o_ap_vld  |  out|    1|     ap_ovld|  p_ZZ10sgm_kernelRN3hls6streamI7ap_uintILi8EELi0EEES4_S4_E9prevCostL_17|       pointer|
|p_ZZ10sgm_kernelRN3hls6streamI7ap_uintILi8EELi0EEES4_S4_E9prevCostL_18_i         |   in|   12|     ap_ovld|  p_ZZ10sgm_kernelRN3hls6streamI7ap_uintILi8EELi0EEES4_S4_E9prevCostL_18|       pointer|
|p_ZZ10sgm_kernelRN3hls6streamI7ap_uintILi8EELi0EEES4_S4_E9prevCostL_18_o         |  out|   12|     ap_ovld|  p_ZZ10sgm_kernelRN3hls6streamI7ap_uintILi8EELi0EEES4_S4_E9prevCostL_18|       pointer|
|p_ZZ10sgm_kernelRN3hls6streamI7ap_uintILi8EELi0EEES4_S4_E9prevCostL_18_o_ap_vld  |  out|    1|     ap_ovld|  p_ZZ10sgm_kernelRN3hls6streamI7ap_uintILi8EELi0EEES4_S4_E9prevCostL_18|       pointer|
|p_ZZ10sgm_kernelRN3hls6streamI7ap_uintILi8EELi0EEES4_S4_E9prevCostL_19_i         |   in|   12|     ap_ovld|  p_ZZ10sgm_kernelRN3hls6streamI7ap_uintILi8EELi0EEES4_S4_E9prevCostL_19|       pointer|
|p_ZZ10sgm_kernelRN3hls6streamI7ap_uintILi8EELi0EEES4_S4_E9prevCostL_19_o         |  out|   12|     ap_ovld|  p_ZZ10sgm_kernelRN3hls6streamI7ap_uintILi8EELi0EEES4_S4_E9prevCostL_19|       pointer|
|p_ZZ10sgm_kernelRN3hls6streamI7ap_uintILi8EELi0EEES4_S4_E9prevCostL_19_o_ap_vld  |  out|    1|     ap_ovld|  p_ZZ10sgm_kernelRN3hls6streamI7ap_uintILi8EELi0EEES4_S4_E9prevCostL_19|       pointer|
|p_ZZ10sgm_kernelRN3hls6streamI7ap_uintILi8EELi0EEES4_S4_E9prevCostL_20_i         |   in|   12|     ap_ovld|  p_ZZ10sgm_kernelRN3hls6streamI7ap_uintILi8EELi0EEES4_S4_E9prevCostL_20|       pointer|
|p_ZZ10sgm_kernelRN3hls6streamI7ap_uintILi8EELi0EEES4_S4_E9prevCostL_20_o         |  out|   12|     ap_ovld|  p_ZZ10sgm_kernelRN3hls6streamI7ap_uintILi8EELi0EEES4_S4_E9prevCostL_20|       pointer|
|p_ZZ10sgm_kernelRN3hls6streamI7ap_uintILi8EELi0EEES4_S4_E9prevCostL_20_o_ap_vld  |  out|    1|     ap_ovld|  p_ZZ10sgm_kernelRN3hls6streamI7ap_uintILi8EELi0EEES4_S4_E9prevCostL_20|       pointer|
|p_ZZ10sgm_kernelRN3hls6streamI7ap_uintILi8EELi0EEES4_S4_E9prevCostL_21_i         |   in|   12|     ap_ovld|  p_ZZ10sgm_kernelRN3hls6streamI7ap_uintILi8EELi0EEES4_S4_E9prevCostL_21|       pointer|
|p_ZZ10sgm_kernelRN3hls6streamI7ap_uintILi8EELi0EEES4_S4_E9prevCostL_21_o         |  out|   12|     ap_ovld|  p_ZZ10sgm_kernelRN3hls6streamI7ap_uintILi8EELi0EEES4_S4_E9prevCostL_21|       pointer|
|p_ZZ10sgm_kernelRN3hls6streamI7ap_uintILi8EELi0EEES4_S4_E9prevCostL_21_o_ap_vld  |  out|    1|     ap_ovld|  p_ZZ10sgm_kernelRN3hls6streamI7ap_uintILi8EELi0EEES4_S4_E9prevCostL_21|       pointer|
|p_ZZ10sgm_kernelRN3hls6streamI7ap_uintILi8EELi0EEES4_S4_E9prevCostL_22_i         |   in|   12|     ap_ovld|  p_ZZ10sgm_kernelRN3hls6streamI7ap_uintILi8EELi0EEES4_S4_E9prevCostL_22|       pointer|
|p_ZZ10sgm_kernelRN3hls6streamI7ap_uintILi8EELi0EEES4_S4_E9prevCostL_22_o         |  out|   12|     ap_ovld|  p_ZZ10sgm_kernelRN3hls6streamI7ap_uintILi8EELi0EEES4_S4_E9prevCostL_22|       pointer|
|p_ZZ10sgm_kernelRN3hls6streamI7ap_uintILi8EELi0EEES4_S4_E9prevCostL_22_o_ap_vld  |  out|    1|     ap_ovld|  p_ZZ10sgm_kernelRN3hls6streamI7ap_uintILi8EELi0EEES4_S4_E9prevCostL_22|       pointer|
|p_ZZ10sgm_kernelRN3hls6streamI7ap_uintILi8EELi0EEES4_S4_E9prevCostL_23_i         |   in|   12|     ap_ovld|  p_ZZ10sgm_kernelRN3hls6streamI7ap_uintILi8EELi0EEES4_S4_E9prevCostL_23|       pointer|
|p_ZZ10sgm_kernelRN3hls6streamI7ap_uintILi8EELi0EEES4_S4_E9prevCostL_23_o         |  out|   12|     ap_ovld|  p_ZZ10sgm_kernelRN3hls6streamI7ap_uintILi8EELi0EEES4_S4_E9prevCostL_23|       pointer|
|p_ZZ10sgm_kernelRN3hls6streamI7ap_uintILi8EELi0EEES4_S4_E9prevCostL_23_o_ap_vld  |  out|    1|     ap_ovld|  p_ZZ10sgm_kernelRN3hls6streamI7ap_uintILi8EELi0EEES4_S4_E9prevCostL_23|       pointer|
|p_ZZ10sgm_kernelRN3hls6streamI7ap_uintILi8EELi0EEES4_S4_E9prevCostL_24_i         |   in|   12|     ap_ovld|  p_ZZ10sgm_kernelRN3hls6streamI7ap_uintILi8EELi0EEES4_S4_E9prevCostL_24|       pointer|
|p_ZZ10sgm_kernelRN3hls6streamI7ap_uintILi8EELi0EEES4_S4_E9prevCostL_24_o         |  out|   12|     ap_ovld|  p_ZZ10sgm_kernelRN3hls6streamI7ap_uintILi8EELi0EEES4_S4_E9prevCostL_24|       pointer|
|p_ZZ10sgm_kernelRN3hls6streamI7ap_uintILi8EELi0EEES4_S4_E9prevCostL_24_o_ap_vld  |  out|    1|     ap_ovld|  p_ZZ10sgm_kernelRN3hls6streamI7ap_uintILi8EELi0EEES4_S4_E9prevCostL_24|       pointer|
|p_ZZ10sgm_kernelRN3hls6streamI7ap_uintILi8EELi0EEES4_S4_E9prevCostL_25_i         |   in|   12|     ap_ovld|  p_ZZ10sgm_kernelRN3hls6streamI7ap_uintILi8EELi0EEES4_S4_E9prevCostL_25|       pointer|
|p_ZZ10sgm_kernelRN3hls6streamI7ap_uintILi8EELi0EEES4_S4_E9prevCostL_25_o         |  out|   12|     ap_ovld|  p_ZZ10sgm_kernelRN3hls6streamI7ap_uintILi8EELi0EEES4_S4_E9prevCostL_25|       pointer|
|p_ZZ10sgm_kernelRN3hls6streamI7ap_uintILi8EELi0EEES4_S4_E9prevCostL_25_o_ap_vld  |  out|    1|     ap_ovld|  p_ZZ10sgm_kernelRN3hls6streamI7ap_uintILi8EELi0EEES4_S4_E9prevCostL_25|       pointer|
|p_ZZ10sgm_kernelRN3hls6streamI7ap_uintILi8EELi0EEES4_S4_E9prevCostL_26_i         |   in|   12|     ap_ovld|  p_ZZ10sgm_kernelRN3hls6streamI7ap_uintILi8EELi0EEES4_S4_E9prevCostL_26|       pointer|
|p_ZZ10sgm_kernelRN3hls6streamI7ap_uintILi8EELi0EEES4_S4_E9prevCostL_26_o         |  out|   12|     ap_ovld|  p_ZZ10sgm_kernelRN3hls6streamI7ap_uintILi8EELi0EEES4_S4_E9prevCostL_26|       pointer|
|p_ZZ10sgm_kernelRN3hls6streamI7ap_uintILi8EELi0EEES4_S4_E9prevCostL_26_o_ap_vld  |  out|    1|     ap_ovld|  p_ZZ10sgm_kernelRN3hls6streamI7ap_uintILi8EELi0EEES4_S4_E9prevCostL_26|       pointer|
|p_ZZ10sgm_kernelRN3hls6streamI7ap_uintILi8EELi0EEES4_S4_E9prevCostL_27_i         |   in|   12|     ap_ovld|  p_ZZ10sgm_kernelRN3hls6streamI7ap_uintILi8EELi0EEES4_S4_E9prevCostL_27|       pointer|
|p_ZZ10sgm_kernelRN3hls6streamI7ap_uintILi8EELi0EEES4_S4_E9prevCostL_27_o         |  out|   12|     ap_ovld|  p_ZZ10sgm_kernelRN3hls6streamI7ap_uintILi8EELi0EEES4_S4_E9prevCostL_27|       pointer|
|p_ZZ10sgm_kernelRN3hls6streamI7ap_uintILi8EELi0EEES4_S4_E9prevCostL_27_o_ap_vld  |  out|    1|     ap_ovld|  p_ZZ10sgm_kernelRN3hls6streamI7ap_uintILi8EELi0EEES4_S4_E9prevCostL_27|       pointer|
|p_ZZ10sgm_kernelRN3hls6streamI7ap_uintILi8EELi0EEES4_S4_E9prevCostL_28_i         |   in|   12|     ap_ovld|  p_ZZ10sgm_kernelRN3hls6streamI7ap_uintILi8EELi0EEES4_S4_E9prevCostL_28|       pointer|
|p_ZZ10sgm_kernelRN3hls6streamI7ap_uintILi8EELi0EEES4_S4_E9prevCostL_28_o         |  out|   12|     ap_ovld|  p_ZZ10sgm_kernelRN3hls6streamI7ap_uintILi8EELi0EEES4_S4_E9prevCostL_28|       pointer|
|p_ZZ10sgm_kernelRN3hls6streamI7ap_uintILi8EELi0EEES4_S4_E9prevCostL_28_o_ap_vld  |  out|    1|     ap_ovld|  p_ZZ10sgm_kernelRN3hls6streamI7ap_uintILi8EELi0EEES4_S4_E9prevCostL_28|       pointer|
|p_ZZ10sgm_kernelRN3hls6streamI7ap_uintILi8EELi0EEES4_S4_E9prevCostL_29_i         |   in|   12|     ap_ovld|  p_ZZ10sgm_kernelRN3hls6streamI7ap_uintILi8EELi0EEES4_S4_E9prevCostL_29|       pointer|
|p_ZZ10sgm_kernelRN3hls6streamI7ap_uintILi8EELi0EEES4_S4_E9prevCostL_29_o         |  out|   12|     ap_ovld|  p_ZZ10sgm_kernelRN3hls6streamI7ap_uintILi8EELi0EEES4_S4_E9prevCostL_29|       pointer|
|p_ZZ10sgm_kernelRN3hls6streamI7ap_uintILi8EELi0EEES4_S4_E9prevCostL_29_o_ap_vld  |  out|    1|     ap_ovld|  p_ZZ10sgm_kernelRN3hls6streamI7ap_uintILi8EELi0EEES4_S4_E9prevCostL_29|       pointer|
|p_ZZ10sgm_kernelRN3hls6streamI7ap_uintILi8EELi0EEES4_S4_E9prevCostL_30_i         |   in|   12|     ap_ovld|  p_ZZ10sgm_kernelRN3hls6streamI7ap_uintILi8EELi0EEES4_S4_E9prevCostL_30|       pointer|
|p_ZZ10sgm_kernelRN3hls6streamI7ap_uintILi8EELi0EEES4_S4_E9prevCostL_30_o         |  out|   12|     ap_ovld|  p_ZZ10sgm_kernelRN3hls6streamI7ap_uintILi8EELi0EEES4_S4_E9prevCostL_30|       pointer|
|p_ZZ10sgm_kernelRN3hls6streamI7ap_uintILi8EELi0EEES4_S4_E9prevCostL_30_o_ap_vld  |  out|    1|     ap_ovld|  p_ZZ10sgm_kernelRN3hls6streamI7ap_uintILi8EELi0EEES4_S4_E9prevCostL_30|       pointer|
|p_ZZ10sgm_kernelRN3hls6streamI7ap_uintILi8EELi0EEES4_S4_E9prevCostL_31_i         |   in|   12|     ap_ovld|  p_ZZ10sgm_kernelRN3hls6streamI7ap_uintILi8EELi0EEES4_S4_E9prevCostL_31|       pointer|
|p_ZZ10sgm_kernelRN3hls6streamI7ap_uintILi8EELi0EEES4_S4_E9prevCostL_31_o         |  out|   12|     ap_ovld|  p_ZZ10sgm_kernelRN3hls6streamI7ap_uintILi8EELi0EEES4_S4_E9prevCostL_31|       pointer|
|p_ZZ10sgm_kernelRN3hls6streamI7ap_uintILi8EELi0EEES4_S4_E9prevCostL_31_o_ap_vld  |  out|    1|     ap_ovld|  p_ZZ10sgm_kernelRN3hls6streamI7ap_uintILi8EELi0EEES4_S4_E9prevCostL_31|       pointer|
+---------------------------------------------------------------------------------+-----+-----+------------+------------------------------------------------------------------------+--------------+

