

================================================================
== Vitis HLS Report for 'col_frontend'
================================================================
* Date:           Sun May  3 20:34:02 2026

* Version:        2023.1 (Build 3854077 on May  4 2023)
* Project:        sgm_kernel
* Solution:       solution1 (Vivado IP Flow Target)
* Product family: zynq
* Target device:  xc7z010-clg400-1


================================================================
== Performance Estimates
================================================================
+ Timing: 
    * Summary: 
    +--------+----------+----------+------------+
    |  Clock |  Target  | Estimated| Uncertainty|
    +--------+----------+----------+------------+
    |ap_clk  |  10.00 ns|  7.002 ns|     2.70 ns|
    +--------+----------+----------+------------+

+ Latency: 
    * Summary: 
    +---------+---------+-----------+----------+-----+-----+---------+
    |  Latency (cycles) |  Latency (absolute)  |  Interval | Pipeline|
    |   min   |   max   |    min    |    max   | min | max |   Type  |
    +---------+---------+-----------+----------+-----+-----+---------+
    |        3|       42|  30.000 ns|  0.420 us|    3|   42|       no|
    +---------+---------+-----------+----------+-----+-----+---------+

    + Detail: 
        * Instance: 
        +------------------------------------+-------------------------+---------+---------+----------+----------+-----+-----+---------+
        |                                    |                         |  Latency (cycles) |  Latency (absolute) |  Interval | Pipeline|
        |              Instance              |          Module         |   min   |   max   |    min   |    max   | min | max |   Type  |
        +------------------------------------+-------------------------+---------+---------+----------+----------+-----+-----+---------+
        |grp_compute_sad_cost_vector_fu_286  |compute_sad_cost_vector  |       39|       39|  0.390 us|  0.390 us|   39|   39|       no|
        +------------------------------------+-------------------------+---------+---------+----------+----------+-----+-----+---------+

        * Loop: 
        N/A



================================================================
== Utilization Estimates
================================================================
* Summary: 
+-----------------+---------+----+-------+-------+-----+
|       Name      | BRAM_18K| DSP|   FF  |  LUT  | URAM|
+-----------------+---------+----+-------+-------+-----+
|DSP              |        -|   -|      -|      -|    -|
|Expression       |        -|   -|      0|    144|    -|
|FIFO             |        -|   -|      -|      -|    -|
|Instance         |        -|   -|    262|   1074|    -|
|Memory           |        -|   -|      -|      -|    -|
|Multiplexer      |        -|   -|      -|    244|    -|
|Register         |        -|   -|    144|      -|    -|
+-----------------+---------+----+-------+-------+-----+
|Total            |        0|   0|    406|   1462|    0|
+-----------------+---------+----+-------+-------+-----+
|Available        |      120|  80|  35200|  17600|    0|
+-----------------+---------+----+-------+-------+-----+
|Utilization (%)  |        0|   0|      1|      8|    0|
+-----------------+---------+----+-------+-------+-----+

+ Detail: 
    * Instance: 
    +------------------------------------+-------------------------+---------+----+-----+------+-----+
    |              Instance              |          Module         | BRAM_18K| DSP|  FF |  LUT | URAM|
    +------------------------------------+-------------------------+---------+----+-----+------+-----+
    |grp_compute_sad_cost_vector_fu_286  |compute_sad_cost_vector  |        0|   0|  262|  1074|    0|
    +------------------------------------+-------------------------+---------+----+-----+------+-----+
    |Total                               |                         |        0|   0|  262|  1074|    0|
    +------------------------------------+-------------------------+---------+----+-----+------+-----+

    * DSP: 
    N/A

    * Memory: 
    N/A

    * FIFO: 
    N/A

    * Expression: 
    +---------------------------------+----------+----+---+----+------------+------------+
    |          Variable Name          | Operation| DSP| FF| LUT| Bitwidth P0| Bitwidth P1|
    +---------------------------------+----------+----+---+----+------------+------------+
    |add_ln61_fu_312_p2               |         +|   0|  0|  39|          32|           1|
    |and_ln230_fu_367_p2              |       and|   0|  0|   2|           1|           1|
    |ap_block_state4_on_subcall_done  |       and|   0|  0|   2|           1|           1|
    |icmp_ln230_fu_355_p2             |      icmp|   0|  0|  14|           6|           1|
    |icmp_ln231_fu_361_p2             |      icmp|   0|  0|  14|           9|           6|
    |icmp_ln62_fu_326_p2              |      icmp|   0|  0|  39|          32|           6|
    |ap_block_state2                  |        or|   0|  0|   2|           1|           1|
    |select_ln62_fu_331_p3            |    select|   0|  0|  32|           1|           1|
    +---------------------------------+----------+----+---+----+------------+------------+
    |Total                            |          |   0|  0| 144|          83|          18|
    +---------------------------------+----------+----+---+----+------------+------------+

    * Multiplexer: 
    +-------------------------------------+----+-----------+-----+-----------+
    |                 Name                | LUT| Input Size| Bits| Total Bits|
    +-------------------------------------+----+-----------+-----+-----------+
    |ap_NS_fsm                            |  25|          5|    1|          5|
    |ap_phi_mux_storemerge_phi_fu_278_p4  |   9|          2|    1|          2|
    |ap_return_0                          |   9|          2|    1|          2|
    |ap_return_1                          |   9|          2|    8|         16|
    |ap_return_2                          |   9|          2|    8|         16|
    |ap_return_3                          |   9|          2|    8|         16|
    |ap_return_4                          |   9|          2|    8|         16|
    |ap_return_5                          |   9|          2|   32|         64|
    |left_r_TDATA_blk_n                   |   9|          2|    1|          2|
    |rightStripe_0_address0               |  14|          3|    6|         18|
    |rightStripe_0_ce0                    |  14|          3|    1|          3|
    |rightStripe_0_ce1                    |   9|          2|    1|          2|
    |rightStripe_0_ce2                    |   9|          2|    1|          2|
    |rightStripe_1_address0               |  14|          3|    6|         18|
    |rightStripe_1_ce0                    |  14|          3|    1|          3|
    |rightStripe_1_ce1                    |   9|          2|    1|          2|
    |rightStripe_1_ce2                    |   9|          2|    1|          2|
    |rightStripe_2_address0               |  14|          3|    6|         18|
    |rightStripe_2_ce0                    |  14|          3|    1|          3|
    |rightStripe_2_ce1                    |   9|          2|    1|          2|
    |rightStripe_2_ce2                    |   9|          2|    1|          2|
    |right_r_TDATA_blk_n                  |   9|          2|    1|          2|
    +-------------------------------------+----+-----------+-----+-----------+
    |Total                                | 244|         53|   96|        216|
    +-------------------------------------+----+-----------+-----+-----------+

    * Register: 
    +-------------------------------------------------+----+----+-----+-----------+
    |                       Name                      | FF | LUT| Bits| Const Bits|
    +-------------------------------------------------+----+----+-----+-----------+
    |add_ln61_reg_404                                 |  32|   0|   32|          0|
    |and_ln230_reg_422                                |   1|   0|    1|          0|
    |ap_CS_fsm                                        |   4|   0|    4|          0|
    |ap_return_0_preg                                 |   1|   0|    1|          0|
    |ap_return_1_preg                                 |   8|   0|    8|          0|
    |ap_return_2_preg                                 |   8|   0|    8|          0|
    |ap_return_3_preg                                 |   8|   0|    8|          0|
    |ap_return_4_preg                                 |   8|   0|    8|          0|
    |ap_return_5_preg                                 |  32|   0|   32|          0|
    |grp_compute_sad_cost_vector_fu_286_ap_start_reg  |   1|   0|    1|          0|
    |left_r_read_reg_410                              |   8|   0|    8|          0|
    |select_ln62_reg_416                              |  32|   0|   32|          0|
    |storemerge_reg_274                               |   1|   0|    1|          0|
    +-------------------------------------------------+----+----+-----+-----------+
    |Total                                            | 144|   0|  144|          0|
    +-------------------------------------------------+----+----+-----+-----------+



================================================================
== Interface
================================================================
* Summary: 
+-----------------------------+-----+-----+------------+--------------------+--------------+
|          RTL Ports          | Dir | Bits|  Protocol  |    Source Object   |    C Type    |
+-----------------------------+-----+-----+------------+--------------------+--------------+
|ap_clk                       |   in|    1|  ap_ctrl_hs|        col_frontend|  return value|
|ap_rst                       |   in|    1|  ap_ctrl_hs|        col_frontend|  return value|
|ap_start                     |   in|    1|  ap_ctrl_hs|        col_frontend|  return value|
|ap_done                      |  out|    1|  ap_ctrl_hs|        col_frontend|  return value|
|ap_idle                      |  out|    1|  ap_ctrl_hs|        col_frontend|  return value|
|ap_ready                     |  out|    1|  ap_ctrl_hs|        col_frontend|  return value|
|ap_return_0                  |  out|    1|  ap_ctrl_hs|        col_frontend|  return value|
|ap_return_1                  |  out|    8|  ap_ctrl_hs|        col_frontend|  return value|
|ap_return_2                  |  out|    8|  ap_ctrl_hs|        col_frontend|  return value|
|ap_return_3                  |  out|    8|  ap_ctrl_hs|        col_frontend|  return value|
|ap_return_4                  |  out|    8|  ap_ctrl_hs|        col_frontend|  return value|
|ap_return_5                  |  out|   32|  ap_ctrl_hs|        col_frontend|  return value|
|agg_result_curCost_address0  |  out|    5|   ap_memory|  agg_result_curCost|         array|
|agg_result_curCost_ce0       |  out|    1|   ap_memory|  agg_result_curCost|         array|
|agg_result_curCost_we0       |  out|    1|   ap_memory|  agg_result_curCost|         array|
|agg_result_curCost_d0        |  out|   11|   ap_memory|  agg_result_curCost|         array|
|left_r_TDATA                 |   in|    8|        axis|              left_r|       pointer|
|left_r_TVALID                |   in|    1|        axis|              left_r|       pointer|
|left_r_TREADY                |  out|    1|        axis|              left_r|       pointer|
|right_r_TDATA                |   in|    8|        axis|             right_r|       pointer|
|right_r_TVALID               |   in|    1|        axis|             right_r|       pointer|
|right_r_TREADY               |  out|    1|        axis|             right_r|       pointer|
|bufL_0_address1              |  out|    9|   ap_memory|              bufL_0|         array|
|bufL_0_ce1                   |  out|    1|   ap_memory|              bufL_0|         array|
|bufL_0_we1                   |  out|    1|   ap_memory|              bufL_0|         array|
|bufL_0_d1                    |  out|    8|   ap_memory|              bufL_0|         array|
|bufL_1_address1              |  out|    9|   ap_memory|              bufL_1|         array|
|bufL_1_ce1                   |  out|    1|   ap_memory|              bufL_1|         array|
|bufL_1_we1                   |  out|    1|   ap_memory|              bufL_1|         array|
|bufL_1_d1                    |  out|    1|   ap_memory|              bufL_1|         array|
|bufR_0_address1              |  out|    9|   ap_memory|              bufR_0|         array|
|bufR_0_ce1                   |  out|    1|   ap_memory|              bufR_0|         array|
|bufR_0_we1                   |  out|    1|   ap_memory|              bufR_0|         array|
|bufR_0_d1                    |  out|    8|   ap_memory|              bufR_0|         array|
|bufR_1_address1              |  out|    9|   ap_memory|              bufR_1|         array|
|bufR_1_ce1                   |  out|    1|   ap_memory|              bufR_1|         array|
|bufR_1_we1                   |  out|    1|   ap_memory|              bufR_1|         array|
|bufR_1_d1                    |  out|    1|   ap_memory|              bufR_1|         array|
|r                            |   in|    7|     ap_none|                   r|        scalar|
|c                            |   in|    9|     ap_none|                   c|        scalar|
|p_read2                      |   in|    8|     ap_none|             p_read2|        scalar|
|p_read3                      |   in|    8|     ap_none|             p_read3|        scalar|
|p_read5                      |   in|    8|     ap_none|             p_read5|        scalar|
|p_read6                      |   in|    8|     ap_none|             p_read6|        scalar|
|p_read8                      |   in|    8|     ap_none|             p_read8|        scalar|
|p_read9                      |   in|    8|     ap_none|             p_read9|        scalar|
|rightStripe_0_address0       |  out|    6|   ap_memory|       rightStripe_0|         array|
|rightStripe_0_ce0            |  out|    1|   ap_memory|       rightStripe_0|         array|
|rightStripe_0_we0            |  out|    1|   ap_memory|       rightStripe_0|         array|
|rightStripe_0_d0             |  out|    8|   ap_memory|       rightStripe_0|         array|
|rightStripe_0_q0             |   in|    8|   ap_memory|       rightStripe_0|         array|
|rightStripe_0_address1       |  out|    6|   ap_memory|       rightStripe_0|         array|
|rightStripe_0_ce1            |  out|    1|   ap_memory|       rightStripe_0|         array|
|rightStripe_0_q1             |   in|    8|   ap_memory|       rightStripe_0|         array|
|rightStripe_0_address2       |  out|    6|   ap_memory|       rightStripe_0|         array|
|rightStripe_0_ce2            |  out|    1|   ap_memory|       rightStripe_0|         array|
|rightStripe_0_q2             |   in|    8|   ap_memory|       rightStripe_0|         array|
|rightStripe_1_address0       |  out|    6|   ap_memory|       rightStripe_1|         array|
|rightStripe_1_ce0            |  out|    1|   ap_memory|       rightStripe_1|         array|
|rightStripe_1_we0            |  out|    1|   ap_memory|       rightStripe_1|         array|
|rightStripe_1_d0             |  out|    1|   ap_memory|       rightStripe_1|         array|
|rightStripe_1_q0             |   in|    1|   ap_memory|       rightStripe_1|         array|
|rightStripe_1_address1       |  out|    6|   ap_memory|       rightStripe_1|         array|
|rightStripe_1_ce1            |  out|    1|   ap_memory|       rightStripe_1|         array|
|rightStripe_1_q1             |   in|    1|   ap_memory|       rightStripe_1|         array|
|rightStripe_1_address2       |  out|    6|   ap_memory|       rightStripe_1|         array|
|rightStripe_1_ce2            |  out|    1|   ap_memory|       rightStripe_1|         array|
|rightStripe_1_q2             |   in|    1|   ap_memory|       rightStripe_1|         array|
|rightStripe_2_address0       |  out|    6|   ap_memory|       rightStripe_2|         array|
|rightStripe_2_ce0            |  out|    1|   ap_memory|       rightStripe_2|         array|
|rightStripe_2_we0            |  out|    1|   ap_memory|       rightStripe_2|         array|
|rightStripe_2_d0             |  out|    1|   ap_memory|       rightStripe_2|         array|
|rightStripe_2_q0             |   in|    1|   ap_memory|       rightStripe_2|         array|
|rightStripe_2_address1       |  out|    6|   ap_memory|       rightStripe_2|         array|
|rightStripe_2_ce1            |  out|    1|   ap_memory|       rightStripe_2|         array|
|rightStripe_2_q1             |   in|    1|   ap_memory|       rightStripe_2|         array|
|rightStripe_2_address2       |  out|    6|   ap_memory|       rightStripe_2|         array|
|rightStripe_2_ce2            |  out|    1|   ap_memory|       rightStripe_2|         array|
|rightStripe_2_q2             |   in|    1|   ap_memory|       rightStripe_2|         array|
|p_read10                     |   in|   32|     ap_none|            p_read10|        scalar|
+-----------------------------+-----+-----+------------+--------------------+--------------+

