

================================================================
== Vitis HLS Report for 'compute_sad_cost_vector'
================================================================
* Date:           Sat Apr 25 10:00:30 2026

* Version:        2023.1 (Build 3854077 on May  4 2023)
* Project:        sgm_kernel
* Solution:       solution1 (Vivado IP Flow Target)
* Product family: zynq
* Target device:  xc7z010-clg400-1


================================================================
== Performance Estimates
================================================================
+ Timing: 
    * Summary: 
    +--------+----------+----------+------------+
    |  Clock |  Target  | Estimated| Uncertainty|
    +--------+----------+----------+------------+
    |ap_clk  |  10.00 ns|  7.292 ns|     2.70 ns|
    +--------+----------+----------+------------+

+ Latency: 
    * Summary: 
    +---------+---------+----------+----------+-----+-----+---------+
    |  Latency (cycles) |  Latency (absolute) |  Interval | Pipeline|
    |   min   |   max   |    min   |    max   | min | max |   Type  |
    +---------+---------+----------+----------+-----+-----+---------+
    |       43|       43|  0.430 us|  0.430 us|   43|   43|       no|
    +---------+---------+----------+----------+-----+-----+---------+

    + Detail: 
        * Instance: 
        N/A

        * Loop: 
        +-----------------+---------+---------+----------+-----------+-----------+------+----------+
        |                 |  Latency (cycles) | Iteration|  Initiation Interval  | Trip |          |
        |    Loop Name    |   min   |   max   |  Latency |  achieved |   target  | Count| Pipelined|
        +-----------------+---------+---------+----------+-----------+-----------+------+----------+
        |- SAD_Disparity  |       41|       41|        11|          1|          1|    32|       yes|
        +-----------------+---------+---------+----------+-----------+-----------+------+----------+



================================================================
== Utilization Estimates
================================================================
* Summary: 
+-----------------+---------+----+-------+-------+-----+
|       Name      | BRAM_18K| DSP|   FF  |  LUT  | URAM|
+-----------------+---------+----+-------+-------+-----+
|DSP              |        -|   -|      -|      -|    -|
|Expression       |        -|   -|      0|    337|    -|
|FIFO             |        -|   -|      -|      -|    -|
|Instance         |        -|   0|     99|    296|    -|
|Memory           |        -|   -|      -|      -|    -|
|Multiplexer      |        -|   -|      -|     36|    -|
|Register         |        -|   -|   2127|    896|    -|
+-----------------+---------+----+-------+-------+-----+
|Total            |        0|   0|   2226|   1565|    0|
+-----------------+---------+----+-------+-------+-----+
|Available        |      120|  80|  35200|  17600|    0|
+-----------------+---------+----+-------+-------+-----+
|Utilization (%)  |        0|   0|      6|      8|    0|
+-----------------+---------+----+-------+-------+-----+

+ Detail: 
    * Instance: 
    +------------------------+--------------------+---------+----+----+----+-----+
    |        Instance        |       Module       | BRAM_18K| DSP| FF | LUT| URAM|
    +------------------------+--------------------+---------+----+----+----+-----+
    |mul_5ns_7ns_11_1_1_U83  |mul_5ns_7ns_11_1_1  |        0|   0|   0|  33|    0|
    |mul_6ns_8ns_13_1_1_U85  |mul_6ns_8ns_13_1_1  |        0|   0|   0|  41|    0|
    |mul_6ns_8ns_13_1_1_U86  |mul_6ns_8ns_13_1_1  |        0|   0|   0|  41|    0|
    |mux_3_2_8_1_1_U87       |mux_3_2_8_1_1       |        0|   0|   0|  14|    0|
    |mux_3_2_8_1_1_U88       |mux_3_2_8_1_1       |        0|   0|   0|  14|    0|
    |mux_3_2_8_1_1_U89       |mux_3_2_8_1_1       |        0|   0|   0|  14|    0|
    |mux_3_2_8_1_1_U90       |mux_3_2_8_1_1       |        0|   0|   0|  14|    0|
    |mux_3_2_8_1_1_U91       |mux_3_2_8_1_1       |        0|   0|   0|  14|    0|
    |mux_3_2_8_1_1_U92       |mux_3_2_8_1_1       |        0|   0|   0|  14|    0|
    |mux_3_2_8_1_1_U93       |mux_3_2_8_1_1       |        0|   0|   0|  14|    0|
    |mux_3_2_8_1_1_U94       |mux_3_2_8_1_1       |        0|   0|   0|  14|    0|
    |mux_3_2_8_1_1_U95       |mux_3_2_8_1_1       |        0|   0|   0|  14|    0|
    |urem_5ns_3ns_2_9_1_U84  |urem_5ns_3ns_2_9_1  |        0|   0|  99|  55|    0|
    +------------------------+--------------------+---------+----+----+----+-----+
    |Total                   |                    |        0|   0|  99| 296|    0|
    +------------------------+--------------------+---------+----+----+----+-----+

    * DSP: 
    N/A

    * Memory: 
    N/A

    * FIFO: 
    N/A

    * Expression: 
    +-------------------------+----------+----+---+----+------------+------------+
    |      Variable Name      | Operation| DSP| FF| LUT| Bitwidth P0| Bitwidth P1|
    +-------------------------+----------+----+---+----+------------+------------+
    |add_ln100_1_fu_506_p2    |         +|   0|  0|  14|           6|           2|
    |add_ln100_fu_500_p2      |         +|   0|  0|  14|           6|           1|
    |add_ln104_1_fu_794_p2    |         +|   0|  0|  14|           9|           9|
    |add_ln104_2_fu_804_p2    |         +|   0|  0|  13|          10|          10|
    |add_ln104_3_fu_694_p2    |         +|   0|  0|  14|           9|           9|
    |add_ln104_4_fu_700_p2    |         +|   0|  0|  14|           9|           9|
    |add_ln104_5_fu_820_p2    |         +|   0|  0|  13|          10|          10|
    |add_ln104_6_fu_830_p2    |         +|   0|  0|  12|          11|          11|
    |add_ln104_fu_784_p2      |         +|   0|  0|  14|           9|           9|
    |add_ln86_fu_458_p2       |         +|   0|  0|  14|           6|           1|
    |sum_1_fu_840_p2          |         +|   0|  0|  12|          12|          12|
    |empty_fu_464_p2          |         -|   0|  0|  14|           5|           6|
    |sub_ln21_1_fu_714_p2     |         -|   0|  0|  15|           8|           8|
    |sub_ln21_2_fu_734_p2     |         -|   0|  0|  15|           8|           8|
    |sub_ln21_3_fu_738_p2     |         -|   0|  0|  15|           8|           8|
    |sub_ln21_4_fu_758_p2     |         -|   0|  0|  15|           8|           8|
    |sub_ln21_5_fu_762_p2     |         -|   0|  0|  15|           8|           8|
    |sub_ln21_fu_710_p2       |         -|   0|  0|  15|           8|           8|
    |icmp_ln21_1_fu_730_p2    |      icmp|   0|  0|  15|           8|           8|
    |icmp_ln21_2_fu_754_p2    |      icmp|   0|  0|  15|           8|           8|
    |icmp_ln21_fu_706_p2      |      icmp|   0|  0|  15|           8|           8|
    |icmp_ln86_fu_452_p2      |      icmp|   0|  0|  14|           6|           7|
    |select_ln21_1_fu_766_p3  |    select|   0|  0|   8|           1|           8|
    |select_ln21_fu_742_p3    |    select|   0|  0|   8|           1|           8|
    |sum_fu_718_p3            |    select|   0|  0|   8|           1|           8|
    |ap_enable_pp0            |       xor|   0|  0|   2|           1|           2|
    +-------------------------+----------+----+---+----+------------+------------+
    |Total                    |          |   0|  0| 337|         184|         194|
    +-------------------------+----------+----+---+----+------------+------------+

    * Multiplexer: 
    +-------------------------+----+-----------+-----+-----------+
    |           Name          | LUT| Input Size| Bits| Total Bits|
    +-------------------------+----+-----------+-----+-----------+
    |ap_done_int              |   9|          2|    1|          2|
    |ap_enable_reg_pp0_iter1  |   9|          2|    1|          2|
    |ap_sig_allocacmp_d_3     |   9|          2|    6|         12|
    |d_fu_76                  |   9|          2|    6|         12|
    +-------------------------+----+-----------+-----+-----------+
    |Total                    |  36|          8|   14|         28|
    +-------------------------+----+-----------+-----+-----------+

    * Register: 
    +----------------------------------+----+----+-----+-----------+
    |               Name               | FF | LUT| Bits| Const Bits|
    +----------------------------------+----+----+-----+-----------+
    |add_ln100_1_reg_902               |   6|   0|    6|          0|
    |add_ln100_reg_897                 |   6|   0|    6|          0|
    |add_ln104_3_reg_1208              |   9|   0|    9|          0|
    |add_ln104_4_reg_1213              |   9|   0|    9|          0|
    |ap_CS_fsm                         |   1|   0|    1|          0|
    |ap_done_reg                       |   1|   0|    1|          0|
    |ap_enable_reg_pp0_iter1           |   1|   0|    1|          0|
    |ap_enable_reg_pp0_iter10          |   1|   0|    1|          0|
    |ap_enable_reg_pp0_iter2           |   1|   0|    1|          0|
    |ap_enable_reg_pp0_iter3           |   1|   0|    1|          0|
    |ap_enable_reg_pp0_iter4           |   1|   0|    1|          0|
    |ap_enable_reg_pp0_iter5           |   1|   0|    1|          0|
    |ap_enable_reg_pp0_iter6           |   1|   0|    1|          0|
    |ap_enable_reg_pp0_iter7           |   1|   0|    1|          0|
    |ap_enable_reg_pp0_iter8           |   1|   0|    1|          0|
    |ap_enable_reg_pp0_iter9           |   1|   0|    1|          0|
    |ap_loop_exit_ready_pp0_iter1_reg  |   1|   0|    1|          0|
    |ap_loop_exit_ready_pp0_iter2_reg  |   1|   0|    1|          0|
    |ap_loop_exit_ready_pp0_iter3_reg  |   1|   0|    1|          0|
    |ap_loop_exit_ready_pp0_iter4_reg  |   1|   0|    1|          0|
    |ap_loop_exit_ready_pp0_iter5_reg  |   1|   0|    1|          0|
    |ap_loop_exit_ready_pp0_iter6_reg  |   1|   0|    1|          0|
    |ap_loop_exit_ready_pp0_iter7_reg  |   1|   0|    1|          0|
    |ap_loop_exit_ready_pp0_iter8_reg  |   1|   0|    1|          0|
    |ap_loop_exit_ready_pp0_iter9_reg  |   1|   0|    1|          0|
    |b_1_reg_1184                      |   8|   0|    8|          0|
    |b_2_reg_1191                      |   8|   0|    8|          0|
    |b_3_reg_1198                      |   8|   0|    8|          0|
    |b_6_reg_1203                      |   8|   0|    8|          0|
    |b_reg_1177                        |   8|   0|    8|          0|
    |d_3_reg_878                       |   6|   0|    6|          0|
    |d_fu_76                           |   6|   0|    6|          0|
    |rightStripe_0_0_load_1_reg_1057   |   8|   0|    8|          0|
    |rightStripe_0_0_load_2_reg_1072   |   8|   0|    8|          0|
    |rightStripe_0_0_load_reg_1042     |   8|   0|    8|          0|
    |rightStripe_0_1_load_1_reg_1062   |   8|   0|    8|          0|
    |rightStripe_0_1_load_2_reg_1077   |   8|   0|    8|          0|
    |rightStripe_0_1_load_reg_1047     |   8|   0|    8|          0|
    |rightStripe_0_2_load_1_reg_1067   |   8|   0|    8|          0|
    |rightStripe_0_2_load_2_reg_1082   |   8|   0|    8|          0|
    |rightStripe_0_2_load_reg_1052     |   8|   0|    8|          0|
    |rightStripe_1_0_load_1_reg_1102   |   8|   0|    8|          0|
    |rightStripe_1_0_load_2_reg_1117   |   8|   0|    8|          0|
    |rightStripe_1_0_load_reg_1087     |   8|   0|    8|          0|
    |rightStripe_1_1_load_1_reg_1107   |   8|   0|    8|          0|
    |rightStripe_1_1_load_2_reg_1122   |   8|   0|    8|          0|
    |rightStripe_1_1_load_reg_1092     |   8|   0|    8|          0|
    |rightStripe_1_2_load_1_reg_1112   |   8|   0|    8|          0|
    |rightStripe_1_2_load_2_reg_1127   |   8|   0|    8|          0|
    |rightStripe_1_2_load_reg_1097     |   8|   0|    8|          0|
    |rightStripe_2_0_load_1_reg_1147   |   8|   0|    8|          0|
    |rightStripe_2_0_load_2_reg_1162   |   8|   0|    8|          0|
    |rightStripe_2_0_load_reg_1132     |   8|   0|    8|          0|
    |rightStripe_2_1_load_1_reg_1152   |   8|   0|    8|          0|
    |rightStripe_2_1_load_2_reg_1167   |   8|   0|    8|          0|
    |rightStripe_2_1_load_reg_1137     |   8|   0|    8|          0|
    |rightStripe_2_2_load_1_reg_1157   |   8|   0|    8|          0|
    |rightStripe_2_2_load_2_reg_1172   |   8|   0|    8|          0|
    |rightStripe_2_2_load_reg_1142     |   8|   0|    8|          0|
    |sum_1_reg_1218                    |  12|   0|   12|          0|
    |tmp_reg_892                       |   4|   0|    4|          0|
    |d_3_reg_878                       |  64|  32|    6|          0|
    |rightStripe_0_0_load_1_reg_1057   |  64|  32|    8|          0|
    |rightStripe_0_0_load_2_reg_1072   |  64|  32|    8|          0|
    |rightStripe_0_0_load_reg_1042     |  64|  32|    8|          0|
    |rightStripe_0_1_load_1_reg_1062   |  64|  32|    8|          0|
    |rightStripe_0_1_load_2_reg_1077   |  64|  32|    8|          0|
    |rightStripe_0_1_load_reg_1047     |  64|  32|    8|          0|
    |rightStripe_0_2_load_1_reg_1067   |  64|  32|    8|          0|
    |rightStripe_0_2_load_2_reg_1082   |  64|  32|    8|          0|
    |rightStripe_0_2_load_reg_1052     |  64|  32|    8|          0|
    |rightStripe_1_0_load_1_reg_1102   |  64|  32|    8|          0|
    |rightStripe_1_0_load_2_reg_1117   |  64|  32|    8|          0|
    |rightStripe_1_0_load_reg_1087     |  64|  32|    8|          0|
    |rightStripe_1_1_load_1_reg_1107   |  64|  32|    8|          0|
    |rightStripe_1_1_load_2_reg_1122   |  64|  32|    8|          0|
    |rightStripe_1_1_load_reg_1092     |  64|  32|    8|          0|
    |rightStripe_1_2_load_1_reg_1112   |  64|  32|    8|          0|
    |rightStripe_1_2_load_2_reg_1127   |  64|  32|    8|          0|
    |rightStripe_1_2_load_reg_1097     |  64|  32|    8|          0|
    |rightStripe_2_0_load_1_reg_1147   |  64|  32|    8|          0|
    |rightStripe_2_0_load_2_reg_1162   |  64|  32|    8|          0|
    |rightStripe_2_0_load_reg_1132     |  64|  32|    8|          0|
    |rightStripe_2_1_load_1_reg_1152   |  64|  32|    8|          0|
    |rightStripe_2_1_load_2_reg_1167   |  64|  32|    8|          0|
    |rightStripe_2_1_load_reg_1137     |  64|  32|    8|          0|
    |rightStripe_2_2_load_1_reg_1157   |  64|  32|    8|          0|
    |rightStripe_2_2_load_2_reg_1172   |  64|  32|    8|          0|
    |rightStripe_2_2_load_reg_1142     |  64|  32|    8|          0|
    +----------------------------------+----+----+-----+-----------+
    |Total                             |2127| 896|  557|          0|
    +----------------------------------+----+----+-----+-----------+



================================================================
== Interface
================================================================
* Summary: 
+--------------------------+-----+-----+------------+-------------------------+--------------+
|         RTL Ports        | Dir | Bits|  Protocol  |      Source Object      |    C Type    |
+--------------------------+-----+-----+------------+-------------------------+--------------+
|ap_clk                    |   in|    1|  ap_ctrl_hs|  compute_sad_cost_vector|  return value|
|ap_rst                    |   in|    1|  ap_ctrl_hs|  compute_sad_cost_vector|  return value|
|ap_start                  |   in|    1|  ap_ctrl_hs|  compute_sad_cost_vector|  return value|
|ap_done                   |  out|    1|  ap_ctrl_hs|  compute_sad_cost_vector|  return value|
|ap_idle                   |  out|    1|  ap_ctrl_hs|  compute_sad_cost_vector|  return value|
|ap_ready                  |  out|    1|  ap_ctrl_hs|  compute_sad_cost_vector|  return value|
|leftWin_0_0_val           |   in|    8|     ap_none|          leftWin_0_0_val|        scalar|
|leftWin_0_1_val           |   in|    8|     ap_none|          leftWin_0_1_val|        scalar|
|leftWin_0_2_val           |   in|    8|     ap_none|          leftWin_0_2_val|        scalar|
|rightStripe_0_0_address0  |  out|    4|   ap_memory|          rightStripe_0_0|         array|
|rightStripe_0_0_ce0       |  out|    1|   ap_memory|          rightStripe_0_0|         array|
|rightStripe_0_0_q0        |   in|    8|   ap_memory|          rightStripe_0_0|         array|
|rightStripe_0_0_address1  |  out|    4|   ap_memory|          rightStripe_0_0|         array|
|rightStripe_0_0_ce1       |  out|    1|   ap_memory|          rightStripe_0_0|         array|
|rightStripe_0_0_q1        |   in|    8|   ap_memory|          rightStripe_0_0|         array|
|rightStripe_0_0_address2  |  out|    4|   ap_memory|          rightStripe_0_0|         array|
|rightStripe_0_0_ce2       |  out|    1|   ap_memory|          rightStripe_0_0|         array|
|rightStripe_0_0_q2        |   in|    8|   ap_memory|          rightStripe_0_0|         array|
|rightStripe_0_1_address0  |  out|    4|   ap_memory|          rightStripe_0_1|         array|
|rightStripe_0_1_ce0       |  out|    1|   ap_memory|          rightStripe_0_1|         array|
|rightStripe_0_1_q0        |   in|    8|   ap_memory|          rightStripe_0_1|         array|
|rightStripe_0_1_address1  |  out|    4|   ap_memory|          rightStripe_0_1|         array|
|rightStripe_0_1_ce1       |  out|    1|   ap_memory|          rightStripe_0_1|         array|
|rightStripe_0_1_q1        |   in|    8|   ap_memory|          rightStripe_0_1|         array|
|rightStripe_0_1_address2  |  out|    4|   ap_memory|          rightStripe_0_1|         array|
|rightStripe_0_1_ce2       |  out|    1|   ap_memory|          rightStripe_0_1|         array|
|rightStripe_0_1_q2        |   in|    8|   ap_memory|          rightStripe_0_1|         array|
|rightStripe_0_2_address0  |  out|    4|   ap_memory|          rightStripe_0_2|         array|
|rightStripe_0_2_ce0       |  out|    1|   ap_memory|          rightStripe_0_2|         array|
|rightStripe_0_2_q0        |   in|    8|   ap_memory|          rightStripe_0_2|         array|
|rightStripe_0_2_address1  |  out|    4|   ap_memory|          rightStripe_0_2|         array|
|rightStripe_0_2_ce1       |  out|    1|   ap_memory|          rightStripe_0_2|         array|
|rightStripe_0_2_q1        |   in|    8|   ap_memory|          rightStripe_0_2|         array|
|rightStripe_0_2_address2  |  out|    4|   ap_memory|          rightStripe_0_2|         array|
|rightStripe_0_2_ce2       |  out|    1|   ap_memory|          rightStripe_0_2|         array|
|rightStripe_0_2_q2        |   in|    8|   ap_memory|          rightStripe_0_2|         array|
|rightStripe_1_0_address0  |  out|    4|   ap_memory|          rightStripe_1_0|         array|
|rightStripe_1_0_ce0       |  out|    1|   ap_memory|          rightStripe_1_0|         array|
|rightStripe_1_0_q0        |   in|    8|   ap_memory|          rightStripe_1_0|         array|
|rightStripe_1_0_address1  |  out|    4|   ap_memory|          rightStripe_1_0|         array|
|rightStripe_1_0_ce1       |  out|    1|   ap_memory|          rightStripe_1_0|         array|
|rightStripe_1_0_q1        |   in|    8|   ap_memory|          rightStripe_1_0|         array|
|rightStripe_1_0_address2  |  out|    4|   ap_memory|          rightStripe_1_0|         array|
|rightStripe_1_0_ce2       |  out|    1|   ap_memory|          rightStripe_1_0|         array|
|rightStripe_1_0_q2        |   in|    8|   ap_memory|          rightStripe_1_0|         array|
|rightStripe_1_1_address0  |  out|    4|   ap_memory|          rightStripe_1_1|         array|
|rightStripe_1_1_ce0       |  out|    1|   ap_memory|          rightStripe_1_1|         array|
|rightStripe_1_1_q0        |   in|    8|   ap_memory|          rightStripe_1_1|         array|
|rightStripe_1_1_address1  |  out|    4|   ap_memory|          rightStripe_1_1|         array|
|rightStripe_1_1_ce1       |  out|    1|   ap_memory|          rightStripe_1_1|         array|
|rightStripe_1_1_q1        |   in|    8|   ap_memory|          rightStripe_1_1|         array|
|rightStripe_1_1_address2  |  out|    4|   ap_memory|          rightStripe_1_1|         array|
|rightStripe_1_1_ce2       |  out|    1|   ap_memory|          rightStripe_1_1|         array|
|rightStripe_1_1_q2        |   in|    8|   ap_memory|          rightStripe_1_1|         array|
|rightStripe_1_2_address0  |  out|    4|   ap_memory|          rightStripe_1_2|         array|
|rightStripe_1_2_ce0       |  out|    1|   ap_memory|          rightStripe_1_2|         array|
|rightStripe_1_2_q0        |   in|    8|   ap_memory|          rightStripe_1_2|         array|
|rightStripe_1_2_address1  |  out|    4|   ap_memory|          rightStripe_1_2|         array|
|rightStripe_1_2_ce1       |  out|    1|   ap_memory|          rightStripe_1_2|         array|
|rightStripe_1_2_q1        |   in|    8|   ap_memory|          rightStripe_1_2|         array|
|rightStripe_1_2_address2  |  out|    4|   ap_memory|          rightStripe_1_2|         array|
|rightStripe_1_2_ce2       |  out|    1|   ap_memory|          rightStripe_1_2|         array|
|rightStripe_1_2_q2        |   in|    8|   ap_memory|          rightStripe_1_2|         array|
|rightStripe_2_0_address0  |  out|    4|   ap_memory|          rightStripe_2_0|         array|
|rightStripe_2_0_ce0       |  out|    1|   ap_memory|          rightStripe_2_0|         array|
|rightStripe_2_0_q0        |   in|    8|   ap_memory|          rightStripe_2_0|         array|
|rightStripe_2_0_address1  |  out|    4|   ap_memory|          rightStripe_2_0|         array|
|rightStripe_2_0_ce1       |  out|    1|   ap_memory|          rightStripe_2_0|         array|
|rightStripe_2_0_q1        |   in|    8|   ap_memory|          rightStripe_2_0|         array|
|rightStripe_2_0_address2  |  out|    4|   ap_memory|          rightStripe_2_0|         array|
|rightStripe_2_0_ce2       |  out|    1|   ap_memory|          rightStripe_2_0|         array|
|rightStripe_2_0_q2        |   in|    8|   ap_memory|          rightStripe_2_0|         array|
|rightStripe_2_1_address0  |  out|    4|   ap_memory|          rightStripe_2_1|         array|
|rightStripe_2_1_ce0       |  out|    1|   ap_memory|          rightStripe_2_1|         array|
|rightStripe_2_1_q0        |   in|    8|   ap_memory|          rightStripe_2_1|         array|
|rightStripe_2_1_address1  |  out|    4|   ap_memory|          rightStripe_2_1|         array|
|rightStripe_2_1_ce1       |  out|    1|   ap_memory|          rightStripe_2_1|         array|
|rightStripe_2_1_q1        |   in|    8|   ap_memory|          rightStripe_2_1|         array|
|rightStripe_2_1_address2  |  out|    4|   ap_memory|          rightStripe_2_1|         array|
|rightStripe_2_1_ce2       |  out|    1|   ap_memory|          rightStripe_2_1|         array|
|rightStripe_2_1_q2        |   in|    8|   ap_memory|          rightStripe_2_1|         array|
|rightStripe_2_2_address0  |  out|    4|   ap_memory|          rightStripe_2_2|         array|
|rightStripe_2_2_ce0       |  out|    1|   ap_memory|          rightStripe_2_2|         array|
|rightStripe_2_2_q0        |   in|    8|   ap_memory|          rightStripe_2_2|         array|
|rightStripe_2_2_address1  |  out|    4|   ap_memory|          rightStripe_2_2|         array|
|rightStripe_2_2_ce1       |  out|    1|   ap_memory|          rightStripe_2_2|         array|
|rightStripe_2_2_q1        |   in|    8|   ap_memory|          rightStripe_2_2|         array|
|rightStripe_2_2_address2  |  out|    4|   ap_memory|          rightStripe_2_2|         array|
|rightStripe_2_2_ce2       |  out|    1|   ap_memory|          rightStripe_2_2|         array|
|rightStripe_2_2_q2        |   in|    8|   ap_memory|          rightStripe_2_2|         array|
|curCost_address0          |  out|    5|   ap_memory|                  curCost|         array|
|curCost_ce0               |  out|    1|   ap_memory|                  curCost|         array|
|curCost_we0               |  out|    1|   ap_memory|                  curCost|         array|
|curCost_d0                |  out|   12|   ap_memory|                  curCost|         array|
+--------------------------+-----+-----+------------+-------------------------+--------------+

