

================================================================
== Synthesis Summary Report of 'sgm_kernel'
================================================================
+ General Information: 
    * Date:           Sat Apr 25 10:00:33 2026
    * Version:        2023.1 (Build 3854077 on May  4 2023)
    * Project:        sgm_kernel
    * Solution:       solution1 (Vivado IP Flow Target)
    * Product family: zynq
    * Target device:  xc7z010-clg400-1
    

+ Performance & Resource Estimates: 
    
    PS: '+' for module; 'o' for loop; '*' for dataflow
    +-------------------------------------------------------------+------+------+----------+-----------+----------+----------+------+----------+----------+----+------------+-------------+-----+
    |                           Modules                           | Issue|      | Latency  |  Latency  | Iteration|          | Trip |          |          |    |            |             |     |
    |                           & Loops                           | Type | Slack| (cycles) |    (ns)   |  Latency | Interval | Count| Pipelined|   BRAM   | DSP|     FF     |     LUT     | URAM|
    +-------------------------------------------------------------+------+------+----------+-----------+----------+----------+------+----------+----------+----+------------+-------------+-----+
    |+ sgm_kernel                                                 |     -|  0.01|  14258117|  1.426e+08|         -|  14258118|     -|        no|  68 (56%)|   -|  6787 (19%)|  15173 (86%)|    -|
    | + sgm_kernel_Pipeline_InitBuf_VITIS_LOOP_384_1              |     -|  1.10|       962|  9.620e+03|         -|       962|     -|        no|         -|   -|    35 (~0%)|    149 (~0%)|    -|
    |  o InitBuf_VITIS_LOOP_384_1                                 |     -|  7.30|       960|  9.600e+03|         2|         1|   960|       yes|         -|   -|           -|            -|    -|
    | o Row                                                       |     -|  7.30|  14257152|  1.426e+08|    148512|         -|    96|        no|         -|   -|           -|            -|    -|
    |  + sgm_kernel_Pipeline_ResetCosts                           |     -|  3.89|        18|    180.000|         -|        18|     -|        no|         -|   -|     8 (~0%)|     41 (~0%)|    -|
    |   o ResetCosts                                              |     -|  7.30|        16|    160.000|         1|         1|    16|       yes|         -|   -|           -|            -|    -|
    |  + sgm_kernel_Pipeline_InitTBRow_InitTBRowD                 |     -|  1.26|      5122|  5.122e+04|         -|      5122|     -|        no|         -|   -|    30 (~0%)|    134 (~0%)|    -|
    |   o InitTBRow_InitTBRowD                                    |     -|  7.30|      5120|  5.120e+04|         1|         1|  5120|       yes|         -|   -|           -|            -|    -|
    |  + row_frontend                                             |     -|  0.01|    116804|  1.168e+06|         -|    116804|     -|        no|         -|   -|   3002 (8%)|   4280 (24%)|    -|
    |   + row_frontend_Pipeline_InitRowCosts                      |     -|  3.16|       322|  3.220e+03|         -|       322|     -|        no|         -|   -|    11 (~0%)|     55 (~0%)|    -|
    |    o InitRowCosts                                           |     -|  7.30|       320|  3.200e+03|         1|         1|   320|       yes|         -|   -|           -|            -|    -|
    |   + row_frontend_Pipeline_InitRightStripe_VITIS_LOOP_313_2  |     -|  0.12|       113|  1.130e+03|         -|       113|     -|        no|         -|   -|   303 (~0%)|     332 (1%)|    -|
    |    o InitRightStripe_VITIS_LOOP_313_2                       |     -|  7.30|       111|  1.110e+03|        11|         1|   102|       yes|         -|   -|           -|            -|    -|
    |   o VITIS_LOOP_318_3                                        |     -|  7.30|    116480|  1.165e+06|       364|         -|   320|        no|         -|   -|           -|            -|    -|
    |    + col_frontend                                           |     -|  0.01|       345|  3.450e+03|         -|       345|     -|        no|         -|   -|   2364 (6%)|   2740 (15%)|    -|
    |     + compute_sad_cost_vector                               |     -|  0.01|        43|    430.000|         -|        43|     -|        no|         -|   -|   2226 (6%)|    1565 (8%)|    -|
    |      o SAD_Disparity                                        |     -|  7.30|        41|    410.000|        11|         1|    32|       yes|         -|   -|           -|            -|    -|
    |     o VITIS_LOOP_64_2                                       |     -|  7.30|        99|    990.000|         3|         -|    33|        no|         -|   -|           -|            -|    -|
    |     o VITIS_LOOP_64_2                                       |     -|  7.30|        99|    990.000|         3|         -|    33|        no|         -|   -|           -|            -|    -|
    |     o VITIS_LOOP_64_2                                       |     -|  7.30|        99|    990.000|         3|         -|    33|        no|         -|   -|           -|            -|    -|
    |  + row_backend                                              |     -|  0.26|     26562|  2.656e+05|         -|     26562|     -|        no|         -|   -|   3291 (9%)|   6913 (39%)|    -|
    |   o RowBackCol                                              |     -|  7.30|     26560|  2.656e+05|        83|         -|   320|        no|         -|   -|           -|            -|    -|
    |    + col_backend                                            |     -|  0.26|        64|    640.000|         -|        64|     -|        no|         -|   -|   2554 (7%)|   5648 (32%)|    -|
    |     + reduce_min_vec                                        |     -|  1.22|        18|    180.000|         -|        18|     -|        no|         -|   -|    45 (~0%)|     399 (2%)|    -|
    |      o MinLoop                                              |     -|  7.30|        16|    160.000|         2|         1|    16|       yes|         -|   -|           -|            -|    -|
    |     + reduce_min_vec                                        |     -|  1.22|        18|    180.000|         -|        18|     -|        no|         -|   -|    45 (~0%)|     399 (2%)|    -|
    |      o MinLoop                                              |     -|  7.30|        16|    160.000|         2|         1|    16|       yes|         -|   -|           -|            -|    -|
    |     + aggregate_paths_and_select                            |     -|  0.26|        23|    230.000|         -|        23|     -|        no|         -|   -|    445 (1%)|   2363 (13%)|    -|
    |      + aggregate_paths_and_select_Pipeline_AggregationLoop  |     -|  0.26|        20|    200.000|         -|        20|     -|        no|         -|   -|    416 (1%)|   2262 (12%)|    -|
    |       o AggregationLoop                                     |     -|  7.30|        18|    180.000|         4|         1|    16|       yes|         -|   -|           -|            -|    -|
    |     + commit_prev_costs                                     |     -|  3.89|        18|    180.000|         -|        18|     -|        no|         -|   -|    425 (1%)|     979 (5%)|    -|
    |      o CopyPrevLR                                           |     -|  7.30|        16|    160.000|         1|         1|    16|       yes|         -|   -|           -|            -|    -|
    +-------------------------------------------------------------+------+------+----------+-----------+----------+----------+------+----------+----------+----+------------+-------------+-----+


================================================================
== HW Interfaces
================================================================
* AXIS
+-----------+-----------+---------------+-------+--------+--------+
| Interface | Direction | Register Mode | TDATA | TREADY | TVALID |
+-----------+-----------+---------------+-------+--------+--------+
| disp      | out       | both          | 8     | 1      | 1      |
| left_r    | in        | both          | 8     | 1      | 1      |
| right_r   | in        | both          | 8     | 1      | 1      |
+-----------+-----------+---------------+-------+--------+--------+

* TOP LEVEL CONTROL
+-----------+--------------+----------+
| Interface | Type         | Ports    |
+-----------+--------------+----------+
| ap_clk    | clock        | ap_clk   |
| ap_rst_n  | reset        | ap_rst_n |
| ap_ctrl   | ap_ctrl_none |          |
+-----------+--------------+----------+


================================================================
== SW I/O Information
================================================================
* Top Function Arguments
+----------+-----------+------------------------+
| Argument | Direction | Datatype               |
+----------+-----------+------------------------+
| left     | in        | stream<ap_uint<8>, 0>& |
| right    | in        | stream<ap_uint<8>, 0>& |
| disp     | out       | stream<ap_uint<8>, 0>& |
+----------+-----------+------------------------+

* SW-to-HW Mapping
+----------+--------------+-----------+
| Argument | HW Interface | HW Type   |
+----------+--------------+-----------+
| left     | left_r       | interface |
| right    | right_r      | interface |
| disp     | disp         | interface |
+----------+--------------+-----------+


================================================================
== Bind Op Report
================================================================
+------------------------------------------------------------+-----+--------+----------------+-----+--------+---------+
| Name                                                       | DSP | Pragma | Variable       | Op  | Impl   | Latency |
+------------------------------------------------------------+-----+--------+----------------+-----+--------+---------+
| + sgm_kernel                                               | 0   |        |                |     |        |         |
|   r_2_fu_979_p2                                            | -   |        | r_2            | add | fabric | 0       |
|  + sgm_kernel_Pipeline_InitBuf_VITIS_LOOP_384_1            | 0   |        |                |     |        |         |
|    add_ln382_fu_166_p2                                     | -   |        | add_ln382      | add | fabric | 0       |
|    add_ln382_1_fu_192_p2                                   | -   |        | add_ln382_1    | add | fabric | 0       |
|    add_ln384_fu_206_p2                                     | -   |        | add_ln384      | add | fabric | 0       |
|  + sgm_kernel_Pipeline_ResetCosts                          | 0   |        |                |     |        |         |
|    add_ln420_fu_338_p2                                     | -   |        | add_ln420      | add | fabric | 0       |
|  + sgm_kernel_Pipeline_InitTBRow_InitTBRowD                | 0   |        |                |     |        |         |
|    add_ln429_fu_628_p2                                     | -   |        | add_ln429      | add | fabric | 0       |
|    add_ln429_1_fu_656_p2                                   | -   |        | add_ln429_1    | add | fabric | 0       |
|    add_ln433_fu_710_p2                                     | -   |        | add_ln433      | add | fabric | 0       |
|  + row_frontend                                            | 0   |        |                |     |        |         |
|    add_ln318_fu_1025_p2                                    | -   |        | add_ln318      | add | fabric | 0       |
|    add_ln327_fu_1052_p2                                    | -   |        | add_ln327      | add | fabric | 0       |
|   + row_frontend_Pipeline_InitRowCosts                     | 0   |        |                |     |        |         |
|     add_ln299_fu_62_p2                                     | -   |        | add_ln299      | add | fabric | 0       |
|   + row_frontend_Pipeline_InitRightStripe_VITIS_LOOP_313_2 | 0   |        |                |     |        |         |
|     add_ln312_fu_230_p2                                    | -   |        | add_ln312      | add | fabric | 0       |
|     add_ln312_1_fu_256_p2                                  | -   |        | add_ln312_1    | add | fabric | 0       |
|     mul_6ns_8ns_13_1_1_U70                                 | -   |        | mul_ln313      | mul | auto   | 0       |
|     add_ln313_fu_296_p2                                    | -   |        | add_ln313      | add | fabric | 0       |
|   + col_frontend                                           | 0   |        |                |     |        |         |
|     add_ln66_fu_573_p2                                     | -   |        | add_ln66       | add | fabric | 0       |
|     add_ln64_fu_626_p2                                     | -   |        | add_ln64       | add | fabric | 0       |
|     mul_6ns_8ns_13_1_1_U112                                | -   |        | mul_ln66       | mul | auto   | 0       |
|     add_ln64_2_fu_671_p2                                   | -   |        | add_ln64_2     | add | fabric | 0       |
|     add_ln66_1_fu_714_p2                                   | -   |        | add_ln66_1     | add | fabric | 0       |
|     add_ln64_1_fu_767_p2                                   | -   |        | add_ln64_1     | add | fabric | 0       |
|     mul_6ns_8ns_13_1_1_U114                                | -   |        | mul_ln66_1     | mul | auto   | 0       |
|     add_ln64_4_fu_812_p2                                   | -   |        | add_ln64_4     | add | fabric | 0       |
|     add_ln66_2_fu_855_p2                                   | -   |        | add_ln66_2     | add | fabric | 0       |
|     add_ln64_3_fu_946_p2                                   | -   |        | add_ln64_3     | add | fabric | 0       |
|     mul_6ns_8ns_13_1_1_U116                                | -   |        | mul_ln66_2     | mul | auto   | 0       |
|     add_ln64_5_fu_991_p2                                   | -   |        | add_ln64_5     | add | fabric | 0       |
|     add_ln229_fu_891_p2                                    | -   |        | add_ln229      | add | fabric | 0       |
|    + compute_sad_cost_vector                               | 0   |        |                |     |        |         |
|      add_ln86_fu_458_p2                                    | -   |        | add_ln86       | add | fabric | 0       |
|      empty_fu_464_p2                                       | -   |        | empty          | sub | fabric | 0       |
|      mul_5ns_7ns_11_1_1_U83                                | -   |        | mul_ln89       | mul | auto   | 0       |
|      sub_ln21_fu_710_p2                                    | -   |        | sub_ln21       | sub | fabric | 0       |
|      sub_ln21_1_fu_714_p2                                  | -   |        | sub_ln21_1     | sub | fabric | 0       |
|      add_ln100_fu_500_p2                                   | -   |        | add_ln100      | add | fabric | 0       |
|      mul_6ns_8ns_13_1_1_U85                                | -   |        | mul_ln102      | mul | auto   | 0       |
|      sub_ln21_2_fu_734_p2                                  | -   |        | sub_ln21_2     | sub | fabric | 0       |
|      sub_ln21_3_fu_738_p2                                  | -   |        | sub_ln21_3     | sub | fabric | 0       |
|      add_ln100_1_fu_506_p2                                 | -   |        | add_ln100_1    | add | fabric | 0       |
|      mul_6ns_8ns_13_1_1_U86                                | -   |        | mul_ln102_1    | mul | auto   | 0       |
|      sub_ln21_4_fu_758_p2                                  | -   |        | sub_ln21_4     | sub | fabric | 0       |
|      sub_ln21_5_fu_762_p2                                  | -   |        | sub_ln21_5     | sub | fabric | 0       |
|      add_ln104_fu_784_p2                                   | -   |        | add_ln104      | add | fabric | 0       |
|      add_ln104_1_fu_794_p2                                 | -   |        | add_ln104_1    | add | fabric | 0       |
|      add_ln104_2_fu_804_p2                                 | -   |        | add_ln104_2    | add | fabric | 0       |
|      add_ln104_3_fu_694_p2                                 | -   |        | add_ln104_3    | add | fabric | 0       |
|      add_ln104_4_fu_700_p2                                 | -   |        | add_ln104_4    | add | fabric | 0       |
|      add_ln104_5_fu_820_p2                                 | -   |        | add_ln104_5    | add | fabric | 0       |
|      add_ln104_6_fu_830_p2                                 | -   |        | add_ln104_6    | add | fabric | 0       |
|      sum_1_fu_840_p2                                       | -   |        | sum_1          | add | fabric | 0       |
|  + row_backend                                             | 0   |        |                |     |        |         |
|    add_ln345_fu_1866_p2                                    | -   |        | add_ln345      | add | fabric | 0       |
|   + col_backend                                            | 0   |        |                |     |        |         |
|    + reduce_min_vec (grp_reduce_min_vec_fu_771)            | 0   |        |                |     |        |         |
|      add_ln117_fu_459_p2                                   | -   |        | add_ln117      | add | fabric | 0       |
|    + reduce_min_vec (grp_reduce_min_vec_fu_807)            | 0   |        |                |     |        |         |
|      add_ln117_fu_459_p2                                   | -   |        | add_ln117      | add | fabric | 0       |
|    + aggregate_paths_and_select                            | 0   |        |                |     |        |         |
|      add_i279_fu_725_p2                                    | -   |        | add_i279       | add | fabric | 0       |
|      conv2_i_i_i254_fu_739_p2                              | -   |        | conv2_i_i_i254 | add | fabric | 0       |
|      add_i108_fu_749_p2                                    | -   |        | add_i108       | add | fabric | 0       |
|      conv2_i_i_i83_fu_763_p2                               | -   |        | conv2_i_i_i83  | add | fabric | 0       |
|     + aggregate_paths_and_select_Pipeline_AggregationLoop  | 0   |        |                |     |        |         |
|       add_ln147_fu_1008_p2                                 | -   |        | add_ln147      | add | fabric | 0       |
|       p2_LR_fu_1022_p2                                     | -   |        | p2_LR          | add | fabric | 0       |
|       add_ln146_fu_1176_p2                                 | -   |        | add_ln146      | add | fabric | 0       |
|       p1_LR_fu_1190_p2                                     | -   |        | p1_LR          | add | fabric | 0       |
|       add_ln159_fu_1276_p2                                 | -   |        | add_ln159      | add | fabric | 0       |
|       p1_TB_fu_1290_p2                                     | -   |        | p1_TB          | add | fabric | 0       |
|       add_ln155_fu_1616_p2                                 | -   |        | add_ln155      | add | fabric | 0       |
|       sub_ln155_fu_1857_p2                                 | -   |        | sub_ln155      | sub | fabric | 0       |
|       add_ln160_fu_1398_p2                                 | -   |        | add_ln160      | add | fabric | 0       |
|       p2_TB_fu_1412_p2                                     | -   |        | p2_TB          | add | fabric | 0       |
|       add_ln168_fu_1655_p2                                 | -   |        | add_ln168      | add | fabric | 0       |
|       sub_ln168_fu_1893_p2                                 | -   |        | sub_ln168      | sub | fabric | 0       |
|       add_ln171_fu_1934_p2                                 | -   |        | add_ln171      | add | fabric | 0       |
|       sum2_fu_1948_p2                                      | -   |        | sum2           | add | fabric | 0       |
|       add_ln146_1_fu_1664_p2                               | -   |        | add_ln146_1    | add | fabric | 0       |
|       p1_LR_2_fu_1678_p2                                   | -   |        | p1_LR_2        | add | fabric | 0       |
|       d_6_fu_1432_p2                                       | -   |        | d_6            | add | fabric | 0       |
|       add_ln159_1_fu_1711_p2                               | -   |        | add_ln159_1    | add | fabric | 0       |
|       p1_TB_3_fu_1725_p2                                   | -   |        | p1_TB_3        | add | fabric | 0       |
|       add_ln147_1_fu_1741_p2                               | -   |        | add_ln147_1    | add | fabric | 0       |
|       p2_LR_2_fu_1755_p2                                   | -   |        | p2_LR_2        | add | fabric | 0       |
|       add_ln160_1_fu_1771_p2                               | -   |        | add_ln160_1    | add | fabric | 0       |
|       p2_TB_17_fu_1785_p2                                  | -   |        | p2_TB_17       | add | fabric | 0       |
|       add_ln155_1_fu_2171_p2                               | -   |        | add_ln155_1    | add | fabric | 0       |
|       sub_ln155_1_fu_2181_p2                               | -   |        | sub_ln155_1    | sub | fabric | 0       |
|       add_ln168_1_fu_2228_p2                               | -   |        | add_ln168_1    | add | fabric | 0       |
|       sub_ln168_1_fu_2238_p2                               | -   |        | sub_ln168_1    | sub | fabric | 0       |
|       add_ln171_1_fu_2498_p2                               | -   |        | add_ln171_1    | add | fabric | 0       |
|       sum2_2_fu_2512_p2                                    | -   |        | sum2_2         | add | fabric | 0       |
|    + commit_prev_costs                                     | 0   |        |                |     |        |         |
|      add_ln192_fu_1932_p2                                  | -   |        | add_ln192      | add | fabric | 0       |
+------------------------------------------------------------+-----+--------+----------------+-----+--------+---------+


================================================================
== Bind Storage Report
================================================================
+----------------------------------------------------------------------------+------+------+--------+------------------------------------------------------------------------+---------+------+---------+
| Name                                                                       | BRAM | URAM | Pragma | Variable                                                               | Storage | Impl | Latency |
+----------------------------------------------------------------------------+------+------+--------+------------------------------------------------------------------------+---------+------+---------+
| + sgm_kernel                                                               | 68   | 0    |        |                                                                        |         |      |         |
|   bufL_U                                                                   | 1    | -    | yes    | bufL                                                                   | ram_s2p | bram | 1       |
|   bufL_1_U                                                                 | 1    | -    | yes    | bufL_1                                                                 | ram_s2p | bram | 1       |
|   bufR_U                                                                   | 1    | -    | yes    | bufR                                                                   | ram_s2p | bram | 1       |
|   bufR_1_U                                                                 | 1    | -    | yes    | bufR_1                                                                 | ram_s2p | bram | 1       |
|   sgm_kernel_stream_stream_ap_uint_8_0_stream_ap_uint_8_0_prevCostT_9_U    | 1    | -    | pragma | sgm_kernel_stream_stream_ap_uint_8_0_stream_ap_uint_8_0_prevCostT_9    | ram_1p  | bram | 1       |
|   sgm_kernel_stream_stream_ap_uint_8_0_stream_ap_uint_8_0_prevCostT_8_U    | 1    | -    | pragma | sgm_kernel_stream_stream_ap_uint_8_0_stream_ap_uint_8_0_prevCostT_8    | ram_1p  | bram | 1       |
|   sgm_kernel_stream_stream_ap_uint_8_0_stream_ap_uint_8_0_prevCostT_7_U    | 1    | -    | pragma | sgm_kernel_stream_stream_ap_uint_8_0_stream_ap_uint_8_0_prevCostT_7    | ram_1p  | bram | 1       |
|   sgm_kernel_stream_stream_ap_uint_8_0_stream_ap_uint_8_0_prevCostT_6_U    | 1    | -    | pragma | sgm_kernel_stream_stream_ap_uint_8_0_stream_ap_uint_8_0_prevCostT_6    | ram_1p  | bram | 1       |
|   sgm_kernel_stream_stream_ap_uint_8_0_stream_ap_uint_8_0_prevCostT_5_U    | 1    | -    | pragma | sgm_kernel_stream_stream_ap_uint_8_0_stream_ap_uint_8_0_prevCostT_5    | ram_1p  | bram | 1       |
|   sgm_kernel_stream_stream_ap_uint_8_0_stream_ap_uint_8_0_prevCostT_4_U    | 1    | -    | pragma | sgm_kernel_stream_stream_ap_uint_8_0_stream_ap_uint_8_0_prevCostT_4    | ram_1p  | bram | 1       |
|   sgm_kernel_stream_stream_ap_uint_8_0_stream_ap_uint_8_0_prevCostT_3_U    | 1    | -    | pragma | sgm_kernel_stream_stream_ap_uint_8_0_stream_ap_uint_8_0_prevCostT_3    | ram_1p  | bram | 1       |
|   sgm_kernel_stream_stream_ap_uint_8_0_stream_ap_uint_8_0_prevCostT_2_U    | 1    | -    | pragma | sgm_kernel_stream_stream_ap_uint_8_0_stream_ap_uint_8_0_prevCostT_2    | ram_1p  | bram | 1       |
|   sgm_kernel_stream_stream_ap_uint_8_0_stream_ap_uint_8_0_prevCostT_1_U    | 1    | -    | pragma | sgm_kernel_stream_stream_ap_uint_8_0_stream_ap_uint_8_0_prevCostT_1    | ram_1p  | bram | 1       |
|   sgm_kernel_stream_stream_ap_uint_8_0_stream_ap_uint_8_0_prevCostT_U      | 1    | -    | pragma | sgm_kernel_stream_stream_ap_uint_8_0_stream_ap_uint_8_0_prevCostT      | ram_1p  | bram | 1       |
|   p_ZZ10sgm_kernelRN3hls6streamI7ap_uintILi8EELi0EEES4_S4_E9prevCostT_10_U | 1    | -    | pragma | p_ZZ10sgm_kernelRN3hls6streamI7ap_uintILi8EELi0EEES4_S4_E9prevCostT_10 | ram_1p  | bram | 1       |
|   p_ZZ10sgm_kernelRN3hls6streamI7ap_uintILi8EELi0EEES4_S4_E9prevCostT_11_U | 1    | -    | pragma | p_ZZ10sgm_kernelRN3hls6streamI7ap_uintILi8EELi0EEES4_S4_E9prevCostT_11 | ram_1p  | bram | 1       |
|   p_ZZ10sgm_kernelRN3hls6streamI7ap_uintILi8EELi0EEES4_S4_E9prevCostT_12_U | 1    | -    | pragma | p_ZZ10sgm_kernelRN3hls6streamI7ap_uintILi8EELi0EEES4_S4_E9prevCostT_12 | ram_1p  | bram | 1       |
|   p_ZZ10sgm_kernelRN3hls6streamI7ap_uintILi8EELi0EEES4_S4_E9prevCostT_13_U | 1    | -    | pragma | p_ZZ10sgm_kernelRN3hls6streamI7ap_uintILi8EELi0EEES4_S4_E9prevCostT_13 | ram_1p  | bram | 1       |
|   p_ZZ10sgm_kernelRN3hls6streamI7ap_uintILi8EELi0EEES4_S4_E9prevCostT_14_U | 1    | -    | pragma | p_ZZ10sgm_kernelRN3hls6streamI7ap_uintILi8EELi0EEES4_S4_E9prevCostT_14 | ram_1p  | bram | 1       |
|   p_ZZ10sgm_kernelRN3hls6streamI7ap_uintILi8EELi0EEES4_S4_E9prevCostT_15_U | 1    | -    | pragma | p_ZZ10sgm_kernelRN3hls6streamI7ap_uintILi8EELi0EEES4_S4_E9prevCostT_15 | ram_1p  | bram | 1       |
|   p_ZZ10sgm_kernelRN3hls6streamI7ap_uintILi8EELi0EEES4_S4_E9prevCostT_16_U | 1    | -    | pragma | p_ZZ10sgm_kernelRN3hls6streamI7ap_uintILi8EELi0EEES4_S4_E9prevCostT_16 | ram_1p  | bram | 1       |
|   p_ZZ10sgm_kernelRN3hls6streamI7ap_uintILi8EELi0EEES4_S4_E9prevCostT_17_U | 1    | -    | pragma | p_ZZ10sgm_kernelRN3hls6streamI7ap_uintILi8EELi0EEES4_S4_E9prevCostT_17 | ram_1p  | bram | 1       |
|   p_ZZ10sgm_kernelRN3hls6streamI7ap_uintILi8EELi0EEES4_S4_E9prevCostT_18_U | 1    | -    | pragma | p_ZZ10sgm_kernelRN3hls6streamI7ap_uintILi8EELi0EEES4_S4_E9prevCostT_18 | ram_1p  | bram | 1       |
|   p_ZZ10sgm_kernelRN3hls6streamI7ap_uintILi8EELi0EEES4_S4_E9prevCostT_19_U | 1    | -    | pragma | p_ZZ10sgm_kernelRN3hls6streamI7ap_uintILi8EELi0EEES4_S4_E9prevCostT_19 | ram_1p  | bram | 1       |
|   p_ZZ10sgm_kernelRN3hls6streamI7ap_uintILi8EELi0EEES4_S4_E9prevCostT_20_U | 1    | -    | pragma | p_ZZ10sgm_kernelRN3hls6streamI7ap_uintILi8EELi0EEES4_S4_E9prevCostT_20 | ram_1p  | bram | 1       |
|   p_ZZ10sgm_kernelRN3hls6streamI7ap_uintILi8EELi0EEES4_S4_E9prevCostT_21_U | 1    | -    | pragma | p_ZZ10sgm_kernelRN3hls6streamI7ap_uintILi8EELi0EEES4_S4_E9prevCostT_21 | ram_1p  | bram | 1       |
|   p_ZZ10sgm_kernelRN3hls6streamI7ap_uintILi8EELi0EEES4_S4_E9prevCostT_22_U | 1    | -    | pragma | p_ZZ10sgm_kernelRN3hls6streamI7ap_uintILi8EELi0EEES4_S4_E9prevCostT_22 | ram_1p  | bram | 1       |
|   p_ZZ10sgm_kernelRN3hls6streamI7ap_uintILi8EELi0EEES4_S4_E9prevCostT_23_U | 1    | -    | pragma | p_ZZ10sgm_kernelRN3hls6streamI7ap_uintILi8EELi0EEES4_S4_E9prevCostT_23 | ram_1p  | bram | 1       |
|   p_ZZ10sgm_kernelRN3hls6streamI7ap_uintILi8EELi0EEES4_S4_E9prevCostT_24_U | 1    | -    | pragma | p_ZZ10sgm_kernelRN3hls6streamI7ap_uintILi8EELi0EEES4_S4_E9prevCostT_24 | ram_1p  | bram | 1       |
|   p_ZZ10sgm_kernelRN3hls6streamI7ap_uintILi8EELi0EEES4_S4_E9prevCostT_25_U | 1    | -    | pragma | p_ZZ10sgm_kernelRN3hls6streamI7ap_uintILi8EELi0EEES4_S4_E9prevCostT_25 | ram_1p  | bram | 1       |
|   p_ZZ10sgm_kernelRN3hls6streamI7ap_uintILi8EELi0EEES4_S4_E9prevCostT_26_U | 1    | -    | pragma | p_ZZ10sgm_kernelRN3hls6streamI7ap_uintILi8EELi0EEES4_S4_E9prevCostT_26 | ram_1p  | bram | 1       |
|   p_ZZ10sgm_kernelRN3hls6streamI7ap_uintILi8EELi0EEES4_S4_E9prevCostT_27_U | 1    | -    | pragma | p_ZZ10sgm_kernelRN3hls6streamI7ap_uintILi8EELi0EEES4_S4_E9prevCostT_27 | ram_1p  | bram | 1       |
|   p_ZZ10sgm_kernelRN3hls6streamI7ap_uintILi8EELi0EEES4_S4_E9prevCostT_28_U | 1    | -    | pragma | p_ZZ10sgm_kernelRN3hls6streamI7ap_uintILi8EELi0EEES4_S4_E9prevCostT_28 | ram_1p  | bram | 1       |
|   p_ZZ10sgm_kernelRN3hls6streamI7ap_uintILi8EELi0EEES4_S4_E9prevCostT_29_U | 1    | -    | pragma | p_ZZ10sgm_kernelRN3hls6streamI7ap_uintILi8EELi0EEES4_S4_E9prevCostT_29 | ram_1p  | bram | 1       |
|   p_ZZ10sgm_kernelRN3hls6streamI7ap_uintILi8EELi0EEES4_S4_E9prevCostT_30_U | 1    | -    | pragma | p_ZZ10sgm_kernelRN3hls6streamI7ap_uintILi8EELi0EEES4_S4_E9prevCostT_30 | ram_1p  | bram | 1       |
|   p_ZZ10sgm_kernelRN3hls6streamI7ap_uintILi8EELi0EEES4_S4_E9prevCostT_31_U | 1    | -    | pragma | p_ZZ10sgm_kernelRN3hls6streamI7ap_uintILi8EELi0EEES4_S4_E9prevCostT_31 | ram_1p  | bram | 1       |
|   row_costs_valid_U                                                        | -    | -    |        | row_costs_valid                                                        | ram_1p  | auto | 1       |
|   row_costs_curCost_0_U                                                    | 1    | -    |        | row_costs_curCost_0                                                    | ram_1p  | auto | 1       |
|   row_costs_curCost_1_U                                                    | 1    | -    |        | row_costs_curCost_1                                                    | ram_1p  | auto | 1       |
|   row_costs_curCost_2_U                                                    | 1    | -    |        | row_costs_curCost_2                                                    | ram_1p  | auto | 1       |
|   row_costs_curCost_3_U                                                    | 1    | -    |        | row_costs_curCost_3                                                    | ram_1p  | auto | 1       |
|   row_costs_curCost_4_U                                                    | 1    | -    |        | row_costs_curCost_4                                                    | ram_1p  | auto | 1       |
|   row_costs_curCost_5_U                                                    | 1    | -    |        | row_costs_curCost_5                                                    | ram_1p  | auto | 1       |
|   row_costs_curCost_6_U                                                    | 1    | -    |        | row_costs_curCost_6                                                    | ram_1p  | auto | 1       |
|   row_costs_curCost_7_U                                                    | 1    | -    |        | row_costs_curCost_7                                                    | ram_1p  | auto | 1       |
|   row_costs_curCost_8_U                                                    | 1    | -    |        | row_costs_curCost_8                                                    | ram_1p  | auto | 1       |
|   row_costs_curCost_9_U                                                    | 1    | -    |        | row_costs_curCost_9                                                    | ram_1p  | auto | 1       |
|   row_costs_curCost_10_U                                                   | 1    | -    |        | row_costs_curCost_10                                                   | ram_1p  | auto | 1       |
|   row_costs_curCost_11_U                                                   | 1    | -    |        | row_costs_curCost_11                                                   | ram_1p  | auto | 1       |
|   row_costs_curCost_12_U                                                   | 1    | -    |        | row_costs_curCost_12                                                   | ram_1p  | auto | 1       |
|   row_costs_curCost_13_U                                                   | 1    | -    |        | row_costs_curCost_13                                                   | ram_1p  | auto | 1       |
|   row_costs_curCost_14_U                                                   | 1    | -    |        | row_costs_curCost_14                                                   | ram_1p  | auto | 1       |
|   row_costs_curCost_15_U                                                   | 1    | -    |        | row_costs_curCost_15                                                   | ram_1p  | auto | 1       |
|   row_costs_curCost_16_U                                                   | 1    | -    |        | row_costs_curCost_16                                                   | ram_1p  | auto | 1       |
|   row_costs_curCost_17_U                                                   | 1    | -    |        | row_costs_curCost_17                                                   | ram_1p  | auto | 1       |
|   row_costs_curCost_18_U                                                   | 1    | -    |        | row_costs_curCost_18                                                   | ram_1p  | auto | 1       |
|   row_costs_curCost_19_U                                                   | 1    | -    |        | row_costs_curCost_19                                                   | ram_1p  | auto | 1       |
|   row_costs_curCost_20_U                                                   | 1    | -    |        | row_costs_curCost_20                                                   | ram_1p  | auto | 1       |
|   row_costs_curCost_21_U                                                   | 1    | -    |        | row_costs_curCost_21                                                   | ram_1p  | auto | 1       |
|   row_costs_curCost_22_U                                                   | 1    | -    |        | row_costs_curCost_22                                                   | ram_1p  | auto | 1       |
|   row_costs_curCost_23_U                                                   | 1    | -    |        | row_costs_curCost_23                                                   | ram_1p  | auto | 1       |
|   row_costs_curCost_24_U                                                   | 1    | -    |        | row_costs_curCost_24                                                   | ram_1p  | auto | 1       |
|   row_costs_curCost_25_U                                                   | 1    | -    |        | row_costs_curCost_25                                                   | ram_1p  | auto | 1       |
|   row_costs_curCost_26_U                                                   | 1    | -    |        | row_costs_curCost_26                                                   | ram_1p  | auto | 1       |
|   row_costs_curCost_27_U                                                   | 1    | -    |        | row_costs_curCost_27                                                   | ram_1p  | auto | 1       |
|   row_costs_curCost_28_U                                                   | 1    | -    |        | row_costs_curCost_28                                                   | ram_1p  | auto | 1       |
|   row_costs_curCost_29_U                                                   | 1    | -    |        | row_costs_curCost_29                                                   | ram_1p  | auto | 1       |
|   row_costs_curCost_30_U                                                   | 1    | -    |        | row_costs_curCost_30                                                   | ram_1p  | auto | 1       |
|   row_costs_curCost_31_U                                                   | 1    | -    |        | row_costs_curCost_31                                                   | ram_1p  | auto | 1       |
|  + row_frontend                                                            | 0    | 0    |        |                                                                        |         |      |         |
|    rightStripe_U                                                           | -    | -    |        | rightStripe                                                            | rom_np  | auto | 1       |
|    rightStripe_1_U                                                         | -    | -    |        | rightStripe_1                                                          | rom_np  | auto | 1       |
|    rightStripe_2_U                                                         | -    | -    |        | rightStripe_2                                                          | rom_np  | auto | 1       |
|    rightStripe_3_U                                                         | -    | -    |        | rightStripe_3                                                          | rom_np  | auto | 1       |
|    rightStripe_4_U                                                         | -    | -    |        | rightStripe_4                                                          | rom_np  | auto | 1       |
|    rightStripe_5_U                                                         | -    | -    |        | rightStripe_5                                                          | rom_np  | auto | 1       |
|    rightStripe_6_U                                                         | -    | -    |        | rightStripe_6                                                          | rom_np  | auto | 1       |
|    rightStripe_7_U                                                         | -    | -    |        | rightStripe_7                                                          | rom_np  | auto | 1       |
|    rightStripe_8_U                                                         | -    | -    |        | rightStripe_8                                                          | rom_np  | auto | 1       |
|    pkt_curCost_U                                                           | -    | -    |        | pkt_curCost                                                            | ram_s2p | auto | 1       |
|  + row_backend                                                             | 0    | 0    |        |                                                                        |         |      |         |
|    pkt_curCost_U                                                           | -    | -    |        | pkt_curCost                                                            | ram_t2p | auto | 1       |
+----------------------------------------------------------------------------+------+------+--------+------------------------------------------------------------------------+---------+------+---------+


================================================================
== Pragma Report
================================================================
* Pragmas with Warnings
+---------------+------------------------------------------+------------------------------------------------------------------------------------------------------------------------------+----------------------------------------------------+
| Type          | Options                                  | Location                                                                                                                     | Messages                                           |
+---------------+------------------------------------------+------------------------------------------------------------------------------------------------------------------------------+----------------------------------------------------+
| array_reshape | variable=val factor=RESHAPE_FACTOR dim=1 | ../Vitis_Libraries/vision/L1/include/common/xf_video_mem.hpp:759 in linebuffer<rows, cols, t, mem_type, reshape_factor>, val | 'factor' in '#pragma HLS array_reshape' is ignored |
+---------------+------------------------------------------+------------------------------------------------------------------------------------------------------------------------------+----------------------------------------------------+

* Valid Pragma Syntax
+-----------------+--------------------------------------------------+------------------------------------------------------------------------------------------------------------------------------+
| Type            | Options                                          | Location                                                                                                                     |
+-----------------+--------------------------------------------------+------------------------------------------------------------------------------------------------------------------------------+
| inline          |                                                  | ../Vitis_Libraries/vision/L1/include/common/xf_structs.hpp:245 in scalar<n, t>                                               |
| array_partition | variable=val dim=1 complete                      | ../Vitis_Libraries/vision/L1/include/common/xf_structs.hpp:246 in scalar<n, t>, val                                          |
| inline          |                                                  | ../Vitis_Libraries/vision/L1/include/common/xf_structs.hpp:252 in scalar<n, t>                                               |
| array_partition | variable=val dim=1 complete                      | ../Vitis_Libraries/vision/L1/include/common/xf_structs.hpp:253 in scalar<n, t>, val                                          |
| array_partition | variable=val dim=1 complete                      | ../Vitis_Libraries/vision/L1/include/common/xf_structs.hpp:260 in scalar<n, t>, val                                          |
| inline          |                                                  | ../Vitis_Libraries/vision/L1/include/common/xf_structs.hpp:261 in scalar<n, t>                                               |
| array_partition | variable=val dim=1 complete                      | ../Vitis_Libraries/vision/L1/include/common/xf_structs.hpp:269 in scalar<n, t>, val                                          |
| inline          |                                                  | ../Vitis_Libraries/vision/L1/include/common/xf_structs.hpp:270 in scalar<n, t>                                               |
| array_partition | variable=val dim=1 complete                      | ../Vitis_Libraries/vision/L1/include/common/xf_structs.hpp:279 in scalar<n, t>, val                                          |
| inline          |                                                  | ../Vitis_Libraries/vision/L1/include/common/xf_structs.hpp:280 in scalar<n, t>                                               |
| inline          |                                                  | ../Vitis_Libraries/vision/L1/include/common/xf_structs.hpp:305 in operator=                                                  |
| unroll          |                                                  | ../Vitis_Libraries/vision/L1/include/common/xf_structs.hpp:309 in operator=                                                  |
| inline          |                                                  | ../Vitis_Libraries/vision/L1/include/common/xf_structs.hpp:318 in operator+                                                  |
| unroll          |                                                  | ../Vitis_Libraries/vision/L1/include/common/xf_structs.hpp:323 in operator+                                                  |
| inline          |                                                  | ../Vitis_Libraries/vision/L1/include/common/xf_structs.hpp:333 in operator+                                                  |
| unroll          |                                                  | ../Vitis_Libraries/vision/L1/include/common/xf_structs.hpp:338 in operator+                                                  |
| inline          |                                                  | ../Vitis_Libraries/vision/L1/include/common/xf_structs.hpp:348 in operator-                                                  |
| unroll          |                                                  | ../Vitis_Libraries/vision/L1/include/common/xf_structs.hpp:353 in operator-                                                  |
| inline          |                                                  | ../Vitis_Libraries/vision/L1/include/common/xf_structs.hpp:363 in operator-                                                  |
| unroll          |                                                  | ../Vitis_Libraries/vision/L1/include/common/xf_structs.hpp:368 in operator-                                                  |
| inline          |                                                  | ../Vitis_Libraries/vision/L1/include/common/xf_structs.hpp:378 in operator*                                                  |
| unroll          |                                                  | ../Vitis_Libraries/vision/L1/include/common/xf_structs.hpp:383 in operator*                                                  |
| inline          |                                                  | ../Vitis_Libraries/vision/L1/include/common/xf_structs.hpp:393 in operator*                                                  |
| unroll          |                                                  | ../Vitis_Libraries/vision/L1/include/common/xf_structs.hpp:398 in operator*                                                  |
| inline          |                                                  | ../Vitis_Libraries/vision/L1/include/common/xf_structs.hpp:408 in operator/                                                  |
| unroll          |                                                  | ../Vitis_Libraries/vision/L1/include/common/xf_structs.hpp:413 in operator/                                                  |
| inline          |                                                  | ../Vitis_Libraries/vision/L1/include/common/xf_structs.hpp:423 in operator/                                                  |
| unroll          |                                                  | ../Vitis_Libraries/vision/L1/include/common/xf_structs.hpp:428 in operator/                                                  |
| inline          |                                                  | ../Vitis_Libraries/vision/L1/include/common/xf_structs.hpp:584 in type                                                       |
| inline          |                                                  | ../Vitis_Libraries/vision/L1/include/common/xf_structs.hpp:592 in depth                                                      |
| inline          |                                                  | ../Vitis_Libraries/vision/L1/include/common/xf_structs.hpp:599 in channels                                                   |
| inline          |                                                  | ../Vitis_Libraries/vision/L1/include/common/xf_structs.hpp:607 in init                                                       |
| inline          |                                                  | ../Vitis_Libraries/vision/L1/include/common/xf_structs.hpp:654 in mat<t, rows, cols, npc, xfcvdepth>                         |
| inline          |                                                  | ../Vitis_Libraries/vision/L1/include/common/xf_structs.hpp:663 in mat<t, rows, cols, npc, xfcvdepth>                         |
| inline          |                                                  | ../Vitis_Libraries/vision/L1/include/common/xf_structs.hpp:672 in mat<t, rows, cols, npc, xfcvdepth>                         |
| inline          |                                                  | ../Vitis_Libraries/vision/L1/include/common/xf_structs.hpp:681 in mat<t, rows, cols, npc, xfcvdepth>                         |
| inline          |                                                  | ../Vitis_Libraries/vision/L1/include/common/xf_structs.hpp:708 in copyto                                                     |
| inline          |                                                  | ../Vitis_Libraries/vision/L1/include/common/xf_structs.hpp:742 in copyfrom                                                   |
| bind_op         | variable=mul_rows_cols op=mul impl=dsp latency=2 | ../Vitis_Libraries/vision/L1/include/common/xf_structs.hpp:949 in addrbound, mul_rows_cols                                   |
| loop_tripcount  | min=1 max=ADDRBOUND                              | ../Vitis_Libraries/vision/L1/include/common/xf_structs.hpp:984 in axi2axistream                                              |
| pipeline        |                                                  | ../Vitis_Libraries/vision/L1/include/common/xf_structs.hpp:985 in axi2axistream                                              |
| loop_tripcount  | min=1 max=ADDRBOUND                              | ../Vitis_Libraries/vision/L1/include/common/xf_structs.hpp:998 in axi2axistream                                              |
| pipeline        |                                                  | ../Vitis_Libraries/vision/L1/include/common/xf_structs.hpp:999 in axi2axistream                                              |
| loop_tripcount  | min=1 max=ROWS                                   | ../Vitis_Libraries/vision/L1/include/common/xf_structs.hpp:1019 in axi2axistream                                             |
| loop_tripcount  | min=1 max=COLS_ADDRBOUND                         | ../Vitis_Libraries/vision/L1/include/common/xf_structs.hpp:1023 in axi2axistream                                             |
| pipeline        | II=1                                             | ../Vitis_Libraries/vision/L1/include/common/xf_structs.hpp:1024 in axi2axistream                                             |
| loop_tripcount  | min=1 max=LOOPBOUND                              | ../Vitis_Libraries/vision/L1/include/common/xf_structs.hpp:1056 in axistream2matstream                                       |
| pipeline        |                                                  | ../Vitis_Libraries/vision/L1/include/common/xf_structs.hpp:1057 in axistream2matstream                                       |
| loop_tripcount  | min=1 max=LOOPBOUND                              | ../Vitis_Libraries/vision/L1/include/common/xf_structs.hpp:1100 in matstream2mat                                             |
| pipeline        |                                                  | ../Vitis_Libraries/vision/L1/include/common/xf_structs.hpp:1101 in matstream2mat                                             |
| dataflow        |                                                  | ../Vitis_Libraries/vision/L1/include/common/xf_structs.hpp:1113 in axistream2mat                                             |
| dataflow        |                                                  | ../Vitis_Libraries/vision/L1/include/common/xf_structs.hpp:1126 in axistream2mat                                             |
| dataflow        |                                                  | ../Vitis_Libraries/vision/L1/include/common/xf_structs.hpp:1141 in axi2mat                                                   |
| dataflow        |                                                  | ../Vitis_Libraries/vision/L1/include/common/xf_structs.hpp:1164 in axi2mat                                                   |
| dataflow        |                                                  | ../Vitis_Libraries/vision/L1/include/common/xf_structs.hpp:1176 in axi2mat                                                   |
| dataflow        |                                                  | ../Vitis_Libraries/vision/L1/include/common/xf_structs.hpp:1199 in axi2mat                                                   |
| loop_tripcount  | min=1 max=LOOPBOUND                              | ../Vitis_Libraries/vision/L1/include/common/xf_structs.hpp:1273 in mat2matstream                                             |
| pipeline        |                                                  | ../Vitis_Libraries/vision/L1/include/common/xf_structs.hpp:1274 in mat2matstream                                             |
| loop_tripcount  | min=1 max=ROWS                                   | ../Vitis_Libraries/vision/L1/include/common/xf_structs.hpp:1303 in matstream2axistream                                       |
| loop_tripcount  | min=1 max=COLS_BOUND_PER_NPC                     | ../Vitis_Libraries/vision/L1/include/common/xf_structs.hpp:1308 in matstream2axistream                                       |
| pipeline        |                                                  | ../Vitis_Libraries/vision/L1/include/common/xf_structs.hpp:1309 in matstream2axistream                                       |
| dataflow        |                                                  | ../Vitis_Libraries/vision/L1/include/common/xf_structs.hpp:1351 in mat2axistream                                             |
| dataflow        |                                                  | ../Vitis_Libraries/vision/L1/include/common/xf_structs.hpp:1364 in mat2axistream                                             |
| loop_tripcount  | min=1 max=ADDRBOUND                              | ../Vitis_Libraries/vision/L1/include/common/xf_structs.hpp:1381 in axistream2axi                                             |
| pipeline        |                                                  | ../Vitis_Libraries/vision/L1/include/common/xf_structs.hpp:1382 in axistream2axi                                             |
| loop_tripcount  | min=1 max=ADDRBOUND                              | ../Vitis_Libraries/vision/L1/include/common/xf_structs.hpp:1396 in axistream2axi                                             |
| pipeline        |                                                  | ../Vitis_Libraries/vision/L1/include/common/xf_structs.hpp:1397 in axistream2axi                                             |
| dataflow        |                                                  | ../Vitis_Libraries/vision/L1/include/common/xf_structs.hpp:1411 in mat2axi                                                   |
| dataflow        |                                                  | ../Vitis_Libraries/vision/L1/include/common/xf_structs.hpp:1438 in mat2axi                                                   |
| dataflow        |                                                  | ../Vitis_Libraries/vision/L1/include/common/xf_structs.hpp:1469 in mat2axi                                                   |
| dataflow        |                                                  | ../Vitis_Libraries/vision/L1/include/common/xf_structs.hpp:1499 in mat2axi                                                   |
| inline          |                                                  | ../Vitis_Libraries/vision/L1/include/common/xf_video_mem.hpp:46 in window<rows, cols, t>                                     |
| array_partition | variable=val dim=1 complete                      | ../Vitis_Libraries/vision/L1/include/common/xf_video_mem.hpp:47 in window<rows, cols, t>, val                                |
| array_partition | variable=val dim=2 complete                      | ../Vitis_Libraries/vision/L1/include/common/xf_video_mem.hpp:48 in window<rows, cols, t>, val                                |
| inline          |                                                  | ../Vitis_Libraries/vision/L1/include/common/xf_video_mem.hpp:112 in shift_pixels_left                                        |
| unroll          |                                                  | ../Vitis_Libraries/vision/L1/include/common/xf_video_mem.hpp:124 in shift_pixels_left                                        |
| unroll          |                                                  | ../Vitis_Libraries/vision/L1/include/common/xf_video_mem.hpp:128 in shift_pixels_left                                        |
| inline          |                                                  | ../Vitis_Libraries/vision/L1/include/common/xf_video_mem.hpp:156 in shift_pixels_right                                       |
| unroll          |                                                  | ../Vitis_Libraries/vision/L1/include/common/xf_video_mem.hpp:168 in shift_pixels_right                                       |
| unroll          |                                                  | ../Vitis_Libraries/vision/L1/include/common/xf_video_mem.hpp:172 in shift_pixels_right                                       |
| inline          |                                                  | ../Vitis_Libraries/vision/L1/include/common/xf_video_mem.hpp:200 in shift_pixels_up                                          |
| unroll          |                                                  | ../Vitis_Libraries/vision/L1/include/common/xf_video_mem.hpp:212 in shift_pixels_up                                          |
| unroll          |                                                  | ../Vitis_Libraries/vision/L1/include/common/xf_video_mem.hpp:216 in shift_pixels_up                                          |
| inline          |                                                  | ../Vitis_Libraries/vision/L1/include/common/xf_video_mem.hpp:244 in shift_pixels_down                                        |
| unroll          |                                                  | ../Vitis_Libraries/vision/L1/include/common/xf_video_mem.hpp:256 in shift_pixels_down                                        |
| unroll          |                                                  | ../Vitis_Libraries/vision/L1/include/common/xf_video_mem.hpp:260 in shift_pixels_down                                        |
| inline          |                                                  | ../Vitis_Libraries/vision/L1/include/common/xf_video_mem.hpp:287 in insert_pixel                                             |
| inline          |                                                  | ../Vitis_Libraries/vision/L1/include/common/xf_video_mem.hpp:320 in insert_row                                               |
| unroll          |                                                  | ../Vitis_Libraries/vision/L1/include/common/xf_video_mem.hpp:332 in insert_row                                               |
| inline          |                                                  | ../Vitis_Libraries/vision/L1/include/common/xf_video_mem.hpp:359 in insert_top_row                                           |
| inline          |                                                  | ../Vitis_Libraries/vision/L1/include/common/xf_video_mem.hpp:392 in insert_bottom_row                                        |
| inline          |                                                  | ../Vitis_Libraries/vision/L1/include/common/xf_video_mem.hpp:425 in insert_col                                               |
| unroll          |                                                  | ../Vitis_Libraries/vision/L1/include/common/xf_video_mem.hpp:437 in insert_col                                               |
| inline          |                                                  | ../Vitis_Libraries/vision/L1/include/common/xf_video_mem.hpp:464 in insert_left_col                                          |
| inline          |                                                  | ../Vitis_Libraries/vision/L1/include/common/xf_video_mem.hpp:497 in insert_right_col                                         |
| inline          |                                                  | ../Vitis_Libraries/vision/L1/include/common/xf_video_mem.hpp:530 in getval                                                   |
| inline          |                                                  | ../Vitis_Libraries/vision/L1/include/common/xf_video_mem.hpp:542 in operator()                                               |
| inline          |                                                  | ../Vitis_Libraries/vision/L1/include/common/xf_video_mem.hpp:579 in shift_left                                               |
| inline          |                                                  | ../Vitis_Libraries/vision/L1/include/common/xf_video_mem.hpp:592 in shift_right                                              |
| inline          |                                                  | ../Vitis_Libraries/vision/L1/include/common/xf_video_mem.hpp:605 in shift_up                                                 |
| inline          |                                                  | ../Vitis_Libraries/vision/L1/include/common/xf_video_mem.hpp:618 in shift_down                                               |
| inline          |                                                  | ../Vitis_Libraries/vision/L1/include/common/xf_video_mem.hpp:631 in insert                                                   |
| inline          |                                                  | ../Vitis_Libraries/vision/L1/include/common/xf_video_mem.hpp:644 in insert_top                                               |
| inline          |                                                  | ../Vitis_Libraries/vision/L1/include/common/xf_video_mem.hpp:657 in insert_bottom                                            |
| inline          |                                                  | ../Vitis_Libraries/vision/L1/include/common/xf_video_mem.hpp:670 in insert_left                                              |
| inline          |                                                  | ../Vitis_Libraries/vision/L1/include/common/xf_video_mem.hpp:683 in insert_right                                             |
| inline          |                                                  | ../Vitis_Libraries/vision/L1/include/common/xf_video_mem.hpp:700 in linebuffer<rows, cols, t, mem_type, reshape_factor>      |
| dependence      | variable=val inter false                         | ../Vitis_Libraries/vision/L1/include/common/xf_video_mem.hpp:701 in linebuffer<rows, cols, t, mem_type, reshape_factor>, val |
| dependence      | variable=val intra false                         | ../Vitis_Libraries/vision/L1/include/common/xf_video_mem.hpp:702 in linebuffer<rows, cols, t, mem_type, reshape_factor>, val |
| bind_storage    | variable=val type=RAM_1P impl=BRAM               | ../Vitis_Libraries/vision/L1/include/common/xf_video_mem.hpp:711 in linebuffer<rows, cols, t, mem_type, reshape_factor>, val |
| bind_storage    | variable=val type=RAM_1P impl=URAM               | ../Vitis_Libraries/vision/L1/include/common/xf_video_mem.hpp:716 in linebuffer<rows, cols, t, mem_type, reshape_factor>, val |
| bind_storage    | variable=val type=RAM_2P impl=BRAM               | ../Vitis_Libraries/vision/L1/include/common/xf_video_mem.hpp:721 in linebuffer<rows, cols, t, mem_type, reshape_factor>, val |
| bind_storage    | variable=val type=RAM_2P impl=URAM               | ../Vitis_Libraries/vision/L1/include/common/xf_video_mem.hpp:726 in linebuffer<rows, cols, t, mem_type, reshape_factor>, val |
| bind_storage    | variable=val type=RAM_S2P impl=BRAM              | ../Vitis_Libraries/vision/L1/include/common/xf_video_mem.hpp:731 in linebuffer<rows, cols, t, mem_type, reshape_factor>, val |
| bind_storage    | variable=val type=RAM_S2P impl=URAM              | ../Vitis_Libraries/vision/L1/include/common/xf_video_mem.hpp:736 in linebuffer<rows, cols, t, mem_type, reshape_factor>, val |
| bind_storage    | variable=val type=RAM_T2P impl=BRAM              | ../Vitis_Libraries/vision/L1/include/common/xf_video_mem.hpp:741 in linebuffer<rows, cols, t, mem_type, reshape_factor>, val |
| bind_storage    | variable=val type=RAM_T2P impl=URAM              | ../Vitis_Libraries/vision/L1/include/common/xf_video_mem.hpp:746 in linebuffer<rows, cols, t, mem_type, reshape_factor>, val |
| array_partition | variable=val complete dim=1                      | ../Vitis_Libraries/vision/L1/include/common/xf_video_mem.hpp:755 in linebuffer<rows, cols, t, mem_type, reshape_factor>, val |
| inline          |                                                  | ../Vitis_Libraries/vision/L1/include/common/xf_video_mem.hpp:813 in shift_pixels_down                                        |
| unroll          |                                                  | ../Vitis_Libraries/vision/L1/include/common/xf_video_mem.hpp:826 in shift_pixels_down                                        |
| inline          |                                                  | ../Vitis_Libraries/vision/L1/include/common/xf_video_mem.hpp:856 in shift_pixels_up                                          |
| unroll          |                                                  | ../Vitis_Libraries/vision/L1/include/common/xf_video_mem.hpp:869 in shift_pixels_up                                          |
| inline          |                                                  | ../Vitis_Libraries/vision/L1/include/common/xf_video_mem.hpp:898 in insert_bottom_row                                        |
| inline          |                                                  | ../Vitis_Libraries/vision/L1/include/common/xf_video_mem.hpp:931 in insert_top_row                                           |
| inline          |                                                  | ../Vitis_Libraries/vision/L1/include/common/xf_video_mem.hpp:964 in get_col                                                  |
| unroll          |                                                  | ../Vitis_Libraries/vision/L1/include/common/xf_video_mem.hpp:970 in get_col                                                  |
| inline          |                                                  | ../Vitis_Libraries/vision/L1/include/common/xf_video_mem.hpp:981 in getval                                                   |
| inline          |                                                  | ../Vitis_Libraries/vision/L1/include/common/xf_video_mem.hpp:992 in operator()                                               |
| inline          |                                                  | ../Vitis_Libraries/vision/L1/include/common/xf_video_mem.hpp:1004 in shift_down                                              |
| inline          |                                                  | ../Vitis_Libraries/vision/L1/include/common/xf_video_mem.hpp:1016 in shift_up                                                |
| inline          |                                                  | ../Vitis_Libraries/vision/L1/include/common/xf_video_mem.hpp:1028 in insert_bottom                                           |
| inline          |                                                  | ../Vitis_Libraries/vision/L1/include/common/xf_video_mem.hpp:1040 in insert_top                                              |
| inline          |                                                  | sgm_kernel/sgm_kernel.cpp:25 in update_line_buffers                                                                          |
| inline          |                                                  | sgm_kernel/sgm_kernel.cpp:40 in update_sliding_windows                                                                       |
| unroll          |                                                  | sgm_kernel/sgm_kernel.cpp:45 in update_sliding_windows                                                                       |
| unroll          |                                                  | sgm_kernel/sgm_kernel.cpp:48 in update_sliding_windows                                                                       |
| unroll          |                                                  | sgm_kernel/sgm_kernel.cpp:56 in update_sliding_windows                                                                       |
| unroll          |                                                  | sgm_kernel/sgm_kernel.cpp:63 in update_sliding_windows                                                                       |
| unroll          |                                                  | sgm_kernel/sgm_kernel.cpp:73 in update_sliding_windows                                                                       |
| inline          | off                                              | sgm_kernel/sgm_kernel.cpp:83 in compute_sad_cost_vector                                                                      |
| pipeline        | II=1                                             | sgm_kernel/sgm_kernel.cpp:88 in compute_sad_cost_vector                                                                      |
| unroll          |                                                  | sgm_kernel/sgm_kernel.cpp:94 in compute_sad_cost_vector                                                                      |
| unroll          |                                                  | sgm_kernel/sgm_kernel.cpp:99 in compute_sad_cost_vector                                                                      |
| inline          | off                                              | sgm_kernel/sgm_kernel.cpp:113 in reduce_min_vec                                                                              |
| unroll          | factor=2                                         | sgm_kernel/sgm_kernel.cpp:119 in reduce_min_vec                                                                              |
| inline          | off                                              | sgm_kernel/sgm_kernel.cpp:136 in aggregate_paths_and_select                                                                  |
| unroll          | factor=2                                         | sgm_kernel/sgm_kernel.cpp:144 in aggregate_paths_and_select                                                                  |
| inline          | off                                              | sgm_kernel/sgm_kernel.cpp:189 in commit_prev_costs                                                                           |
| unroll          | factor=2                                         | sgm_kernel/sgm_kernel.cpp:194 in commit_prev_costs                                                                           |
| inline          | off                                              | sgm_kernel/sgm_kernel.cpp:216 in col_frontend                                                                                |
| inline          | off                                              | sgm_kernel/sgm_kernel.cpp:251 in col_backend                                                                                 |
| inline          | off                                              | sgm_kernel/sgm_kernel.cpp:289 in row_frontend                                                                                |
| array_partition | variable=leftWin complete dim=0                  | sgm_kernel/sgm_kernel.cpp:294 in row_frontend, leftWin                                                                       |
| array_partition | variable=rightStripe complete dim=1              | sgm_kernel/sgm_kernel.cpp:295 in row_frontend, rightStripe                                                                   |
| dependence      | variable=bufL inter false                        | sgm_kernel/sgm_kernel.cpp:321 in row_frontend, bufL                                                                          |
| dependence      | variable=bufR inter false                        | sgm_kernel/sgm_kernel.cpp:322 in row_frontend, bufR                                                                          |
| inline          | off                                              | sgm_kernel/sgm_kernel.cpp:342 in row_backend                                                                                 |
| interface       | axis port=left register                          | sgm_kernel/sgm_kernel.cpp:371 in sgm_kernel, left                                                                            |
| interface       | axis port=right register                         | sgm_kernel/sgm_kernel.cpp:372 in sgm_kernel, right                                                                           |
| interface       | axis port=disp register                          | sgm_kernel/sgm_kernel.cpp:373 in sgm_kernel, disp                                                                            |
| interface       | ap_ctrl_none port=return                         | sgm_kernel/sgm_kernel.cpp:374 in sgm_kernel, return                                                                          |
| array_partition | variable=prevCostL complete dim=1                | sgm_kernel/sgm_kernel.cpp:393 in sgm_kernel, prevCostL                                                                       |
| bind_storage    | variable=prevCostT type=RAM_1P impl=BRAM         | sgm_kernel/sgm_kernel.cpp:396 in sgm_kernel, prevCostT                                                                       |
| array_partition | variable=prevCostT complete dim=2                | sgm_kernel/sgm_kernel.cpp:397 in sgm_kernel, prevCostT                                                                       |
| array_partition | variable=aggCost complete dim=1                  | sgm_kernel/sgm_kernel.cpp:403 in sgm_kernel, aggCost                                                                         |
| array_partition | variable=aggLR_arr complete dim=1                | sgm_kernel/sgm_kernel.cpp:407 in sgm_kernel, aggLR_arr                                                                       |
| array_partition | variable=aggTB_arr complete dim=1                | sgm_kernel/sgm_kernel.cpp:408 in sgm_kernel, aggTB_arr                                                                       |
| unroll          | factor=2                                         | sgm_kernel/sgm_kernel.cpp:422 in sgm_kernel                                                                                  |
| loop_tripcount  | min=IMG_W max=IMG_W                              | sgm_kernel/sgm_kernel.cpp:431 in sgm_kernel                                                                                  |
| unroll          | factor=2                                         | sgm_kernel/sgm_kernel.cpp:435 in sgm_kernel                                                                                  |
| inline          |                                                  | sgm_kernel/sgm_params.hpp:20 in absdiff                                                                                      |
| inline          |                                                  | sgm_kernel/sgm_params.hpp:26 in sat12                                                                                        |
+-----------------+--------------------------------------------------+------------------------------------------------------------------------------------------------------------------------------+

* Inferred Pragmas
+---------------------------------------+-----------------+---------------------------------------------------+----------------------------------------+
| Source Pragma                         | Inferred Pragma | Options                                           | Location                               |
+---------------------------------------+-----------------+---------------------------------------------------+----------------------------------------+
| pipeline sgm_kernel/sgm_kernel.cpp:88 | array_partition | dim=1 type=cyclic factor=3 variable=rightStripe_0 | variable rightStripe_0 in row_frontend |
| pipeline sgm_kernel/sgm_kernel.cpp:88 | array_partition | dim=1 type=cyclic factor=3 variable=rightStripe_1 | variable rightStripe_1 in row_frontend |
| pipeline sgm_kernel/sgm_kernel.cpp:88 | array_partition | dim=1 type=cyclic factor=3 variable=rightStripe_2 | variable rightStripe_2 in row_frontend |
+---------------------------------------+-----------------+---------------------------------------------------+----------------------------------------+


