

================================================================
== Vitis HLS Report for 'row_backend'
================================================================
* Date:           Sat Apr 25 10:00:32 2026

* Version:        2023.1 (Build 3854077 on May  4 2023)
* Project:        sgm_kernel
* Solution:       solution1 (Vivado IP Flow Target)
* Product family: zynq
* Target device:  xc7z010-clg400-1


================================================================
== Performance Estimates
================================================================
+ Timing: 
    * Summary: 
    +--------+----------+----------+------------+
    |  Clock |  Target  | Estimated| Uncertainty|
    +--------+----------+----------+------------+
    |ap_clk  |  10.00 ns|  7.035 ns|     2.70 ns|
    +--------+----------+----------+------------+

+ Latency: 
    * Summary: 
    +---------+---------+-----------+----------+------+-------+---------+
    |  Latency (cycles) |  Latency (absolute)  |   Interval   | Pipeline|
    |   min   |   max   |    min    |    max   |  min |  max  |   Type  |
    +---------+---------+-----------+----------+------+-------+---------+
    |     6402|    26562|  64.020 us|  0.266 ms|  6402|  26562|       no|
    +---------+---------+-----------+----------+------+-------+---------+

    + Detail: 
        * Instance: 
        +-------------------------+-------------+---------+---------+-----------+----------+-----+-----+---------+
        |                         |             |  Latency (cycles) |  Latency (absolute)  |  Interval | Pipeline|
        |         Instance        |    Module   |   min   |   max   |    min    |    max   | min | max |   Type  |
        +-------------------------+-------------+---------+---------+-----------+----------+-----+-----+---------+
        |grp_col_backend_fu_1583  |col_backend  |        1|       64|  10.000 ns|  0.640 us|    1|   64|       no|
        +-------------------------+-------------+---------+---------+-----------+----------+-----+-----+---------+

        * Loop: 
        +--------------+---------+---------+----------+-----------+-----------+------+----------+
        |              |  Latency (cycles) | Iteration|  Initiation Interval  | Trip |          |
        |   Loop Name  |   min   |   max   |  Latency |  achieved |   target  | Count| Pipelined|
        +--------------+---------+---------+----------+-----------+-----------+------+----------+
        |- RowBackCol  |     6400|    26560|   20 ~ 83|          -|          -|   320|        no|
        +--------------+---------+---------+----------+-----------+-----------+------+----------+



================================================================
== Utilization Estimates
================================================================
* Summary: 
+-----------------+---------+----+-------+-------+-----+
|       Name      | BRAM_18K| DSP|   FF  |  LUT  | URAM|
+-----------------+---------+----+-------+-------+-----+
|DSP              |        -|   -|      -|      -|    -|
|Expression       |        -|   -|      0|     28|    -|
|FIFO             |        -|   -|      -|      -|    -|
|Instance         |        -|   -|   2554|   5648|    -|
|Memory           |        0|   -|     24|      6|    0|
|Multiplexer      |        -|   -|      -|   1231|    -|
|Register         |        -|   -|    713|      -|    -|
+-----------------+---------+----+-------+-------+-----+
|Total            |        0|   0|   3291|   6913|    0|
+-----------------+---------+----+-------+-------+-----+
|Available        |      120|  80|  35200|  17600|    0|
+-----------------+---------+----+-------+-------+-----+
|Utilization (%)  |        0|   0|      9|     39|    0|
+-----------------+---------+----+-------+-------+-----+

+ Detail: 
    * Instance: 
    +-------------------------+-------------+---------+----+------+------+-----+
    |         Instance        |    Module   | BRAM_18K| DSP|  FF  |  LUT | URAM|
    +-------------------------+-------------+---------+----+------+------+-----+
    |grp_col_backend_fu_1583  |col_backend  |        0|   0|  2554|  5648|    0|
    +-------------------------+-------------+---------+----+------+------+-----+
    |Total                    |             |        0|   0|  2554|  5648|    0|
    +-------------------------+-------------+---------+----+------+------+-----+

    * DSP: 
    N/A

    * Memory: 
    +---------------+---------------------------------------+---------+----+----+-----+------+-----+------+-------------+
    |     Memory    |                 Module                | BRAM_18K| FF | LUT| URAM| Words| Bits| Banks| W*Bits*Banks|
    +---------------+---------------------------------------+---------+----+----+-----+------+-----+------+-------------+
    |pkt_curCost_U  |row_backend_pkt_curCost_RAM_AUTO_1R1W  |        0|  24|   6|    0|    32|   12|     1|          384|
    +---------------+---------------------------------------+---------+----+----+-----+------+-----+------+-------------+
    |Total          |                                       |        0|  24|   6|    0|    32|   12|     1|          384|
    +---------------+---------------------------------------+---------+----+----+-----+------+-----+------+-------------+

    * FIFO: 
    N/A

    * Expression: 
    +-----------------------+----------+----+---+----+------------+------------+
    |     Variable Name     | Operation| DSP| FF| LUT| Bitwidth P0| Bitwidth P1|
    +-----------------------+----------+----+---+----+------------+------------+
    |add_ln345_fu_1866_p2   |         +|   0|  0|  14|           9|           1|
    |icmp_ln345_fu_1860_p2  |      icmp|   0|  0|  14|           9|           9|
    +-----------------------+----------+----+---+----+------------+------------+
    |Total                  |          |   0|  0|  28|          18|          10|
    +-----------------------+----------+----+---+----+------------+------------+

    * Multiplexer: 
    +---------------------------------------------------------------------------------+-----+-----------+-----+-----------+
    |                                       Name                                      | LUT | Input Size| Bits| Total Bits|
    +---------------------------------------------------------------------------------+-----+-----------+-----+-----------+
    |ap_NS_fsm                                                                        |  113|         22|    1|         22|
    |c_fu_426                                                                         |    9|          2|    9|         18|
    |disp_TDATA_blk_n                                                                 |    9|          2|    1|          2|
    |p_ZZ10sgm_kernelRN3hls6streamI7ap_uintILi8EELi0EEES4_S4_E9prevCostL_10_o         |    9|          2|   12|         24|
    |p_ZZ10sgm_kernelRN3hls6streamI7ap_uintILi8EELi0EEES4_S4_E9prevCostL_11_o         |    9|          2|   12|         24|
    |p_ZZ10sgm_kernelRN3hls6streamI7ap_uintILi8EELi0EEES4_S4_E9prevCostL_12_o         |    9|          2|   12|         24|
    |p_ZZ10sgm_kernelRN3hls6streamI7ap_uintILi8EELi0EEES4_S4_E9prevCostL_13_o         |    9|          2|   12|         24|
    |p_ZZ10sgm_kernelRN3hls6streamI7ap_uintILi8EELi0EEES4_S4_E9prevCostL_14_o         |    9|          2|   12|         24|
    |p_ZZ10sgm_kernelRN3hls6streamI7ap_uintILi8EELi0EEES4_S4_E9prevCostL_15_o         |    9|          2|   12|         24|
    |p_ZZ10sgm_kernelRN3hls6streamI7ap_uintILi8EELi0EEES4_S4_E9prevCostL_16_o         |    9|          2|   12|         24|
    |p_ZZ10sgm_kernelRN3hls6streamI7ap_uintILi8EELi0EEES4_S4_E9prevCostL_17_o         |    9|          2|   12|         24|
    |p_ZZ10sgm_kernelRN3hls6streamI7ap_uintILi8EELi0EEES4_S4_E9prevCostL_18_o         |    9|          2|   12|         24|
    |p_ZZ10sgm_kernelRN3hls6streamI7ap_uintILi8EELi0EEES4_S4_E9prevCostL_19_o         |    9|          2|   12|         24|
    |p_ZZ10sgm_kernelRN3hls6streamI7ap_uintILi8EELi0EEES4_S4_E9prevCostL_20_o         |    9|          2|   12|         24|
    |p_ZZ10sgm_kernelRN3hls6streamI7ap_uintILi8EELi0EEES4_S4_E9prevCostL_21_o         |    9|          2|   12|         24|
    |p_ZZ10sgm_kernelRN3hls6streamI7ap_uintILi8EELi0EEES4_S4_E9prevCostL_22_o         |    9|          2|   12|         24|
    |p_ZZ10sgm_kernelRN3hls6streamI7ap_uintILi8EELi0EEES4_S4_E9prevCostL_23_o         |    9|          2|   12|         24|
    |p_ZZ10sgm_kernelRN3hls6streamI7ap_uintILi8EELi0EEES4_S4_E9prevCostL_24_o         |    9|          2|   12|         24|
    |p_ZZ10sgm_kernelRN3hls6streamI7ap_uintILi8EELi0EEES4_S4_E9prevCostL_25_o         |    9|          2|   12|         24|
    |p_ZZ10sgm_kernelRN3hls6streamI7ap_uintILi8EELi0EEES4_S4_E9prevCostL_26_o         |    9|          2|   12|         24|
    |p_ZZ10sgm_kernelRN3hls6streamI7ap_uintILi8EELi0EEES4_S4_E9prevCostL_27_o         |    9|          2|   12|         24|
    |p_ZZ10sgm_kernelRN3hls6streamI7ap_uintILi8EELi0EEES4_S4_E9prevCostL_28_o         |    9|          2|   12|         24|
    |p_ZZ10sgm_kernelRN3hls6streamI7ap_uintILi8EELi0EEES4_S4_E9prevCostL_29_o         |    9|          2|   12|         24|
    |p_ZZ10sgm_kernelRN3hls6streamI7ap_uintILi8EELi0EEES4_S4_E9prevCostL_30_o         |    9|          2|   12|         24|
    |p_ZZ10sgm_kernelRN3hls6streamI7ap_uintILi8EELi0EEES4_S4_E9prevCostL_31_o         |    9|          2|   12|         24|
    |p_ZZ10sgm_kernelRN3hls6streamI7ap_uintILi8EELi0EEES4_S4_E9prevCostT_10_address0  |   14|          3|    9|         27|
    |p_ZZ10sgm_kernelRN3hls6streamI7ap_uintILi8EELi0EEES4_S4_E9prevCostT_11_address0  |   14|          3|    9|         27|
    |p_ZZ10sgm_kernelRN3hls6streamI7ap_uintILi8EELi0EEES4_S4_E9prevCostT_12_address0  |   14|          3|    9|         27|
    |p_ZZ10sgm_kernelRN3hls6streamI7ap_uintILi8EELi0EEES4_S4_E9prevCostT_13_address0  |   14|          3|    9|         27|
    |p_ZZ10sgm_kernelRN3hls6streamI7ap_uintILi8EELi0EEES4_S4_E9prevCostT_14_address0  |   14|          3|    9|         27|
    |p_ZZ10sgm_kernelRN3hls6streamI7ap_uintILi8EELi0EEES4_S4_E9prevCostT_15_address0  |   14|          3|    9|         27|
    |p_ZZ10sgm_kernelRN3hls6streamI7ap_uintILi8EELi0EEES4_S4_E9prevCostT_16_address0  |   14|          3|    9|         27|
    |p_ZZ10sgm_kernelRN3hls6streamI7ap_uintILi8EELi0EEES4_S4_E9prevCostT_17_address0  |   14|          3|    9|         27|
    |p_ZZ10sgm_kernelRN3hls6streamI7ap_uintILi8EELi0EEES4_S4_E9prevCostT_18_address0  |   14|          3|    9|         27|
    |p_ZZ10sgm_kernelRN3hls6streamI7ap_uintILi8EELi0EEES4_S4_E9prevCostT_19_address0  |   14|          3|    9|         27|
    |p_ZZ10sgm_kernelRN3hls6streamI7ap_uintILi8EELi0EEES4_S4_E9prevCostT_20_address0  |   14|          3|    9|         27|
    |p_ZZ10sgm_kernelRN3hls6streamI7ap_uintILi8EELi0EEES4_S4_E9prevCostT_21_address0  |   14|          3|    9|         27|
    |p_ZZ10sgm_kernelRN3hls6streamI7ap_uintILi8EELi0EEES4_S4_E9prevCostT_22_address0  |   14|          3|    9|         27|
    |p_ZZ10sgm_kernelRN3hls6streamI7ap_uintILi8EELi0EEES4_S4_E9prevCostT_23_address0  |   14|          3|    9|         27|
    |p_ZZ10sgm_kernelRN3hls6streamI7ap_uintILi8EELi0EEES4_S4_E9prevCostT_24_address0  |   14|          3|    9|         27|
    |p_ZZ10sgm_kernelRN3hls6streamI7ap_uintILi8EELi0EEES4_S4_E9prevCostT_25_address0  |   14|          3|    9|         27|
    |p_ZZ10sgm_kernelRN3hls6streamI7ap_uintILi8EELi0EEES4_S4_E9prevCostT_26_address0  |   14|          3|    9|         27|
    |p_ZZ10sgm_kernelRN3hls6streamI7ap_uintILi8EELi0EEES4_S4_E9prevCostT_27_address0  |   14|          3|    9|         27|
    |p_ZZ10sgm_kernelRN3hls6streamI7ap_uintILi8EELi0EEES4_S4_E9prevCostT_28_address0  |   14|          3|    9|         27|
    |p_ZZ10sgm_kernelRN3hls6streamI7ap_uintILi8EELi0EEES4_S4_E9prevCostT_29_address0  |   14|          3|    9|         27|
    |p_ZZ10sgm_kernelRN3hls6streamI7ap_uintILi8EELi0EEES4_S4_E9prevCostT_30_address0  |   14|          3|    9|         27|
    |p_ZZ10sgm_kernelRN3hls6streamI7ap_uintILi8EELi0EEES4_S4_E9prevCostT_31_address0  |   14|          3|    9|         27|
    |pkt_curCost_address0                                                             |   87|         18|    5|         90|
    |pkt_curCost_address1                                                             |   87|         18|    5|         90|
    |pkt_curCost_ce0                                                                  |   14|          3|    1|          3|
    |pkt_curCost_ce1                                                                  |   14|          3|    1|          3|
    |pkt_curCost_d0                                                                   |   81|         17|   12|        204|
    |pkt_curCost_d1                                                                   |   81|         17|   12|        204|
    |sgm_kernel_stream_stream_ap_uint_8_0_stream_ap_uint_8_0_prevCostL_1_o            |    9|          2|   12|         24|
    |sgm_kernel_stream_stream_ap_uint_8_0_stream_ap_uint_8_0_prevCostL_2_o            |    9|          2|   12|         24|
    |sgm_kernel_stream_stream_ap_uint_8_0_stream_ap_uint_8_0_prevCostL_3_o            |    9|          2|   12|         24|
    |sgm_kernel_stream_stream_ap_uint_8_0_stream_ap_uint_8_0_prevCostL_4_o            |    9|          2|   12|         24|
    |sgm_kernel_stream_stream_ap_uint_8_0_stream_ap_uint_8_0_prevCostL_5_o            |    9|          2|   12|         24|
    |sgm_kernel_stream_stream_ap_uint_8_0_stream_ap_uint_8_0_prevCostL_6_o            |    9|          2|   12|         24|
    |sgm_kernel_stream_stream_ap_uint_8_0_stream_ap_uint_8_0_prevCostL_7_o            |    9|          2|   12|         24|
    |sgm_kernel_stream_stream_ap_uint_8_0_stream_ap_uint_8_0_prevCostL_8_o            |    9|          2|   12|         24|
    |sgm_kernel_stream_stream_ap_uint_8_0_stream_ap_uint_8_0_prevCostL_9_o            |    9|          2|   12|         24|
    |sgm_kernel_stream_stream_ap_uint_8_0_stream_ap_uint_8_0_prevCostL_o              |    9|          2|   12|         24|
    |sgm_kernel_stream_stream_ap_uint_8_0_stream_ap_uint_8_0_prevCostT_1_address0     |   14|          3|    9|         27|
    |sgm_kernel_stream_stream_ap_uint_8_0_stream_ap_uint_8_0_prevCostT_2_address0     |   14|          3|    9|         27|
    |sgm_kernel_stream_stream_ap_uint_8_0_stream_ap_uint_8_0_prevCostT_3_address0     |   14|          3|    9|         27|
    |sgm_kernel_stream_stream_ap_uint_8_0_stream_ap_uint_8_0_prevCostT_4_address0     |   14|          3|    9|         27|
    |sgm_kernel_stream_stream_ap_uint_8_0_stream_ap_uint_8_0_prevCostT_5_address0     |   14|          3|    9|         27|
    |sgm_kernel_stream_stream_ap_uint_8_0_stream_ap_uint_8_0_prevCostT_6_address0     |   14|          3|    9|         27|
    |sgm_kernel_stream_stream_ap_uint_8_0_stream_ap_uint_8_0_prevCostT_7_address0     |   14|          3|    9|         27|
    |sgm_kernel_stream_stream_ap_uint_8_0_stream_ap_uint_8_0_prevCostT_8_address0     |   14|          3|    9|         27|
    |sgm_kernel_stream_stream_ap_uint_8_0_stream_ap_uint_8_0_prevCostT_9_address0     |   14|          3|    9|         27|
    |sgm_kernel_stream_stream_ap_uint_8_0_stream_ap_uint_8_0_prevCostT_address0       |   14|          3|    9|         27|
    +---------------------------------------------------------------------------------+-----+-----------+-----+-----------+
    |Total                                                                            | 1231|        262|  719|       2268|
    +---------------------------------------------------------------------------------+-----+-----------+-----+-----------+

    * Register: 
    +-------------------------------------------------------------------------------------------------------+----+----+-----+-----------+
    |                                                  Name                                                 | FF | LUT| Bits| Const Bits|
    +-------------------------------------------------------------------------------------------------------+----+----+-----+-----------+
    |ap_CS_fsm                                                                                              |  21|   0|   21|          0|
    |c_fu_426                                                                                               |   9|   0|    9|          0|
    |grp_col_backend_fu_1583_ap_start_reg                                                                   |   1|   0|    1|          0|
    |p_ZZ10sgm_kernelRN3hls6streamI7ap_uintILi8EELi0EEES4_S4_E9prevCostT_10_addr_reg_2494                   |   9|   0|    9|          0|
    |p_ZZ10sgm_kernelRN3hls6streamI7ap_uintILi8EELi0EEES4_S4_E9prevCostT_10_load_reg_2659                   |  12|   0|   12|          0|
    |p_ZZ10sgm_kernelRN3hls6streamI7ap_uintILi8EELi0EEES4_S4_E9prevCostT_11_addr_reg_2499                   |   9|   0|    9|          0|
    |p_ZZ10sgm_kernelRN3hls6streamI7ap_uintILi8EELi0EEES4_S4_E9prevCostT_12_addr_reg_2504                   |   9|   0|    9|          0|
    |p_ZZ10sgm_kernelRN3hls6streamI7ap_uintILi8EELi0EEES4_S4_E9prevCostT_13_addr_reg_2509                   |   9|   0|    9|          0|
    |p_ZZ10sgm_kernelRN3hls6streamI7ap_uintILi8EELi0EEES4_S4_E9prevCostT_14_addr_reg_2514                   |   9|   0|    9|          0|
    |p_ZZ10sgm_kernelRN3hls6streamI7ap_uintILi8EELi0EEES4_S4_E9prevCostT_16_addr_reg_2524                   |   9|   0|    9|          0|
    |p_ZZ10sgm_kernelRN3hls6streamI7ap_uintILi8EELi0EEES4_S4_E9prevCostT_16_load_reg_2689                   |  12|   0|   12|          0|
    |p_ZZ10sgm_kernelRN3hls6streamI7ap_uintILi8EELi0EEES4_S4_E9prevCostT_17_addr_reg_2529                   |   9|   0|    9|          0|
    |p_ZZ10sgm_kernelRN3hls6streamI7ap_uintILi8EELi0EEES4_S4_E9prevCostT_17_load_reg_2694                   |  12|   0|   12|          0|
    |p_ZZ10sgm_kernelRN3hls6streamI7ap_uintILi8EELi0EEES4_S4_E9prevCostT_18_addr_reg_2534                   |   9|   0|    9|          0|
    |p_ZZ10sgm_kernelRN3hls6streamI7ap_uintILi8EELi0EEES4_S4_E9prevCostT_18_load_reg_2699                   |  12|   0|   12|          0|
    |p_ZZ10sgm_kernelRN3hls6streamI7ap_uintILi8EELi0EEES4_S4_E9prevCostT_19_addr_reg_2539                   |   9|   0|    9|          0|
    |p_ZZ10sgm_kernelRN3hls6streamI7ap_uintILi8EELi0EEES4_S4_E9prevCostT_19_load_reg_2704                   |  12|   0|   12|          0|
    |p_ZZ10sgm_kernelRN3hls6streamI7ap_uintILi8EELi0EEES4_S4_E9prevCostT_20_addr_reg_2544                   |   9|   0|    9|          0|
    |p_ZZ10sgm_kernelRN3hls6streamI7ap_uintILi8EELi0EEES4_S4_E9prevCostT_20_load_reg_2709                   |  12|   0|   12|          0|
    |p_ZZ10sgm_kernelRN3hls6streamI7ap_uintILi8EELi0EEES4_S4_E9prevCostT_21_addr_reg_2549                   |   9|   0|    9|          0|
    |p_ZZ10sgm_kernelRN3hls6streamI7ap_uintILi8EELi0EEES4_S4_E9prevCostT_22_addr_reg_2554                   |   9|   0|    9|          0|
    |p_ZZ10sgm_kernelRN3hls6streamI7ap_uintILi8EELi0EEES4_S4_E9prevCostT_23_addr_reg_2559                   |   9|   0|    9|          0|
    |p_ZZ10sgm_kernelRN3hls6streamI7ap_uintILi8EELi0EEES4_S4_E9prevCostT_24_addr_reg_2564                   |   9|   0|    9|          0|
    |p_ZZ10sgm_kernelRN3hls6streamI7ap_uintILi8EELi0EEES4_S4_E9prevCostT_26_addr_reg_2574                   |   9|   0|    9|          0|
    |p_ZZ10sgm_kernelRN3hls6streamI7ap_uintILi8EELi0EEES4_S4_E9prevCostT_26_load_reg_2739                   |  12|   0|   12|          0|
    |p_ZZ10sgm_kernelRN3hls6streamI7ap_uintILi8EELi0EEES4_S4_E9prevCostT_27_addr_reg_2579                   |   9|   0|    9|          0|
    |p_ZZ10sgm_kernelRN3hls6streamI7ap_uintILi8EELi0EEES4_S4_E9prevCostT_27_load_reg_2744                   |  12|   0|   12|          0|
    |p_ZZ10sgm_kernelRN3hls6streamI7ap_uintILi8EELi0EEES4_S4_E9prevCostT_28_addr_reg_2584                   |   9|   0|    9|          0|
    |p_ZZ10sgm_kernelRN3hls6streamI7ap_uintILi8EELi0EEES4_S4_E9prevCostT_28_load_reg_2749                   |  12|   0|   12|          0|
    |p_ZZ10sgm_kernelRN3hls6streamI7ap_uintILi8EELi0EEES4_S4_E9prevCostT_29_addr_reg_2589                   |   9|   0|    9|          0|
    |p_ZZ10sgm_kernelRN3hls6streamI7ap_uintILi8EELi0EEES4_S4_E9prevCostT_29_load_reg_2754                   |  12|   0|   12|          0|
    |p_ZZ10sgm_kernelRN3hls6streamI7ap_uintILi8EELi0EEES4_S4_E9prevCostT_30_addr_reg_2594                   |   9|   0|    9|          0|
    |p_ZZ10sgm_kernelRN3hls6streamI7ap_uintILi8EELi0EEES4_S4_E9prevCostT_30_load_reg_2759                   |  12|   0|   12|          0|
    |p_ZZ10sgm_kernelRN3hls6streamI7ap_uintILi8EELi0EEES4_S4_E9prevCostT_31_addr_reg_2599                   |   9|   0|    9|          0|
    |pkt_valid_reg_2604                                                                                     |   1|   0|    1|          0|
    |sgm_kernel_hls_stream_ap_uint_8_0_hls_stream_ap_uint_8_0_hls_stream_ap_uint_8_0_prevCostT_43_reg_2569  |   9|   0|    9|          0|
    |sgm_kernel_hls_stream_ap_uint_8_0_hls_stream_ap_uint_8_0_hls_stream_ap_uint_8_0_prevCostT_44_reg_2664  |  12|   0|   12|          0|
    |sgm_kernel_hls_stream_ap_uint_8_0_hls_stream_ap_uint_8_0_hls_stream_ap_uint_8_0_prevCostT_45_reg_2669  |  12|   0|   12|          0|
    |sgm_kernel_hls_stream_ap_uint_8_0_hls_stream_ap_uint_8_0_hls_stream_ap_uint_8_0_prevCostT_46_reg_2674  |  12|   0|   12|          0|
    |sgm_kernel_hls_stream_ap_uint_8_0_hls_stream_ap_uint_8_0_hls_stream_ap_uint_8_0_prevCostT_47_reg_2679  |  12|   0|   12|          0|
    |sgm_kernel_hls_stream_ap_uint_8_0_hls_stream_ap_uint_8_0_hls_stream_ap_uint_8_0_prevCostT_48_reg_2684  |  12|   0|   12|          0|
    |sgm_kernel_hls_stream_ap_uint_8_0_hls_stream_ap_uint_8_0_hls_stream_ap_uint_8_0_prevCostT_49_reg_2714  |  12|   0|   12|          0|
    |sgm_kernel_hls_stream_ap_uint_8_0_hls_stream_ap_uint_8_0_hls_stream_ap_uint_8_0_prevCostT_50_reg_2719  |  12|   0|   12|          0|
    |sgm_kernel_hls_stream_ap_uint_8_0_hls_stream_ap_uint_8_0_hls_stream_ap_uint_8_0_prevCostT_51_reg_2724  |  12|   0|   12|          0|
    |sgm_kernel_hls_stream_ap_uint_8_0_hls_stream_ap_uint_8_0_hls_stream_ap_uint_8_0_prevCostT_52_reg_2729  |  12|   0|   12|          0|
    |sgm_kernel_hls_stream_ap_uint_8_0_hls_stream_ap_uint_8_0_hls_stream_ap_uint_8_0_prevCostT_53_reg_2734  |  12|   0|   12|          0|
    |sgm_kernel_hls_stream_ap_uint_8_0_hls_stream_ap_uint_8_0_hls_stream_ap_uint_8_0_prevCostT_54_reg_2764  |  12|   0|   12|          0|
    |sgm_kernel_hls_stream_ap_uint_8_0_hls_stream_ap_uint_8_0_hls_stream_ap_uint_8_0_prevCostT_reg_2519     |   9|   0|    9|          0|
    |sgm_kernel_stream_stream_ap_uint_8_0_stream_ap_uint_8_0_prevCostT_1_addr_reg_2484                      |   9|   0|    9|          0|
    |sgm_kernel_stream_stream_ap_uint_8_0_stream_ap_uint_8_0_prevCostT_1_load_reg_2649                      |  12|   0|   12|          0|
    |sgm_kernel_stream_stream_ap_uint_8_0_stream_ap_uint_8_0_prevCostT_2_addr_reg_2479                      |   9|   0|    9|          0|
    |sgm_kernel_stream_stream_ap_uint_8_0_stream_ap_uint_8_0_prevCostT_2_load_reg_2644                      |  12|   0|   12|          0|
    |sgm_kernel_stream_stream_ap_uint_8_0_stream_ap_uint_8_0_prevCostT_3_addr_reg_2474                      |   9|   0|    9|          0|
    |sgm_kernel_stream_stream_ap_uint_8_0_stream_ap_uint_8_0_prevCostT_3_load_reg_2639                      |  12|   0|   12|          0|
    |sgm_kernel_stream_stream_ap_uint_8_0_stream_ap_uint_8_0_prevCostT_4_addr_reg_2469                      |   9|   0|    9|          0|
    |sgm_kernel_stream_stream_ap_uint_8_0_stream_ap_uint_8_0_prevCostT_4_load_reg_2634                      |  12|   0|   12|          0|
    |sgm_kernel_stream_stream_ap_uint_8_0_stream_ap_uint_8_0_prevCostT_5_addr_reg_2464                      |   9|   0|    9|          0|
    |sgm_kernel_stream_stream_ap_uint_8_0_stream_ap_uint_8_0_prevCostT_5_load_reg_2629                      |  12|   0|   12|          0|
    |sgm_kernel_stream_stream_ap_uint_8_0_stream_ap_uint_8_0_prevCostT_6_addr_reg_2459                      |   9|   0|    9|          0|
    |sgm_kernel_stream_stream_ap_uint_8_0_stream_ap_uint_8_0_prevCostT_6_load_reg_2624                      |  12|   0|   12|          0|
    |sgm_kernel_stream_stream_ap_uint_8_0_stream_ap_uint_8_0_prevCostT_7_addr_reg_2454                      |   9|   0|    9|          0|
    |sgm_kernel_stream_stream_ap_uint_8_0_stream_ap_uint_8_0_prevCostT_7_load_reg_2619                      |  12|   0|   12|          0|
    |sgm_kernel_stream_stream_ap_uint_8_0_stream_ap_uint_8_0_prevCostT_8_addr_reg_2449                      |   9|   0|    9|          0|
    |sgm_kernel_stream_stream_ap_uint_8_0_stream_ap_uint_8_0_prevCostT_8_load_reg_2614                      |  12|   0|   12|          0|
    |sgm_kernel_stream_stream_ap_uint_8_0_stream_ap_uint_8_0_prevCostT_9_addr_reg_2444                      |   9|   0|    9|          0|
    |sgm_kernel_stream_stream_ap_uint_8_0_stream_ap_uint_8_0_prevCostT_9_load_reg_2609                      |  12|   0|   12|          0|
    |sgm_kernel_stream_stream_ap_uint_8_0_stream_ap_uint_8_0_prevCostT_addr_reg_2489                        |   9|   0|    9|          0|
    |sgm_kernel_stream_stream_ap_uint_8_0_stream_ap_uint_8_0_prevCostT_load_reg_2654                        |  12|   0|   12|          0|
    |zext_ln345_reg_2209                                                                                    |   9|   0|   64|         55|
    +-------------------------------------------------------------------------------------------------------+----+----+-----+-----------+
    |Total                                                                                                  | 713|   0|  768|         55|
    +-------------------------------------------------------------------------------------------------------+----+----+-----+-----------+



================================================================
== Interface
================================================================
* Summary: 
+---------------------------------------------------------------------------------+-----+-----+------------+------------------------------------------------------------------------+--------------+
|                                    RTL Ports                                    | Dir | Bits|  Protocol  |                              Source Object                             |    C Type    |
+---------------------------------------------------------------------------------+-----+-----+------------+------------------------------------------------------------------------+--------------+
|ap_clk                                                                           |   in|    1|  ap_ctrl_hs|                                                             row_backend|  return value|
|ap_rst                                                                           |   in|    1|  ap_ctrl_hs|                                                             row_backend|  return value|
|ap_start                                                                         |   in|    1|  ap_ctrl_hs|                                                             row_backend|  return value|
|ap_done                                                                          |  out|    1|  ap_ctrl_hs|                                                             row_backend|  return value|
|ap_idle                                                                          |  out|    1|  ap_ctrl_hs|                                                             row_backend|  return value|
|ap_ready                                                                         |  out|    1|  ap_ctrl_hs|                                                             row_backend|  return value|
|disp_TDATA                                                                       |  out|    8|        axis|                                                                    disp|       pointer|
|disp_TVALID                                                                      |  out|    1|        axis|                                                                    disp|       pointer|
|disp_TREADY                                                                      |   in|    1|        axis|                                                                    disp|       pointer|
|row_costs_valid_address0                                                         |  out|    9|   ap_memory|                                                         row_costs_valid|         array|
|row_costs_valid_ce0                                                              |  out|    1|   ap_memory|                                                         row_costs_valid|         array|
|row_costs_valid_q0                                                               |   in|    1|   ap_memory|                                                         row_costs_valid|         array|
|row_costs_curCost_0_address0                                                     |  out|    9|   ap_memory|                                                     row_costs_curCost_0|         array|
|row_costs_curCost_0_ce0                                                          |  out|    1|   ap_memory|                                                     row_costs_curCost_0|         array|
|row_costs_curCost_0_q0                                                           |   in|   12|   ap_memory|                                                     row_costs_curCost_0|         array|
|row_costs_curCost_1_address0                                                     |  out|    9|   ap_memory|                                                     row_costs_curCost_1|         array|
|row_costs_curCost_1_ce0                                                          |  out|    1|   ap_memory|                                                     row_costs_curCost_1|         array|
|row_costs_curCost_1_q0                                                           |   in|   12|   ap_memory|                                                     row_costs_curCost_1|         array|
|row_costs_curCost_2_address0                                                     |  out|    9|   ap_memory|                                                     row_costs_curCost_2|         array|
|row_costs_curCost_2_ce0                                                          |  out|    1|   ap_memory|                                                     row_costs_curCost_2|         array|
|row_costs_curCost_2_q0                                                           |   in|   12|   ap_memory|                                                     row_costs_curCost_2|         array|
|row_costs_curCost_3_address0                                                     |  out|    9|   ap_memory|                                                     row_costs_curCost_3|         array|
|row_costs_curCost_3_ce0                                                          |  out|    1|   ap_memory|                                                     row_costs_curCost_3|         array|
|row_costs_curCost_3_q0                                                           |   in|   12|   ap_memory|                                                     row_costs_curCost_3|         array|
|row_costs_curCost_4_address0                                                     |  out|    9|   ap_memory|                                                     row_costs_curCost_4|         array|
|row_costs_curCost_4_ce0                                                          |  out|    1|   ap_memory|                                                     row_costs_curCost_4|         array|
|row_costs_curCost_4_q0                                                           |   in|   12|   ap_memory|                                                     row_costs_curCost_4|         array|
|row_costs_curCost_5_address0                                                     |  out|    9|   ap_memory|                                                     row_costs_curCost_5|         array|
|row_costs_curCost_5_ce0                                                          |  out|    1|   ap_memory|                                                     row_costs_curCost_5|         array|
|row_costs_curCost_5_q0                                                           |   in|   12|   ap_memory|                                                     row_costs_curCost_5|         array|
|row_costs_curCost_6_address0                                                     |  out|    9|   ap_memory|                                                     row_costs_curCost_6|         array|
|row_costs_curCost_6_ce0                                                          |  out|    1|   ap_memory|                                                     row_costs_curCost_6|         array|
|row_costs_curCost_6_q0                                                           |   in|   12|   ap_memory|                                                     row_costs_curCost_6|         array|
|row_costs_curCost_7_address0                                                     |  out|    9|   ap_memory|                                                     row_costs_curCost_7|         array|
|row_costs_curCost_7_ce0                                                          |  out|    1|   ap_memory|                                                     row_costs_curCost_7|         array|
|row_costs_curCost_7_q0                                                           |   in|   12|   ap_memory|                                                     row_costs_curCost_7|         array|
|row_costs_curCost_8_address0                                                     |  out|    9|   ap_memory|                                                     row_costs_curCost_8|         array|
|row_costs_curCost_8_ce0                                                          |  out|    1|   ap_memory|                                                     row_costs_curCost_8|         array|
|row_costs_curCost_8_q0                                                           |   in|   12|   ap_memory|                                                     row_costs_curCost_8|         array|
|row_costs_curCost_9_address0                                                     |  out|    9|   ap_memory|                                                     row_costs_curCost_9|         array|
|row_costs_curCost_9_ce0                                                          |  out|    1|   ap_memory|                                                     row_costs_curCost_9|         array|
|row_costs_curCost_9_q0                                                           |   in|   12|   ap_memory|                                                     row_costs_curCost_9|         array|
|row_costs_curCost_10_address0                                                    |  out|    9|   ap_memory|                                                    row_costs_curCost_10|         array|
|row_costs_curCost_10_ce0                                                         |  out|    1|   ap_memory|                                                    row_costs_curCost_10|         array|
|row_costs_curCost_10_q0                                                          |   in|   12|   ap_memory|                                                    row_costs_curCost_10|         array|
|row_costs_curCost_11_address0                                                    |  out|    9|   ap_memory|                                                    row_costs_curCost_11|         array|
|row_costs_curCost_11_ce0                                                         |  out|    1|   ap_memory|                                                    row_costs_curCost_11|         array|
|row_costs_curCost_11_q0                                                          |   in|   12|   ap_memory|                                                    row_costs_curCost_11|         array|
|row_costs_curCost_12_address0                                                    |  out|    9|   ap_memory|                                                    row_costs_curCost_12|         array|
|row_costs_curCost_12_ce0                                                         |  out|    1|   ap_memory|                                                    row_costs_curCost_12|         array|
|row_costs_curCost_12_q0                                                          |   in|   12|   ap_memory|                                                    row_costs_curCost_12|         array|
|row_costs_curCost_13_address0                                                    |  out|    9|   ap_memory|                                                    row_costs_curCost_13|         array|
|row_costs_curCost_13_ce0                                                         |  out|    1|   ap_memory|                                                    row_costs_curCost_13|         array|
|row_costs_curCost_13_q0                                                          |   in|   12|   ap_memory|                                                    row_costs_curCost_13|         array|
|row_costs_curCost_14_address0                                                    |  out|    9|   ap_memory|                                                    row_costs_curCost_14|         array|
|row_costs_curCost_14_ce0                                                         |  out|    1|   ap_memory|                                                    row_costs_curCost_14|         array|
|row_costs_curCost_14_q0                                                          |   in|   12|   ap_memory|                                                    row_costs_curCost_14|         array|
|row_costs_curCost_15_address0                                                    |  out|    9|   ap_memory|                                                    row_costs_curCost_15|         array|
|row_costs_curCost_15_ce0                                                         |  out|    1|   ap_memory|                                                    row_costs_curCost_15|         array|
|row_costs_curCost_15_q0                                                          |   in|   12|   ap_memory|                                                    row_costs_curCost_15|         array|
|row_costs_curCost_16_address0                                                    |  out|    9|   ap_memory|                                                    row_costs_curCost_16|         array|
|row_costs_curCost_16_ce0                                                         |  out|    1|   ap_memory|                                                    row_costs_curCost_16|         array|
|row_costs_curCost_16_q0                                                          |   in|   12|   ap_memory|                                                    row_costs_curCost_16|         array|
|row_costs_curCost_17_address0                                                    |  out|    9|   ap_memory|                                                    row_costs_curCost_17|         array|
|row_costs_curCost_17_ce0                                                         |  out|    1|   ap_memory|                                                    row_costs_curCost_17|         array|
|row_costs_curCost_17_q0                                                          |   in|   12|   ap_memory|                                                    row_costs_curCost_17|         array|
|row_costs_curCost_18_address0                                                    |  out|    9|   ap_memory|                                                    row_costs_curCost_18|         array|
|row_costs_curCost_18_ce0                                                         |  out|    1|   ap_memory|                                                    row_costs_curCost_18|         array|
|row_costs_curCost_18_q0                                                          |   in|   12|   ap_memory|                                                    row_costs_curCost_18|         array|
|row_costs_curCost_19_address0                                                    |  out|    9|   ap_memory|                                                    row_costs_curCost_19|         array|
|row_costs_curCost_19_ce0                                                         |  out|    1|   ap_memory|                                                    row_costs_curCost_19|         array|
|row_costs_curCost_19_q0                                                          |   in|   12|   ap_memory|                                                    row_costs_curCost_19|         array|
|row_costs_curCost_20_address0                                                    |  out|    9|   ap_memory|                                                    row_costs_curCost_20|         array|
|row_costs_curCost_20_ce0                                                         |  out|    1|   ap_memory|                                                    row_costs_curCost_20|         array|
|row_costs_curCost_20_q0                                                          |   in|   12|   ap_memory|                                                    row_costs_curCost_20|         array|
|row_costs_curCost_21_address0                                                    |  out|    9|   ap_memory|                                                    row_costs_curCost_21|         array|
|row_costs_curCost_21_ce0                                                         |  out|    1|   ap_memory|                                                    row_costs_curCost_21|         array|
|row_costs_curCost_21_q0                                                          |   in|   12|   ap_memory|                                                    row_costs_curCost_21|         array|
|row_costs_curCost_22_address0                                                    |  out|    9|   ap_memory|                                                    row_costs_curCost_22|         array|
|row_costs_curCost_22_ce0                                                         |  out|    1|   ap_memory|                                                    row_costs_curCost_22|         array|
|row_costs_curCost_22_q0                                                          |   in|   12|   ap_memory|                                                    row_costs_curCost_22|         array|
|row_costs_curCost_23_address0                                                    |  out|    9|   ap_memory|                                                    row_costs_curCost_23|         array|
|row_costs_curCost_23_ce0                                                         |  out|    1|   ap_memory|                                                    row_costs_curCost_23|         array|
|row_costs_curCost_23_q0                                                          |   in|   12|   ap_memory|                                                    row_costs_curCost_23|         array|
|row_costs_curCost_24_address0                                                    |  out|    9|   ap_memory|                                                    row_costs_curCost_24|         array|
|row_costs_curCost_24_ce0                                                         |  out|    1|   ap_memory|                                                    row_costs_curCost_24|         array|
|row_costs_curCost_24_q0                                                          |   in|   12|   ap_memory|                                                    row_costs_curCost_24|         array|
|row_costs_curCost_25_address0                                                    |  out|    9|   ap_memory|                                                    row_costs_curCost_25|         array|
|row_costs_curCost_25_ce0                                                         |  out|    1|   ap_memory|                                                    row_costs_curCost_25|         array|
|row_costs_curCost_25_q0                                                          |   in|   12|   ap_memory|                                                    row_costs_curCost_25|         array|
|row_costs_curCost_26_address0                                                    |  out|    9|   ap_memory|                                                    row_costs_curCost_26|         array|
|row_costs_curCost_26_ce0                                                         |  out|    1|   ap_memory|                                                    row_costs_curCost_26|         array|
|row_costs_curCost_26_q0                                                          |   in|   12|   ap_memory|                                                    row_costs_curCost_26|         array|
|row_costs_curCost_27_address0                                                    |  out|    9|   ap_memory|                                                    row_costs_curCost_27|         array|
|row_costs_curCost_27_ce0                                                         |  out|    1|   ap_memory|                                                    row_costs_curCost_27|         array|
|row_costs_curCost_27_q0                                                          |   in|   12|   ap_memory|                                                    row_costs_curCost_27|         array|
|row_costs_curCost_28_address0                                                    |  out|    9|   ap_memory|                                                    row_costs_curCost_28|         array|
|row_costs_curCost_28_ce0                                                         |  out|    1|   ap_memory|                                                    row_costs_curCost_28|         array|
|row_costs_curCost_28_q0                                                          |   in|   12|   ap_memory|                                                    row_costs_curCost_28|         array|
|row_costs_curCost_29_address0                                                    |  out|    9|   ap_memory|                                                    row_costs_curCost_29|         array|
|row_costs_curCost_29_ce0                                                         |  out|    1|   ap_memory|                                                    row_costs_curCost_29|         array|
|row_costs_curCost_29_q0                                                          |   in|   12|   ap_memory|                                                    row_costs_curCost_29|         array|
|row_costs_curCost_30_address0                                                    |  out|    9|   ap_memory|                                                    row_costs_curCost_30|         array|
|row_costs_curCost_30_ce0                                                         |  out|    1|   ap_memory|                                                    row_costs_curCost_30|         array|
|row_costs_curCost_30_q0                                                          |   in|   12|   ap_memory|                                                    row_costs_curCost_30|         array|
|row_costs_curCost_31_address0                                                    |  out|    9|   ap_memory|                                                    row_costs_curCost_31|         array|
|row_costs_curCost_31_ce0                                                         |  out|    1|   ap_memory|                                                    row_costs_curCost_31|         array|
|row_costs_curCost_31_q0                                                          |   in|   12|   ap_memory|                                                    row_costs_curCost_31|         array|
|sgm_kernel_stream_stream_ap_uint_8_0_stream_ap_uint_8_0_prevCostT_9_address0     |  out|    9|   ap_memory|     sgm_kernel_stream_stream_ap_uint_8_0_stream_ap_uint_8_0_prevCostT_9|         array|
|sgm_kernel_stream_stream_ap_uint_8_0_stream_ap_uint_8_0_prevCostT_9_ce0          |  out|    1|   ap_memory|     sgm_kernel_stream_stream_ap_uint_8_0_stream_ap_uint_8_0_prevCostT_9|         array|
|sgm_kernel_stream_stream_ap_uint_8_0_stream_ap_uint_8_0_prevCostT_9_we0          |  out|    1|   ap_memory|     sgm_kernel_stream_stream_ap_uint_8_0_stream_ap_uint_8_0_prevCostT_9|         array|
|sgm_kernel_stream_stream_ap_uint_8_0_stream_ap_uint_8_0_prevCostT_9_d0           |  out|   12|   ap_memory|     sgm_kernel_stream_stream_ap_uint_8_0_stream_ap_uint_8_0_prevCostT_9|         array|
|sgm_kernel_stream_stream_ap_uint_8_0_stream_ap_uint_8_0_prevCostT_9_q0           |   in|   12|   ap_memory|     sgm_kernel_stream_stream_ap_uint_8_0_stream_ap_uint_8_0_prevCostT_9|         array|
|sgm_kernel_stream_stream_ap_uint_8_0_stream_ap_uint_8_0_prevCostT_8_address0     |  out|    9|   ap_memory|     sgm_kernel_stream_stream_ap_uint_8_0_stream_ap_uint_8_0_prevCostT_8|         array|
|sgm_kernel_stream_stream_ap_uint_8_0_stream_ap_uint_8_0_prevCostT_8_ce0          |  out|    1|   ap_memory|     sgm_kernel_stream_stream_ap_uint_8_0_stream_ap_uint_8_0_prevCostT_8|         array|
|sgm_kernel_stream_stream_ap_uint_8_0_stream_ap_uint_8_0_prevCostT_8_we0          |  out|    1|   ap_memory|     sgm_kernel_stream_stream_ap_uint_8_0_stream_ap_uint_8_0_prevCostT_8|         array|
|sgm_kernel_stream_stream_ap_uint_8_0_stream_ap_uint_8_0_prevCostT_8_d0           |  out|   12|   ap_memory|     sgm_kernel_stream_stream_ap_uint_8_0_stream_ap_uint_8_0_prevCostT_8|         array|
|sgm_kernel_stream_stream_ap_uint_8_0_stream_ap_uint_8_0_prevCostT_8_q0           |   in|   12|   ap_memory|     sgm_kernel_stream_stream_ap_uint_8_0_stream_ap_uint_8_0_prevCostT_8|         array|
|sgm_kernel_stream_stream_ap_uint_8_0_stream_ap_uint_8_0_prevCostT_7_address0     |  out|    9|   ap_memory|     sgm_kernel_stream_stream_ap_uint_8_0_stream_ap_uint_8_0_prevCostT_7|         array|
|sgm_kernel_stream_stream_ap_uint_8_0_stream_ap_uint_8_0_prevCostT_7_ce0          |  out|    1|   ap_memory|     sgm_kernel_stream_stream_ap_uint_8_0_stream_ap_uint_8_0_prevCostT_7|         array|
|sgm_kernel_stream_stream_ap_uint_8_0_stream_ap_uint_8_0_prevCostT_7_we0          |  out|    1|   ap_memory|     sgm_kernel_stream_stream_ap_uint_8_0_stream_ap_uint_8_0_prevCostT_7|         array|
|sgm_kernel_stream_stream_ap_uint_8_0_stream_ap_uint_8_0_prevCostT_7_d0           |  out|   12|   ap_memory|     sgm_kernel_stream_stream_ap_uint_8_0_stream_ap_uint_8_0_prevCostT_7|         array|
|sgm_kernel_stream_stream_ap_uint_8_0_stream_ap_uint_8_0_prevCostT_7_q0           |   in|   12|   ap_memory|     sgm_kernel_stream_stream_ap_uint_8_0_stream_ap_uint_8_0_prevCostT_7|         array|
|sgm_kernel_stream_stream_ap_uint_8_0_stream_ap_uint_8_0_prevCostT_6_address0     |  out|    9|   ap_memory|     sgm_kernel_stream_stream_ap_uint_8_0_stream_ap_uint_8_0_prevCostT_6|         array|
|sgm_kernel_stream_stream_ap_uint_8_0_stream_ap_uint_8_0_prevCostT_6_ce0          |  out|    1|   ap_memory|     sgm_kernel_stream_stream_ap_uint_8_0_stream_ap_uint_8_0_prevCostT_6|         array|
|sgm_kernel_stream_stream_ap_uint_8_0_stream_ap_uint_8_0_prevCostT_6_we0          |  out|    1|   ap_memory|     sgm_kernel_stream_stream_ap_uint_8_0_stream_ap_uint_8_0_prevCostT_6|         array|
|sgm_kernel_stream_stream_ap_uint_8_0_stream_ap_uint_8_0_prevCostT_6_d0           |  out|   12|   ap_memory|     sgm_kernel_stream_stream_ap_uint_8_0_stream_ap_uint_8_0_prevCostT_6|         array|
|sgm_kernel_stream_stream_ap_uint_8_0_stream_ap_uint_8_0_prevCostT_6_q0           |   in|   12|   ap_memory|     sgm_kernel_stream_stream_ap_uint_8_0_stream_ap_uint_8_0_prevCostT_6|         array|
|sgm_kernel_stream_stream_ap_uint_8_0_stream_ap_uint_8_0_prevCostT_5_address0     |  out|    9|   ap_memory|     sgm_kernel_stream_stream_ap_uint_8_0_stream_ap_uint_8_0_prevCostT_5|         array|
|sgm_kernel_stream_stream_ap_uint_8_0_stream_ap_uint_8_0_prevCostT_5_ce0          |  out|    1|   ap_memory|     sgm_kernel_stream_stream_ap_uint_8_0_stream_ap_uint_8_0_prevCostT_5|         array|
|sgm_kernel_stream_stream_ap_uint_8_0_stream_ap_uint_8_0_prevCostT_5_we0          |  out|    1|   ap_memory|     sgm_kernel_stream_stream_ap_uint_8_0_stream_ap_uint_8_0_prevCostT_5|         array|
|sgm_kernel_stream_stream_ap_uint_8_0_stream_ap_uint_8_0_prevCostT_5_d0           |  out|   12|   ap_memory|     sgm_kernel_stream_stream_ap_uint_8_0_stream_ap_uint_8_0_prevCostT_5|         array|
|sgm_kernel_stream_stream_ap_uint_8_0_stream_ap_uint_8_0_prevCostT_5_q0           |   in|   12|   ap_memory|     sgm_kernel_stream_stream_ap_uint_8_0_stream_ap_uint_8_0_prevCostT_5|         array|
|sgm_kernel_stream_stream_ap_uint_8_0_stream_ap_uint_8_0_prevCostT_4_address0     |  out|    9|   ap_memory|     sgm_kernel_stream_stream_ap_uint_8_0_stream_ap_uint_8_0_prevCostT_4|         array|
|sgm_kernel_stream_stream_ap_uint_8_0_stream_ap_uint_8_0_prevCostT_4_ce0          |  out|    1|   ap_memory|     sgm_kernel_stream_stream_ap_uint_8_0_stream_ap_uint_8_0_prevCostT_4|         array|
|sgm_kernel_stream_stream_ap_uint_8_0_stream_ap_uint_8_0_prevCostT_4_we0          |  out|    1|   ap_memory|     sgm_kernel_stream_stream_ap_uint_8_0_stream_ap_uint_8_0_prevCostT_4|         array|
|sgm_kernel_stream_stream_ap_uint_8_0_stream_ap_uint_8_0_prevCostT_4_d0           |  out|   12|   ap_memory|     sgm_kernel_stream_stream_ap_uint_8_0_stream_ap_uint_8_0_prevCostT_4|         array|
|sgm_kernel_stream_stream_ap_uint_8_0_stream_ap_uint_8_0_prevCostT_4_q0           |   in|   12|   ap_memory|     sgm_kernel_stream_stream_ap_uint_8_0_stream_ap_uint_8_0_prevCostT_4|         array|
|sgm_kernel_stream_stream_ap_uint_8_0_stream_ap_uint_8_0_prevCostT_3_address0     |  out|    9|   ap_memory|     sgm_kernel_stream_stream_ap_uint_8_0_stream_ap_uint_8_0_prevCostT_3|         array|
|sgm_kernel_stream_stream_ap_uint_8_0_stream_ap_uint_8_0_prevCostT_3_ce0          |  out|    1|   ap_memory|     sgm_kernel_stream_stream_ap_uint_8_0_stream_ap_uint_8_0_prevCostT_3|         array|
|sgm_kernel_stream_stream_ap_uint_8_0_stream_ap_uint_8_0_prevCostT_3_we0          |  out|    1|   ap_memory|     sgm_kernel_stream_stream_ap_uint_8_0_stream_ap_uint_8_0_prevCostT_3|         array|
|sgm_kernel_stream_stream_ap_uint_8_0_stream_ap_uint_8_0_prevCostT_3_d0           |  out|   12|   ap_memory|     sgm_kernel_stream_stream_ap_uint_8_0_stream_ap_uint_8_0_prevCostT_3|         array|
|sgm_kernel_stream_stream_ap_uint_8_0_stream_ap_uint_8_0_prevCostT_3_q0           |   in|   12|   ap_memory|     sgm_kernel_stream_stream_ap_uint_8_0_stream_ap_uint_8_0_prevCostT_3|         array|
|sgm_kernel_stream_stream_ap_uint_8_0_stream_ap_uint_8_0_prevCostT_2_address0     |  out|    9|   ap_memory|     sgm_kernel_stream_stream_ap_uint_8_0_stream_ap_uint_8_0_prevCostT_2|         array|
|sgm_kernel_stream_stream_ap_uint_8_0_stream_ap_uint_8_0_prevCostT_2_ce0          |  out|    1|   ap_memory|     sgm_kernel_stream_stream_ap_uint_8_0_stream_ap_uint_8_0_prevCostT_2|         array|
|sgm_kernel_stream_stream_ap_uint_8_0_stream_ap_uint_8_0_prevCostT_2_we0          |  out|    1|   ap_memory|     sgm_kernel_stream_stream_ap_uint_8_0_stream_ap_uint_8_0_prevCostT_2|         array|
|sgm_kernel_stream_stream_ap_uint_8_0_stream_ap_uint_8_0_prevCostT_2_d0           |  out|   12|   ap_memory|     sgm_kernel_stream_stream_ap_uint_8_0_stream_ap_uint_8_0_prevCostT_2|         array|
|sgm_kernel_stream_stream_ap_uint_8_0_stream_ap_uint_8_0_prevCostT_2_q0           |   in|   12|   ap_memory|     sgm_kernel_stream_stream_ap_uint_8_0_stream_ap_uint_8_0_prevCostT_2|         array|
|sgm_kernel_stream_stream_ap_uint_8_0_stream_ap_uint_8_0_prevCostT_1_address0     |  out|    9|   ap_memory|     sgm_kernel_stream_stream_ap_uint_8_0_stream_ap_uint_8_0_prevCostT_1|         array|
|sgm_kernel_stream_stream_ap_uint_8_0_stream_ap_uint_8_0_prevCostT_1_ce0          |  out|    1|   ap_memory|     sgm_kernel_stream_stream_ap_uint_8_0_stream_ap_uint_8_0_prevCostT_1|         array|
|sgm_kernel_stream_stream_ap_uint_8_0_stream_ap_uint_8_0_prevCostT_1_we0          |  out|    1|   ap_memory|     sgm_kernel_stream_stream_ap_uint_8_0_stream_ap_uint_8_0_prevCostT_1|         array|
|sgm_kernel_stream_stream_ap_uint_8_0_stream_ap_uint_8_0_prevCostT_1_d0           |  out|   12|   ap_memory|     sgm_kernel_stream_stream_ap_uint_8_0_stream_ap_uint_8_0_prevCostT_1|         array|
|sgm_kernel_stream_stream_ap_uint_8_0_stream_ap_uint_8_0_prevCostT_1_q0           |   in|   12|   ap_memory|     sgm_kernel_stream_stream_ap_uint_8_0_stream_ap_uint_8_0_prevCostT_1|         array|
|sgm_kernel_stream_stream_ap_uint_8_0_stream_ap_uint_8_0_prevCostT_address0       |  out|    9|   ap_memory|       sgm_kernel_stream_stream_ap_uint_8_0_stream_ap_uint_8_0_prevCostT|         array|
|sgm_kernel_stream_stream_ap_uint_8_0_stream_ap_uint_8_0_prevCostT_ce0            |  out|    1|   ap_memory|       sgm_kernel_stream_stream_ap_uint_8_0_stream_ap_uint_8_0_prevCostT|         array|
|sgm_kernel_stream_stream_ap_uint_8_0_stream_ap_uint_8_0_prevCostT_we0            |  out|    1|   ap_memory|       sgm_kernel_stream_stream_ap_uint_8_0_stream_ap_uint_8_0_prevCostT|         array|
|sgm_kernel_stream_stream_ap_uint_8_0_stream_ap_uint_8_0_prevCostT_d0             |  out|   12|   ap_memory|       sgm_kernel_stream_stream_ap_uint_8_0_stream_ap_uint_8_0_prevCostT|         array|
|sgm_kernel_stream_stream_ap_uint_8_0_stream_ap_uint_8_0_prevCostT_q0             |   in|   12|   ap_memory|       sgm_kernel_stream_stream_ap_uint_8_0_stream_ap_uint_8_0_prevCostT|         array|
|p_ZZ10sgm_kernelRN3hls6streamI7ap_uintILi8EELi0EEES4_S4_E9prevCostT_10_address0  |  out|    9|   ap_memory|  p_ZZ10sgm_kernelRN3hls6streamI7ap_uintILi8EELi0EEES4_S4_E9prevCostT_10|         array|
|p_ZZ10sgm_kernelRN3hls6streamI7ap_uintILi8EELi0EEES4_S4_E9prevCostT_10_ce0       |  out|    1|   ap_memory|  p_ZZ10sgm_kernelRN3hls6streamI7ap_uintILi8EELi0EEES4_S4_E9prevCostT_10|         array|
|p_ZZ10sgm_kernelRN3hls6streamI7ap_uintILi8EELi0EEES4_S4_E9prevCostT_10_we0       |  out|    1|   ap_memory|  p_ZZ10sgm_kernelRN3hls6streamI7ap_uintILi8EELi0EEES4_S4_E9prevCostT_10|         array|
|p_ZZ10sgm_kernelRN3hls6streamI7ap_uintILi8EELi0EEES4_S4_E9prevCostT_10_d0        |  out|   12|   ap_memory|  p_ZZ10sgm_kernelRN3hls6streamI7ap_uintILi8EELi0EEES4_S4_E9prevCostT_10|         array|
|p_ZZ10sgm_kernelRN3hls6streamI7ap_uintILi8EELi0EEES4_S4_E9prevCostT_10_q0        |   in|   12|   ap_memory|  p_ZZ10sgm_kernelRN3hls6streamI7ap_uintILi8EELi0EEES4_S4_E9prevCostT_10|         array|
|p_ZZ10sgm_kernelRN3hls6streamI7ap_uintILi8EELi0EEES4_S4_E9prevCostT_11_address0  |  out|    9|   ap_memory|  p_ZZ10sgm_kernelRN3hls6streamI7ap_uintILi8EELi0EEES4_S4_E9prevCostT_11|         array|
|p_ZZ10sgm_kernelRN3hls6streamI7ap_uintILi8EELi0EEES4_S4_E9prevCostT_11_ce0       |  out|    1|   ap_memory|  p_ZZ10sgm_kernelRN3hls6streamI7ap_uintILi8EELi0EEES4_S4_E9prevCostT_11|         array|
|p_ZZ10sgm_kernelRN3hls6streamI7ap_uintILi8EELi0EEES4_S4_E9prevCostT_11_we0       |  out|    1|   ap_memory|  p_ZZ10sgm_kernelRN3hls6streamI7ap_uintILi8EELi0EEES4_S4_E9prevCostT_11|         array|
|p_ZZ10sgm_kernelRN3hls6streamI7ap_uintILi8EELi0EEES4_S4_E9prevCostT_11_d0        |  out|   12|   ap_memory|  p_ZZ10sgm_kernelRN3hls6streamI7ap_uintILi8EELi0EEES4_S4_E9prevCostT_11|         array|
|p_ZZ10sgm_kernelRN3hls6streamI7ap_uintILi8EELi0EEES4_S4_E9prevCostT_11_q0        |   in|   12|   ap_memory|  p_ZZ10sgm_kernelRN3hls6streamI7ap_uintILi8EELi0EEES4_S4_E9prevCostT_11|         array|
|p_ZZ10sgm_kernelRN3hls6streamI7ap_uintILi8EELi0EEES4_S4_E9prevCostT_12_address0  |  out|    9|   ap_memory|  p_ZZ10sgm_kernelRN3hls6streamI7ap_uintILi8EELi0EEES4_S4_E9prevCostT_12|         array|
|p_ZZ10sgm_kernelRN3hls6streamI7ap_uintILi8EELi0EEES4_S4_E9prevCostT_12_ce0       |  out|    1|   ap_memory|  p_ZZ10sgm_kernelRN3hls6streamI7ap_uintILi8EELi0EEES4_S4_E9prevCostT_12|         array|
|p_ZZ10sgm_kernelRN3hls6streamI7ap_uintILi8EELi0EEES4_S4_E9prevCostT_12_we0       |  out|    1|   ap_memory|  p_ZZ10sgm_kernelRN3hls6streamI7ap_uintILi8EELi0EEES4_S4_E9prevCostT_12|         array|
|p_ZZ10sgm_kernelRN3hls6streamI7ap_uintILi8EELi0EEES4_S4_E9prevCostT_12_d0        |  out|   12|   ap_memory|  p_ZZ10sgm_kernelRN3hls6streamI7ap_uintILi8EELi0EEES4_S4_E9prevCostT_12|         array|
|p_ZZ10sgm_kernelRN3hls6streamI7ap_uintILi8EELi0EEES4_S4_E9prevCostT_12_q0        |   in|   12|   ap_memory|  p_ZZ10sgm_kernelRN3hls6streamI7ap_uintILi8EELi0EEES4_S4_E9prevCostT_12|         array|
|p_ZZ10sgm_kernelRN3hls6streamI7ap_uintILi8EELi0EEES4_S4_E9prevCostT_13_address0  |  out|    9|   ap_memory|  p_ZZ10sgm_kernelRN3hls6streamI7ap_uintILi8EELi0EEES4_S4_E9prevCostT_13|         array|
|p_ZZ10sgm_kernelRN3hls6streamI7ap_uintILi8EELi0EEES4_S4_E9prevCostT_13_ce0       |  out|    1|   ap_memory|  p_ZZ10sgm_kernelRN3hls6streamI7ap_uintILi8EELi0EEES4_S4_E9prevCostT_13|         array|
|p_ZZ10sgm_kernelRN3hls6streamI7ap_uintILi8EELi0EEES4_S4_E9prevCostT_13_we0       |  out|    1|   ap_memory|  p_ZZ10sgm_kernelRN3hls6streamI7ap_uintILi8EELi0EEES4_S4_E9prevCostT_13|         array|
|p_ZZ10sgm_kernelRN3hls6streamI7ap_uintILi8EELi0EEES4_S4_E9prevCostT_13_d0        |  out|   12|   ap_memory|  p_ZZ10sgm_kernelRN3hls6streamI7ap_uintILi8EELi0EEES4_S4_E9prevCostT_13|         array|
|p_ZZ10sgm_kernelRN3hls6streamI7ap_uintILi8EELi0EEES4_S4_E9prevCostT_13_q0        |   in|   12|   ap_memory|  p_ZZ10sgm_kernelRN3hls6streamI7ap_uintILi8EELi0EEES4_S4_E9prevCostT_13|         array|
|p_ZZ10sgm_kernelRN3hls6streamI7ap_uintILi8EELi0EEES4_S4_E9prevCostT_14_address0  |  out|    9|   ap_memory|  p_ZZ10sgm_kernelRN3hls6streamI7ap_uintILi8EELi0EEES4_S4_E9prevCostT_14|         array|
|p_ZZ10sgm_kernelRN3hls6streamI7ap_uintILi8EELi0EEES4_S4_E9prevCostT_14_ce0       |  out|    1|   ap_memory|  p_ZZ10sgm_kernelRN3hls6streamI7ap_uintILi8EELi0EEES4_S4_E9prevCostT_14|         array|
|p_ZZ10sgm_kernelRN3hls6streamI7ap_uintILi8EELi0EEES4_S4_E9prevCostT_14_we0       |  out|    1|   ap_memory|  p_ZZ10sgm_kernelRN3hls6streamI7ap_uintILi8EELi0EEES4_S4_E9prevCostT_14|         array|
|p_ZZ10sgm_kernelRN3hls6streamI7ap_uintILi8EELi0EEES4_S4_E9prevCostT_14_d0        |  out|   12|   ap_memory|  p_ZZ10sgm_kernelRN3hls6streamI7ap_uintILi8EELi0EEES4_S4_E9prevCostT_14|         array|
|p_ZZ10sgm_kernelRN3hls6streamI7ap_uintILi8EELi0EEES4_S4_E9prevCostT_14_q0        |   in|   12|   ap_memory|  p_ZZ10sgm_kernelRN3hls6streamI7ap_uintILi8EELi0EEES4_S4_E9prevCostT_14|         array|
|p_ZZ10sgm_kernelRN3hls6streamI7ap_uintILi8EELi0EEES4_S4_E9prevCostT_15_address0  |  out|    9|   ap_memory|  p_ZZ10sgm_kernelRN3hls6streamI7ap_uintILi8EELi0EEES4_S4_E9prevCostT_15|         array|
|p_ZZ10sgm_kernelRN3hls6streamI7ap_uintILi8EELi0EEES4_S4_E9prevCostT_15_ce0       |  out|    1|   ap_memory|  p_ZZ10sgm_kernelRN3hls6streamI7ap_uintILi8EELi0EEES4_S4_E9prevCostT_15|         array|
|p_ZZ10sgm_kernelRN3hls6streamI7ap_uintILi8EELi0EEES4_S4_E9prevCostT_15_we0       |  out|    1|   ap_memory|  p_ZZ10sgm_kernelRN3hls6streamI7ap_uintILi8EELi0EEES4_S4_E9prevCostT_15|         array|
|p_ZZ10sgm_kernelRN3hls6streamI7ap_uintILi8EELi0EEES4_S4_E9prevCostT_15_d0        |  out|   12|   ap_memory|  p_ZZ10sgm_kernelRN3hls6streamI7ap_uintILi8EELi0EEES4_S4_E9prevCostT_15|         array|
|p_ZZ10sgm_kernelRN3hls6streamI7ap_uintILi8EELi0EEES4_S4_E9prevCostT_15_q0        |   in|   12|   ap_memory|  p_ZZ10sgm_kernelRN3hls6streamI7ap_uintILi8EELi0EEES4_S4_E9prevCostT_15|         array|
|p_ZZ10sgm_kernelRN3hls6streamI7ap_uintILi8EELi0EEES4_S4_E9prevCostT_16_address0  |  out|    9|   ap_memory|  p_ZZ10sgm_kernelRN3hls6streamI7ap_uintILi8EELi0EEES4_S4_E9prevCostT_16|         array|
|p_ZZ10sgm_kernelRN3hls6streamI7ap_uintILi8EELi0EEES4_S4_E9prevCostT_16_ce0       |  out|    1|   ap_memory|  p_ZZ10sgm_kernelRN3hls6streamI7ap_uintILi8EELi0EEES4_S4_E9prevCostT_16|         array|
|p_ZZ10sgm_kernelRN3hls6streamI7ap_uintILi8EELi0EEES4_S4_E9prevCostT_16_we0       |  out|    1|   ap_memory|  p_ZZ10sgm_kernelRN3hls6streamI7ap_uintILi8EELi0EEES4_S4_E9prevCostT_16|         array|
|p_ZZ10sgm_kernelRN3hls6streamI7ap_uintILi8EELi0EEES4_S4_E9prevCostT_16_d0        |  out|   12|   ap_memory|  p_ZZ10sgm_kernelRN3hls6streamI7ap_uintILi8EELi0EEES4_S4_E9prevCostT_16|         array|
|p_ZZ10sgm_kernelRN3hls6streamI7ap_uintILi8EELi0EEES4_S4_E9prevCostT_16_q0        |   in|   12|   ap_memory|  p_ZZ10sgm_kernelRN3hls6streamI7ap_uintILi8EELi0EEES4_S4_E9prevCostT_16|         array|
|p_ZZ10sgm_kernelRN3hls6streamI7ap_uintILi8EELi0EEES4_S4_E9prevCostT_17_address0  |  out|    9|   ap_memory|  p_ZZ10sgm_kernelRN3hls6streamI7ap_uintILi8EELi0EEES4_S4_E9prevCostT_17|         array|
|p_ZZ10sgm_kernelRN3hls6streamI7ap_uintILi8EELi0EEES4_S4_E9prevCostT_17_ce0       |  out|    1|   ap_memory|  p_ZZ10sgm_kernelRN3hls6streamI7ap_uintILi8EELi0EEES4_S4_E9prevCostT_17|         array|
|p_ZZ10sgm_kernelRN3hls6streamI7ap_uintILi8EELi0EEES4_S4_E9prevCostT_17_we0       |  out|    1|   ap_memory|  p_ZZ10sgm_kernelRN3hls6streamI7ap_uintILi8EELi0EEES4_S4_E9prevCostT_17|         array|
|p_ZZ10sgm_kernelRN3hls6streamI7ap_uintILi8EELi0EEES4_S4_E9prevCostT_17_d0        |  out|   12|   ap_memory|  p_ZZ10sgm_kernelRN3hls6streamI7ap_uintILi8EELi0EEES4_S4_E9prevCostT_17|         array|
|p_ZZ10sgm_kernelRN3hls6streamI7ap_uintILi8EELi0EEES4_S4_E9prevCostT_17_q0        |   in|   12|   ap_memory|  p_ZZ10sgm_kernelRN3hls6streamI7ap_uintILi8EELi0EEES4_S4_E9prevCostT_17|         array|
|p_ZZ10sgm_kernelRN3hls6streamI7ap_uintILi8EELi0EEES4_S4_E9prevCostT_18_address0  |  out|    9|   ap_memory|  p_ZZ10sgm_kernelRN3hls6streamI7ap_uintILi8EELi0EEES4_S4_E9prevCostT_18|         array|
|p_ZZ10sgm_kernelRN3hls6streamI7ap_uintILi8EELi0EEES4_S4_E9prevCostT_18_ce0       |  out|    1|   ap_memory|  p_ZZ10sgm_kernelRN3hls6streamI7ap_uintILi8EELi0EEES4_S4_E9prevCostT_18|         array|
|p_ZZ10sgm_kernelRN3hls6streamI7ap_uintILi8EELi0EEES4_S4_E9prevCostT_18_we0       |  out|    1|   ap_memory|  p_ZZ10sgm_kernelRN3hls6streamI7ap_uintILi8EELi0EEES4_S4_E9prevCostT_18|         array|
|p_ZZ10sgm_kernelRN3hls6streamI7ap_uintILi8EELi0EEES4_S4_E9prevCostT_18_d0        |  out|   12|   ap_memory|  p_ZZ10sgm_kernelRN3hls6streamI7ap_uintILi8EELi0EEES4_S4_E9prevCostT_18|         array|
|p_ZZ10sgm_kernelRN3hls6streamI7ap_uintILi8EELi0EEES4_S4_E9prevCostT_18_q0        |   in|   12|   ap_memory|  p_ZZ10sgm_kernelRN3hls6streamI7ap_uintILi8EELi0EEES4_S4_E9prevCostT_18|         array|
|p_ZZ10sgm_kernelRN3hls6streamI7ap_uintILi8EELi0EEES4_S4_E9prevCostT_19_address0  |  out|    9|   ap_memory|  p_ZZ10sgm_kernelRN3hls6streamI7ap_uintILi8EELi0EEES4_S4_E9prevCostT_19|         array|
|p_ZZ10sgm_kernelRN3hls6streamI7ap_uintILi8EELi0EEES4_S4_E9prevCostT_19_ce0       |  out|    1|   ap_memory|  p_ZZ10sgm_kernelRN3hls6streamI7ap_uintILi8EELi0EEES4_S4_E9prevCostT_19|         array|
|p_ZZ10sgm_kernelRN3hls6streamI7ap_uintILi8EELi0EEES4_S4_E9prevCostT_19_we0       |  out|    1|   ap_memory|  p_ZZ10sgm_kernelRN3hls6streamI7ap_uintILi8EELi0EEES4_S4_E9prevCostT_19|         array|
|p_ZZ10sgm_kernelRN3hls6streamI7ap_uintILi8EELi0EEES4_S4_E9prevCostT_19_d0        |  out|   12|   ap_memory|  p_ZZ10sgm_kernelRN3hls6streamI7ap_uintILi8EELi0EEES4_S4_E9prevCostT_19|         array|
|p_ZZ10sgm_kernelRN3hls6streamI7ap_uintILi8EELi0EEES4_S4_E9prevCostT_19_q0        |   in|   12|   ap_memory|  p_ZZ10sgm_kernelRN3hls6streamI7ap_uintILi8EELi0EEES4_S4_E9prevCostT_19|         array|
|p_ZZ10sgm_kernelRN3hls6streamI7ap_uintILi8EELi0EEES4_S4_E9prevCostT_20_address0  |  out|    9|   ap_memory|  p_ZZ10sgm_kernelRN3hls6streamI7ap_uintILi8EELi0EEES4_S4_E9prevCostT_20|         array|
|p_ZZ10sgm_kernelRN3hls6streamI7ap_uintILi8EELi0EEES4_S4_E9prevCostT_20_ce0       |  out|    1|   ap_memory|  p_ZZ10sgm_kernelRN3hls6streamI7ap_uintILi8EELi0EEES4_S4_E9prevCostT_20|         array|
|p_ZZ10sgm_kernelRN3hls6streamI7ap_uintILi8EELi0EEES4_S4_E9prevCostT_20_we0       |  out|    1|   ap_memory|  p_ZZ10sgm_kernelRN3hls6streamI7ap_uintILi8EELi0EEES4_S4_E9prevCostT_20|         array|
|p_ZZ10sgm_kernelRN3hls6streamI7ap_uintILi8EELi0EEES4_S4_E9prevCostT_20_d0        |  out|   12|   ap_memory|  p_ZZ10sgm_kernelRN3hls6streamI7ap_uintILi8EELi0EEES4_S4_E9prevCostT_20|         array|
|p_ZZ10sgm_kernelRN3hls6streamI7ap_uintILi8EELi0EEES4_S4_E9prevCostT_20_q0        |   in|   12|   ap_memory|  p_ZZ10sgm_kernelRN3hls6streamI7ap_uintILi8EELi0EEES4_S4_E9prevCostT_20|         array|
|p_ZZ10sgm_kernelRN3hls6streamI7ap_uintILi8EELi0EEES4_S4_E9prevCostT_21_address0  |  out|    9|   ap_memory|  p_ZZ10sgm_kernelRN3hls6streamI7ap_uintILi8EELi0EEES4_S4_E9prevCostT_21|         array|
|p_ZZ10sgm_kernelRN3hls6streamI7ap_uintILi8EELi0EEES4_S4_E9prevCostT_21_ce0       |  out|    1|   ap_memory|  p_ZZ10sgm_kernelRN3hls6streamI7ap_uintILi8EELi0EEES4_S4_E9prevCostT_21|         array|
|p_ZZ10sgm_kernelRN3hls6streamI7ap_uintILi8EELi0EEES4_S4_E9prevCostT_21_we0       |  out|    1|   ap_memory|  p_ZZ10sgm_kernelRN3hls6streamI7ap_uintILi8EELi0EEES4_S4_E9prevCostT_21|         array|
|p_ZZ10sgm_kernelRN3hls6streamI7ap_uintILi8EELi0EEES4_S4_E9prevCostT_21_d0        |  out|   12|   ap_memory|  p_ZZ10sgm_kernelRN3hls6streamI7ap_uintILi8EELi0EEES4_S4_E9prevCostT_21|         array|
|p_ZZ10sgm_kernelRN3hls6streamI7ap_uintILi8EELi0EEES4_S4_E9prevCostT_21_q0        |   in|   12|   ap_memory|  p_ZZ10sgm_kernelRN3hls6streamI7ap_uintILi8EELi0EEES4_S4_E9prevCostT_21|         array|
|p_ZZ10sgm_kernelRN3hls6streamI7ap_uintILi8EELi0EEES4_S4_E9prevCostT_22_address0  |  out|    9|   ap_memory|  p_ZZ10sgm_kernelRN3hls6streamI7ap_uintILi8EELi0EEES4_S4_E9prevCostT_22|         array|
|p_ZZ10sgm_kernelRN3hls6streamI7ap_uintILi8EELi0EEES4_S4_E9prevCostT_22_ce0       |  out|    1|   ap_memory|  p_ZZ10sgm_kernelRN3hls6streamI7ap_uintILi8EELi0EEES4_S4_E9prevCostT_22|         array|
|p_ZZ10sgm_kernelRN3hls6streamI7ap_uintILi8EELi0EEES4_S4_E9prevCostT_22_we0       |  out|    1|   ap_memory|  p_ZZ10sgm_kernelRN3hls6streamI7ap_uintILi8EELi0EEES4_S4_E9prevCostT_22|         array|
|p_ZZ10sgm_kernelRN3hls6streamI7ap_uintILi8EELi0EEES4_S4_E9prevCostT_22_d0        |  out|   12|   ap_memory|  p_ZZ10sgm_kernelRN3hls6streamI7ap_uintILi8EELi0EEES4_S4_E9prevCostT_22|         array|
|p_ZZ10sgm_kernelRN3hls6streamI7ap_uintILi8EELi0EEES4_S4_E9prevCostT_22_q0        |   in|   12|   ap_memory|  p_ZZ10sgm_kernelRN3hls6streamI7ap_uintILi8EELi0EEES4_S4_E9prevCostT_22|         array|
|p_ZZ10sgm_kernelRN3hls6streamI7ap_uintILi8EELi0EEES4_S4_E9prevCostT_23_address0  |  out|    9|   ap_memory|  p_ZZ10sgm_kernelRN3hls6streamI7ap_uintILi8EELi0EEES4_S4_E9prevCostT_23|         array|
|p_ZZ10sgm_kernelRN3hls6streamI7ap_uintILi8EELi0EEES4_S4_E9prevCostT_23_ce0       |  out|    1|   ap_memory|  p_ZZ10sgm_kernelRN3hls6streamI7ap_uintILi8EELi0EEES4_S4_E9prevCostT_23|         array|
|p_ZZ10sgm_kernelRN3hls6streamI7ap_uintILi8EELi0EEES4_S4_E9prevCostT_23_we0       |  out|    1|   ap_memory|  p_ZZ10sgm_kernelRN3hls6streamI7ap_uintILi8EELi0EEES4_S4_E9prevCostT_23|         array|
|p_ZZ10sgm_kernelRN3hls6streamI7ap_uintILi8EELi0EEES4_S4_E9prevCostT_23_d0        |  out|   12|   ap_memory|  p_ZZ10sgm_kernelRN3hls6streamI7ap_uintILi8EELi0EEES4_S4_E9prevCostT_23|         array|
|p_ZZ10sgm_kernelRN3hls6streamI7ap_uintILi8EELi0EEES4_S4_E9prevCostT_23_q0        |   in|   12|   ap_memory|  p_ZZ10sgm_kernelRN3hls6streamI7ap_uintILi8EELi0EEES4_S4_E9prevCostT_23|         array|
|p_ZZ10sgm_kernelRN3hls6streamI7ap_uintILi8EELi0EEES4_S4_E9prevCostT_24_address0  |  out|    9|   ap_memory|  p_ZZ10sgm_kernelRN3hls6streamI7ap_uintILi8EELi0EEES4_S4_E9prevCostT_24|         array|
|p_ZZ10sgm_kernelRN3hls6streamI7ap_uintILi8EELi0EEES4_S4_E9prevCostT_24_ce0       |  out|    1|   ap_memory|  p_ZZ10sgm_kernelRN3hls6streamI7ap_uintILi8EELi0EEES4_S4_E9prevCostT_24|         array|
|p_ZZ10sgm_kernelRN3hls6streamI7ap_uintILi8EELi0EEES4_S4_E9prevCostT_24_we0       |  out|    1|   ap_memory|  p_ZZ10sgm_kernelRN3hls6streamI7ap_uintILi8EELi0EEES4_S4_E9prevCostT_24|         array|
|p_ZZ10sgm_kernelRN3hls6streamI7ap_uintILi8EELi0EEES4_S4_E9prevCostT_24_d0        |  out|   12|   ap_memory|  p_ZZ10sgm_kernelRN3hls6streamI7ap_uintILi8EELi0EEES4_S4_E9prevCostT_24|         array|
|p_ZZ10sgm_kernelRN3hls6streamI7ap_uintILi8EELi0EEES4_S4_E9prevCostT_24_q0        |   in|   12|   ap_memory|  p_ZZ10sgm_kernelRN3hls6streamI7ap_uintILi8EELi0EEES4_S4_E9prevCostT_24|         array|
|p_ZZ10sgm_kernelRN3hls6streamI7ap_uintILi8EELi0EEES4_S4_E9prevCostT_25_address0  |  out|    9|   ap_memory|  p_ZZ10sgm_kernelRN3hls6streamI7ap_uintILi8EELi0EEES4_S4_E9prevCostT_25|         array|
|p_ZZ10sgm_kernelRN3hls6streamI7ap_uintILi8EELi0EEES4_S4_E9prevCostT_25_ce0       |  out|    1|   ap_memory|  p_ZZ10sgm_kernelRN3hls6streamI7ap_uintILi8EELi0EEES4_S4_E9prevCostT_25|         array|
|p_ZZ10sgm_kernelRN3hls6streamI7ap_uintILi8EELi0EEES4_S4_E9prevCostT_25_we0       |  out|    1|   ap_memory|  p_ZZ10sgm_kernelRN3hls6streamI7ap_uintILi8EELi0EEES4_S4_E9prevCostT_25|         array|
|p_ZZ10sgm_kernelRN3hls6streamI7ap_uintILi8EELi0EEES4_S4_E9prevCostT_25_d0        |  out|   12|   ap_memory|  p_ZZ10sgm_kernelRN3hls6streamI7ap_uintILi8EELi0EEES4_S4_E9prevCostT_25|         array|
|p_ZZ10sgm_kernelRN3hls6streamI7ap_uintILi8EELi0EEES4_S4_E9prevCostT_25_q0        |   in|   12|   ap_memory|  p_ZZ10sgm_kernelRN3hls6streamI7ap_uintILi8EELi0EEES4_S4_E9prevCostT_25|         array|
|p_ZZ10sgm_kernelRN3hls6streamI7ap_uintILi8EELi0EEES4_S4_E9prevCostT_26_address0  |  out|    9|   ap_memory|  p_ZZ10sgm_kernelRN3hls6streamI7ap_uintILi8EELi0EEES4_S4_E9prevCostT_26|         array|
|p_ZZ10sgm_kernelRN3hls6streamI7ap_uintILi8EELi0EEES4_S4_E9prevCostT_26_ce0       |  out|    1|   ap_memory|  p_ZZ10sgm_kernelRN3hls6streamI7ap_uintILi8EELi0EEES4_S4_E9prevCostT_26|         array|
|p_ZZ10sgm_kernelRN3hls6streamI7ap_uintILi8EELi0EEES4_S4_E9prevCostT_26_we0       |  out|    1|   ap_memory|  p_ZZ10sgm_kernelRN3hls6streamI7ap_uintILi8EELi0EEES4_S4_E9prevCostT_26|         array|
|p_ZZ10sgm_kernelRN3hls6streamI7ap_uintILi8EELi0EEES4_S4_E9prevCostT_26_d0        |  out|   12|   ap_memory|  p_ZZ10sgm_kernelRN3hls6streamI7ap_uintILi8EELi0EEES4_S4_E9prevCostT_26|         array|
|p_ZZ10sgm_kernelRN3hls6streamI7ap_uintILi8EELi0EEES4_S4_E9prevCostT_26_q0        |   in|   12|   ap_memory|  p_ZZ10sgm_kernelRN3hls6streamI7ap_uintILi8EELi0EEES4_S4_E9prevCostT_26|         array|
|p_ZZ10sgm_kernelRN3hls6streamI7ap_uintILi8EELi0EEES4_S4_E9prevCostT_27_address0  |  out|    9|   ap_memory|  p_ZZ10sgm_kernelRN3hls6streamI7ap_uintILi8EELi0EEES4_S4_E9prevCostT_27|         array|
|p_ZZ10sgm_kernelRN3hls6streamI7ap_uintILi8EELi0EEES4_S4_E9prevCostT_27_ce0       |  out|    1|   ap_memory|  p_ZZ10sgm_kernelRN3hls6streamI7ap_uintILi8EELi0EEES4_S4_E9prevCostT_27|         array|
|p_ZZ10sgm_kernelRN3hls6streamI7ap_uintILi8EELi0EEES4_S4_E9prevCostT_27_we0       |  out|    1|   ap_memory|  p_ZZ10sgm_kernelRN3hls6streamI7ap_uintILi8EELi0EEES4_S4_E9prevCostT_27|         array|
|p_ZZ10sgm_kernelRN3hls6streamI7ap_uintILi8EELi0EEES4_S4_E9prevCostT_27_d0        |  out|   12|   ap_memory|  p_ZZ10sgm_kernelRN3hls6streamI7ap_uintILi8EELi0EEES4_S4_E9prevCostT_27|         array|
|p_ZZ10sgm_kernelRN3hls6streamI7ap_uintILi8EELi0EEES4_S4_E9prevCostT_27_q0        |   in|   12|   ap_memory|  p_ZZ10sgm_kernelRN3hls6streamI7ap_uintILi8EELi0EEES4_S4_E9prevCostT_27|         array|
|p_ZZ10sgm_kernelRN3hls6streamI7ap_uintILi8EELi0EEES4_S4_E9prevCostT_28_address0  |  out|    9|   ap_memory|  p_ZZ10sgm_kernelRN3hls6streamI7ap_uintILi8EELi0EEES4_S4_E9prevCostT_28|         array|
|p_ZZ10sgm_kernelRN3hls6streamI7ap_uintILi8EELi0EEES4_S4_E9prevCostT_28_ce0       |  out|    1|   ap_memory|  p_ZZ10sgm_kernelRN3hls6streamI7ap_uintILi8EELi0EEES4_S4_E9prevCostT_28|         array|
|p_ZZ10sgm_kernelRN3hls6streamI7ap_uintILi8EELi0EEES4_S4_E9prevCostT_28_we0       |  out|    1|   ap_memory|  p_ZZ10sgm_kernelRN3hls6streamI7ap_uintILi8EELi0EEES4_S4_E9prevCostT_28|         array|
|p_ZZ10sgm_kernelRN3hls6streamI7ap_uintILi8EELi0EEES4_S4_E9prevCostT_28_d0        |  out|   12|   ap_memory|  p_ZZ10sgm_kernelRN3hls6streamI7ap_uintILi8EELi0EEES4_S4_E9prevCostT_28|         array|
|p_ZZ10sgm_kernelRN3hls6streamI7ap_uintILi8EELi0EEES4_S4_E9prevCostT_28_q0        |   in|   12|   ap_memory|  p_ZZ10sgm_kernelRN3hls6streamI7ap_uintILi8EELi0EEES4_S4_E9prevCostT_28|         array|
|p_ZZ10sgm_kernelRN3hls6streamI7ap_uintILi8EELi0EEES4_S4_E9prevCostT_29_address0  |  out|    9|   ap_memory|  p_ZZ10sgm_kernelRN3hls6streamI7ap_uintILi8EELi0EEES4_S4_E9prevCostT_29|         array|
|p_ZZ10sgm_kernelRN3hls6streamI7ap_uintILi8EELi0EEES4_S4_E9prevCostT_29_ce0       |  out|    1|   ap_memory|  p_ZZ10sgm_kernelRN3hls6streamI7ap_uintILi8EELi0EEES4_S4_E9prevCostT_29|         array|
|p_ZZ10sgm_kernelRN3hls6streamI7ap_uintILi8EELi0EEES4_S4_E9prevCostT_29_we0       |  out|    1|   ap_memory|  p_ZZ10sgm_kernelRN3hls6streamI7ap_uintILi8EELi0EEES4_S4_E9prevCostT_29|         array|
|p_ZZ10sgm_kernelRN3hls6streamI7ap_uintILi8EELi0EEES4_S4_E9prevCostT_29_d0        |  out|   12|   ap_memory|  p_ZZ10sgm_kernelRN3hls6streamI7ap_uintILi8EELi0EEES4_S4_E9prevCostT_29|         array|
|p_ZZ10sgm_kernelRN3hls6streamI7ap_uintILi8EELi0EEES4_S4_E9prevCostT_29_q0        |   in|   12|   ap_memory|  p_ZZ10sgm_kernelRN3hls6streamI7ap_uintILi8EELi0EEES4_S4_E9prevCostT_29|         array|
|p_ZZ10sgm_kernelRN3hls6streamI7ap_uintILi8EELi0EEES4_S4_E9prevCostT_30_address0  |  out|    9|   ap_memory|  p_ZZ10sgm_kernelRN3hls6streamI7ap_uintILi8EELi0EEES4_S4_E9prevCostT_30|         array|
|p_ZZ10sgm_kernelRN3hls6streamI7ap_uintILi8EELi0EEES4_S4_E9prevCostT_30_ce0       |  out|    1|   ap_memory|  p_ZZ10sgm_kernelRN3hls6streamI7ap_uintILi8EELi0EEES4_S4_E9prevCostT_30|         array|
|p_ZZ10sgm_kernelRN3hls6streamI7ap_uintILi8EELi0EEES4_S4_E9prevCostT_30_we0       |  out|    1|   ap_memory|  p_ZZ10sgm_kernelRN3hls6streamI7ap_uintILi8EELi0EEES4_S4_E9prevCostT_30|         array|
|p_ZZ10sgm_kernelRN3hls6streamI7ap_uintILi8EELi0EEES4_S4_E9prevCostT_30_d0        |  out|   12|   ap_memory|  p_ZZ10sgm_kernelRN3hls6streamI7ap_uintILi8EELi0EEES4_S4_E9prevCostT_30|         array|
|p_ZZ10sgm_kernelRN3hls6streamI7ap_uintILi8EELi0EEES4_S4_E9prevCostT_30_q0        |   in|   12|   ap_memory|  p_ZZ10sgm_kernelRN3hls6streamI7ap_uintILi8EELi0EEES4_S4_E9prevCostT_30|         array|
|p_ZZ10sgm_kernelRN3hls6streamI7ap_uintILi8EELi0EEES4_S4_E9prevCostT_31_address0  |  out|    9|   ap_memory|  p_ZZ10sgm_kernelRN3hls6streamI7ap_uintILi8EELi0EEES4_S4_E9prevCostT_31|         array|
|p_ZZ10sgm_kernelRN3hls6streamI7ap_uintILi8EELi0EEES4_S4_E9prevCostT_31_ce0       |  out|    1|   ap_memory|  p_ZZ10sgm_kernelRN3hls6streamI7ap_uintILi8EELi0EEES4_S4_E9prevCostT_31|         array|
|p_ZZ10sgm_kernelRN3hls6streamI7ap_uintILi8EELi0EEES4_S4_E9prevCostT_31_we0       |  out|    1|   ap_memory|  p_ZZ10sgm_kernelRN3hls6streamI7ap_uintILi8EELi0EEES4_S4_E9prevCostT_31|         array|
|p_ZZ10sgm_kernelRN3hls6streamI7ap_uintILi8EELi0EEES4_S4_E9prevCostT_31_d0        |  out|   12|   ap_memory|  p_ZZ10sgm_kernelRN3hls6streamI7ap_uintILi8EELi0EEES4_S4_E9prevCostT_31|         array|
|p_ZZ10sgm_kernelRN3hls6streamI7ap_uintILi8EELi0EEES4_S4_E9prevCostT_31_q0        |   in|   12|   ap_memory|  p_ZZ10sgm_kernelRN3hls6streamI7ap_uintILi8EELi0EEES4_S4_E9prevCostT_31|         array|
|sgm_kernel_stream_stream_ap_uint_8_0_stream_ap_uint_8_0_prevCostL_9_i            |   in|   12|     ap_ovld|     sgm_kernel_stream_stream_ap_uint_8_0_stream_ap_uint_8_0_prevCostL_9|       pointer|
|sgm_kernel_stream_stream_ap_uint_8_0_stream_ap_uint_8_0_prevCostL_9_o            |  out|   12|     ap_ovld|     sgm_kernel_stream_stream_ap_uint_8_0_stream_ap_uint_8_0_prevCostL_9|       pointer|
|sgm_kernel_stream_stream_ap_uint_8_0_stream_ap_uint_8_0_prevCostL_9_o_ap_vld     |  out|    1|     ap_ovld|     sgm_kernel_stream_stream_ap_uint_8_0_stream_ap_uint_8_0_prevCostL_9|       pointer|
|sgm_kernel_stream_stream_ap_uint_8_0_stream_ap_uint_8_0_prevCostL_8_i            |   in|   12|     ap_ovld|     sgm_kernel_stream_stream_ap_uint_8_0_stream_ap_uint_8_0_prevCostL_8|       pointer|
|sgm_kernel_stream_stream_ap_uint_8_0_stream_ap_uint_8_0_prevCostL_8_o            |  out|   12|     ap_ovld|     sgm_kernel_stream_stream_ap_uint_8_0_stream_ap_uint_8_0_prevCostL_8|       pointer|
|sgm_kernel_stream_stream_ap_uint_8_0_stream_ap_uint_8_0_prevCostL_8_o_ap_vld     |  out|    1|     ap_ovld|     sgm_kernel_stream_stream_ap_uint_8_0_stream_ap_uint_8_0_prevCostL_8|       pointer|
|sgm_kernel_stream_stream_ap_uint_8_0_stream_ap_uint_8_0_prevCostL_7_i            |   in|   12|     ap_ovld|     sgm_kernel_stream_stream_ap_uint_8_0_stream_ap_uint_8_0_prevCostL_7|       pointer|
|sgm_kernel_stream_stream_ap_uint_8_0_stream_ap_uint_8_0_prevCostL_7_o            |  out|   12|     ap_ovld|     sgm_kernel_stream_stream_ap_uint_8_0_stream_ap_uint_8_0_prevCostL_7|       pointer|
|sgm_kernel_stream_stream_ap_uint_8_0_stream_ap_uint_8_0_prevCostL_7_o_ap_vld     |  out|    1|     ap_ovld|     sgm_kernel_stream_stream_ap_uint_8_0_stream_ap_uint_8_0_prevCostL_7|       pointer|
|sgm_kernel_stream_stream_ap_uint_8_0_stream_ap_uint_8_0_prevCostL_6_i            |   in|   12|     ap_ovld|     sgm_kernel_stream_stream_ap_uint_8_0_stream_ap_uint_8_0_prevCostL_6|       pointer|
|sgm_kernel_stream_stream_ap_uint_8_0_stream_ap_uint_8_0_prevCostL_6_o            |  out|   12|     ap_ovld|     sgm_kernel_stream_stream_ap_uint_8_0_stream_ap_uint_8_0_prevCostL_6|       pointer|
|sgm_kernel_stream_stream_ap_uint_8_0_stream_ap_uint_8_0_prevCostL_6_o_ap_vld     |  out|    1|     ap_ovld|     sgm_kernel_stream_stream_ap_uint_8_0_stream_ap_uint_8_0_prevCostL_6|       pointer|
|sgm_kernel_stream_stream_ap_uint_8_0_stream_ap_uint_8_0_prevCostL_5_i            |   in|   12|     ap_ovld|     sgm_kernel_stream_stream_ap_uint_8_0_stream_ap_uint_8_0_prevCostL_5|       pointer|
|sgm_kernel_stream_stream_ap_uint_8_0_stream_ap_uint_8_0_prevCostL_5_o            |  out|   12|     ap_ovld|     sgm_kernel_stream_stream_ap_uint_8_0_stream_ap_uint_8_0_prevCostL_5|       pointer|
|sgm_kernel_stream_stream_ap_uint_8_0_stream_ap_uint_8_0_prevCostL_5_o_ap_vld     |  out|    1|     ap_ovld|     sgm_kernel_stream_stream_ap_uint_8_0_stream_ap_uint_8_0_prevCostL_5|       pointer|
|sgm_kernel_stream_stream_ap_uint_8_0_stream_ap_uint_8_0_prevCostL_4_i            |   in|   12|     ap_ovld|     sgm_kernel_stream_stream_ap_uint_8_0_stream_ap_uint_8_0_prevCostL_4|       pointer|
|sgm_kernel_stream_stream_ap_uint_8_0_stream_ap_uint_8_0_prevCostL_4_o            |  out|   12|     ap_ovld|     sgm_kernel_stream_stream_ap_uint_8_0_stream_ap_uint_8_0_prevCostL_4|       pointer|
|sgm_kernel_stream_stream_ap_uint_8_0_stream_ap_uint_8_0_prevCostL_4_o_ap_vld     |  out|    1|     ap_ovld|     sgm_kernel_stream_stream_ap_uint_8_0_stream_ap_uint_8_0_prevCostL_4|       pointer|
|sgm_kernel_stream_stream_ap_uint_8_0_stream_ap_uint_8_0_prevCostL_3_i            |   in|   12|     ap_ovld|     sgm_kernel_stream_stream_ap_uint_8_0_stream_ap_uint_8_0_prevCostL_3|       pointer|
|sgm_kernel_stream_stream_ap_uint_8_0_stream_ap_uint_8_0_prevCostL_3_o            |  out|   12|     ap_ovld|     sgm_kernel_stream_stream_ap_uint_8_0_stream_ap_uint_8_0_prevCostL_3|       pointer|
|sgm_kernel_stream_stream_ap_uint_8_0_stream_ap_uint_8_0_prevCostL_3_o_ap_vld     |  out|    1|     ap_ovld|     sgm_kernel_stream_stream_ap_uint_8_0_stream_ap_uint_8_0_prevCostL_3|       pointer|
|sgm_kernel_stream_stream_ap_uint_8_0_stream_ap_uint_8_0_prevCostL_2_i            |   in|   12|     ap_ovld|     sgm_kernel_stream_stream_ap_uint_8_0_stream_ap_uint_8_0_prevCostL_2|       pointer|
|sgm_kernel_stream_stream_ap_uint_8_0_stream_ap_uint_8_0_prevCostL_2_o            |  out|   12|     ap_ovld|     sgm_kernel_stream_stream_ap_uint_8_0_stream_ap_uint_8_0_prevCostL_2|       pointer|
|sgm_kernel_stream_stream_ap_uint_8_0_stream_ap_uint_8_0_prevCostL_2_o_ap_vld     |  out|    1|     ap_ovld|     sgm_kernel_stream_stream_ap_uint_8_0_stream_ap_uint_8_0_prevCostL_2|       pointer|
|sgm_kernel_stream_stream_ap_uint_8_0_stream_ap_uint_8_0_prevCostL_1_i            |   in|   12|     ap_ovld|     sgm_kernel_stream_stream_ap_uint_8_0_stream_ap_uint_8_0_prevCostL_1|       pointer|
|sgm_kernel_stream_stream_ap_uint_8_0_stream_ap_uint_8_0_prevCostL_1_o            |  out|   12|     ap_ovld|     sgm_kernel_stream_stream_ap_uint_8_0_stream_ap_uint_8_0_prevCostL_1|       pointer|
|sgm_kernel_stream_stream_ap_uint_8_0_stream_ap_uint_8_0_prevCostL_1_o_ap_vld     |  out|    1|     ap_ovld|     sgm_kernel_stream_stream_ap_uint_8_0_stream_ap_uint_8_0_prevCostL_1|       pointer|
|sgm_kernel_stream_stream_ap_uint_8_0_stream_ap_uint_8_0_prevCostL_i              |   in|   12|     ap_ovld|       sgm_kernel_stream_stream_ap_uint_8_0_stream_ap_uint_8_0_prevCostL|       pointer|
|sgm_kernel_stream_stream_ap_uint_8_0_stream_ap_uint_8_0_prevCostL_o              |  out|   12|     ap_ovld|       sgm_kernel_stream_stream_ap_uint_8_0_stream_ap_uint_8_0_prevCostL|       pointer|
|sgm_kernel_stream_stream_ap_uint_8_0_stream_ap_uint_8_0_prevCostL_o_ap_vld       |  out|    1|     ap_ovld|       sgm_kernel_stream_stream_ap_uint_8_0_stream_ap_uint_8_0_prevCostL|       pointer|
|p_ZZ10sgm_kernelRN3hls6streamI7ap_uintILi8EELi0EEES4_S4_E9prevCostL_10_i         |   in|   12|     ap_ovld|  p_ZZ10sgm_kernelRN3hls6streamI7ap_uintILi8EELi0EEES4_S4_E9prevCostL_10|       pointer|
|p_ZZ10sgm_kernelRN3hls6streamI7ap_uintILi8EELi0EEES4_S4_E9prevCostL_10_o         |  out|   12|     ap_ovld|  p_ZZ10sgm_kernelRN3hls6streamI7ap_uintILi8EELi0EEES4_S4_E9prevCostL_10|       pointer|
|p_ZZ10sgm_kernelRN3hls6streamI7ap_uintILi8EELi0EEES4_S4_E9prevCostL_10_o_ap_vld  |  out|    1|     ap_ovld|  p_ZZ10sgm_kernelRN3hls6streamI7ap_uintILi8EELi0EEES4_S4_E9prevCostL_10|       pointer|
|p_ZZ10sgm_kernelRN3hls6streamI7ap_uintILi8EELi0EEES4_S4_E9prevCostL_11_i         |   in|   12|     ap_ovld|  p_ZZ10sgm_kernelRN3hls6streamI7ap_uintILi8EELi0EEES4_S4_E9prevCostL_11|       pointer|
|p_ZZ10sgm_kernelRN3hls6streamI7ap_uintILi8EELi0EEES4_S4_E9prevCostL_11_o         |  out|   12|     ap_ovld|  p_ZZ10sgm_kernelRN3hls6streamI7ap_uintILi8EELi0EEES4_S4_E9prevCostL_11|       pointer|
|p_ZZ10sgm_kernelRN3hls6streamI7ap_uintILi8EELi0EEES4_S4_E9prevCostL_11_o_ap_vld  |  out|    1|     ap_ovld|  p_ZZ10sgm_kernelRN3hls6streamI7ap_uintILi8EELi0EEES4_S4_E9prevCostL_11|       pointer|
|p_ZZ10sgm_kernelRN3hls6streamI7ap_uintILi8EELi0EEES4_S4_E9prevCostL_12_i         |   in|   12|     ap_ovld|  p_ZZ10sgm_kernelRN3hls6streamI7ap_uintILi8EELi0EEES4_S4_E9prevCostL_12|       pointer|
|p_ZZ10sgm_kernelRN3hls6streamI7ap_uintILi8EELi0EEES4_S4_E9prevCostL_12_o         |  out|   12|     ap_ovld|  p_ZZ10sgm_kernelRN3hls6streamI7ap_uintILi8EELi0EEES4_S4_E9prevCostL_12|       pointer|
|p_ZZ10sgm_kernelRN3hls6streamI7ap_uintILi8EELi0EEES4_S4_E9prevCostL_12_o_ap_vld  |  out|    1|     ap_ovld|  p_ZZ10sgm_kernelRN3hls6streamI7ap_uintILi8EELi0EEES4_S4_E9prevCostL_12|       pointer|
|p_ZZ10sgm_kernelRN3hls6streamI7ap_uintILi8EELi0EEES4_S4_E9prevCostL_13_i         |   in|   12|     ap_ovld|  p_ZZ10sgm_kernelRN3hls6streamI7ap_uintILi8EELi0EEES4_S4_E9prevCostL_13|       pointer|
|p_ZZ10sgm_kernelRN3hls6streamI7ap_uintILi8EELi0EEES4_S4_E9prevCostL_13_o         |  out|   12|     ap_ovld|  p_ZZ10sgm_kernelRN3hls6streamI7ap_uintILi8EELi0EEES4_S4_E9prevCostL_13|       pointer|
|p_ZZ10sgm_kernelRN3hls6streamI7ap_uintILi8EELi0EEES4_S4_E9prevCostL_13_o_ap_vld  |  out|    1|     ap_ovld|  p_ZZ10sgm_kernelRN3hls6streamI7ap_uintILi8EELi0EEES4_S4_E9prevCostL_13|       pointer|
|p_ZZ10sgm_kernelRN3hls6streamI7ap_uintILi8EELi0EEES4_S4_E9prevCostL_14_i         |   in|   12|     ap_ovld|  p_ZZ10sgm_kernelRN3hls6streamI7ap_uintILi8EELi0EEES4_S4_E9prevCostL_14|       pointer|
|p_ZZ10sgm_kernelRN3hls6streamI7ap_uintILi8EELi0EEES4_S4_E9prevCostL_14_o         |  out|   12|     ap_ovld|  p_ZZ10sgm_kernelRN3hls6streamI7ap_uintILi8EELi0EEES4_S4_E9prevCostL_14|       pointer|
|p_ZZ10sgm_kernelRN3hls6streamI7ap_uintILi8EELi0EEES4_S4_E9prevCostL_14_o_ap_vld  |  out|    1|     ap_ovld|  p_ZZ10sgm_kernelRN3hls6streamI7ap_uintILi8EELi0EEES4_S4_E9prevCostL_14|       pointer|
|p_ZZ10sgm_kernelRN3hls6streamI7ap_uintILi8EELi0EEES4_S4_E9prevCostL_15_i         |   in|   12|     ap_ovld|  p_ZZ10sgm_kernelRN3hls6streamI7ap_uintILi8EELi0EEES4_S4_E9prevCostL_15|       pointer|
|p_ZZ10sgm_kernelRN3hls6streamI7ap_uintILi8EELi0EEES4_S4_E9prevCostL_15_o         |  out|   12|     ap_ovld|  p_ZZ10sgm_kernelRN3hls6streamI7ap_uintILi8EELi0EEES4_S4_E9prevCostL_15|       pointer|
|p_ZZ10sgm_kernelRN3hls6streamI7ap_uintILi8EELi0EEES4_S4_E9prevCostL_15_o_ap_vld  |  out|    1|     ap_ovld|  p_ZZ10sgm_kernelRN3hls6streamI7ap_uintILi8EELi0EEES4_S4_E9prevCostL_15|       pointer|
|p_ZZ10sgm_kernelRN3hls6streamI7ap_uintILi8EELi0EEES4_S4_E9prevCostL_16_i         |   in|   12|     ap_ovld|  p_ZZ10sgm_kernelRN3hls6streamI7ap_uintILi8EELi0EEES4_S4_E9prevCostL_16|       pointer|
|p_ZZ10sgm_kernelRN3hls6streamI7ap_uintILi8EELi0EEES4_S4_E9prevCostL_16_o         |  out|   12|     ap_ovld|  p_ZZ10sgm_kernelRN3hls6streamI7ap_uintILi8EELi0EEES4_S4_E9prevCostL_16|       pointer|
|p_ZZ10sgm_kernelRN3hls6streamI7ap_uintILi8EELi0EEES4_S4_E9prevCostL_16_o_ap_vld  |  out|    1|     ap_ovld|  p_ZZ10sgm_kernelRN3hls6streamI7ap_uintILi8EELi0EEES4_S4_E9prevCostL_16|       pointer|
|p_ZZ10sgm_kernelRN3hls6streamI7ap_uintILi8EELi0EEES4_S4_E9prevCostL_17_i         |   in|   12|     ap_ovld|  p_ZZ10sgm_kernelRN3hls6streamI7ap_uintILi8EELi0EEES4_S4_E9prevCostL_17|       pointer|
|p_ZZ10sgm_kernelRN3hls6streamI7ap_uintILi8EELi0EEES4_S4_E9prevCostL_17_o         |  out|   12|     ap_ovld|  p_ZZ10sgm_kernelRN3hls6streamI7ap_uintILi8EELi0EEES4_S4_E9prevCostL_17|       pointer|
|p_ZZ10sgm_kernelRN3hls6streamI7ap_uintILi8EELi0EEES4_S4_E9prevCostL_17_o_ap_vld  |  out|    1|     ap_ovld|  p_ZZ10sgm_kernelRN3hls6streamI7ap_uintILi8EELi0EEES4_S4_E9prevCostL_17|       pointer|
|p_ZZ10sgm_kernelRN3hls6streamI7ap_uintILi8EELi0EEES4_S4_E9prevCostL_18_i         |   in|   12|     ap_ovld|  p_ZZ10sgm_kernelRN3hls6streamI7ap_uintILi8EELi0EEES4_S4_E9prevCostL_18|       pointer|
|p_ZZ10sgm_kernelRN3hls6streamI7ap_uintILi8EELi0EEES4_S4_E9prevCostL_18_o         |  out|   12|     ap_ovld|  p_ZZ10sgm_kernelRN3hls6streamI7ap_uintILi8EELi0EEES4_S4_E9prevCostL_18|       pointer|
|p_ZZ10sgm_kernelRN3hls6streamI7ap_uintILi8EELi0EEES4_S4_E9prevCostL_18_o_ap_vld  |  out|    1|     ap_ovld|  p_ZZ10sgm_kernelRN3hls6streamI7ap_uintILi8EELi0EEES4_S4_E9prevCostL_18|       pointer|
|p_ZZ10sgm_kernelRN3hls6streamI7ap_uintILi8EELi0EEES4_S4_E9prevCostL_19_i         |   in|   12|     ap_ovld|  p_ZZ10sgm_kernelRN3hls6streamI7ap_uintILi8EELi0EEES4_S4_E9prevCostL_19|       pointer|
|p_ZZ10sgm_kernelRN3hls6streamI7ap_uintILi8EELi0EEES4_S4_E9prevCostL_19_o         |  out|   12|     ap_ovld|  p_ZZ10sgm_kernelRN3hls6streamI7ap_uintILi8EELi0EEES4_S4_E9prevCostL_19|       pointer|
|p_ZZ10sgm_kernelRN3hls6streamI7ap_uintILi8EELi0EEES4_S4_E9prevCostL_19_o_ap_vld  |  out|    1|     ap_ovld|  p_ZZ10sgm_kernelRN3hls6streamI7ap_uintILi8EELi0EEES4_S4_E9prevCostL_19|       pointer|
|p_ZZ10sgm_kernelRN3hls6streamI7ap_uintILi8EELi0EEES4_S4_E9prevCostL_20_i         |   in|   12|     ap_ovld|  p_ZZ10sgm_kernelRN3hls6streamI7ap_uintILi8EELi0EEES4_S4_E9prevCostL_20|       pointer|
|p_ZZ10sgm_kernelRN3hls6streamI7ap_uintILi8EELi0EEES4_S4_E9prevCostL_20_o         |  out|   12|     ap_ovld|  p_ZZ10sgm_kernelRN3hls6streamI7ap_uintILi8EELi0EEES4_S4_E9prevCostL_20|       pointer|
|p_ZZ10sgm_kernelRN3hls6streamI7ap_uintILi8EELi0EEES4_S4_E9prevCostL_20_o_ap_vld  |  out|    1|     ap_ovld|  p_ZZ10sgm_kernelRN3hls6streamI7ap_uintILi8EELi0EEES4_S4_E9prevCostL_20|       pointer|
|p_ZZ10sgm_kernelRN3hls6streamI7ap_uintILi8EELi0EEES4_S4_E9prevCostL_21_i         |   in|   12|     ap_ovld|  p_ZZ10sgm_kernelRN3hls6streamI7ap_uintILi8EELi0EEES4_S4_E9prevCostL_21|       pointer|
|p_ZZ10sgm_kernelRN3hls6streamI7ap_uintILi8EELi0EEES4_S4_E9prevCostL_21_o         |  out|   12|     ap_ovld|  p_ZZ10sgm_kernelRN3hls6streamI7ap_uintILi8EELi0EEES4_S4_E9prevCostL_21|       pointer|
|p_ZZ10sgm_kernelRN3hls6streamI7ap_uintILi8EELi0EEES4_S4_E9prevCostL_21_o_ap_vld  |  out|    1|     ap_ovld|  p_ZZ10sgm_kernelRN3hls6streamI7ap_uintILi8EELi0EEES4_S4_E9prevCostL_21|       pointer|
|p_ZZ10sgm_kernelRN3hls6streamI7ap_uintILi8EELi0EEES4_S4_E9prevCostL_22_i         |   in|   12|     ap_ovld|  p_ZZ10sgm_kernelRN3hls6streamI7ap_uintILi8EELi0EEES4_S4_E9prevCostL_22|       pointer|
|p_ZZ10sgm_kernelRN3hls6streamI7ap_uintILi8EELi0EEES4_S4_E9prevCostL_22_o         |  out|   12|     ap_ovld|  p_ZZ10sgm_kernelRN3hls6streamI7ap_uintILi8EELi0EEES4_S4_E9prevCostL_22|       pointer|
|p_ZZ10sgm_kernelRN3hls6streamI7ap_uintILi8EELi0EEES4_S4_E9prevCostL_22_o_ap_vld  |  out|    1|     ap_ovld|  p_ZZ10sgm_kernelRN3hls6streamI7ap_uintILi8EELi0EEES4_S4_E9prevCostL_22|       pointer|
|p_ZZ10sgm_kernelRN3hls6streamI7ap_uintILi8EELi0EEES4_S4_E9prevCostL_23_i         |   in|   12|     ap_ovld|  p_ZZ10sgm_kernelRN3hls6streamI7ap_uintILi8EELi0EEES4_S4_E9prevCostL_23|       pointer|
|p_ZZ10sgm_kernelRN3hls6streamI7ap_uintILi8EELi0EEES4_S4_E9prevCostL_23_o         |  out|   12|     ap_ovld|  p_ZZ10sgm_kernelRN3hls6streamI7ap_uintILi8EELi0EEES4_S4_E9prevCostL_23|       pointer|
|p_ZZ10sgm_kernelRN3hls6streamI7ap_uintILi8EELi0EEES4_S4_E9prevCostL_23_o_ap_vld  |  out|    1|     ap_ovld|  p_ZZ10sgm_kernelRN3hls6streamI7ap_uintILi8EELi0EEES4_S4_E9prevCostL_23|       pointer|
|p_ZZ10sgm_kernelRN3hls6streamI7ap_uintILi8EELi0EEES4_S4_E9prevCostL_24_i         |   in|   12|     ap_ovld|  p_ZZ10sgm_kernelRN3hls6streamI7ap_uintILi8EELi0EEES4_S4_E9prevCostL_24|       pointer|
|p_ZZ10sgm_kernelRN3hls6streamI7ap_uintILi8EELi0EEES4_S4_E9prevCostL_24_o         |  out|   12|     ap_ovld|  p_ZZ10sgm_kernelRN3hls6streamI7ap_uintILi8EELi0EEES4_S4_E9prevCostL_24|       pointer|
|p_ZZ10sgm_kernelRN3hls6streamI7ap_uintILi8EELi0EEES4_S4_E9prevCostL_24_o_ap_vld  |  out|    1|     ap_ovld|  p_ZZ10sgm_kernelRN3hls6streamI7ap_uintILi8EELi0EEES4_S4_E9prevCostL_24|       pointer|
|p_ZZ10sgm_kernelRN3hls6streamI7ap_uintILi8EELi0EEES4_S4_E9prevCostL_25_i         |   in|   12|     ap_ovld|  p_ZZ10sgm_kernelRN3hls6streamI7ap_uintILi8EELi0EEES4_S4_E9prevCostL_25|       pointer|
|p_ZZ10sgm_kernelRN3hls6streamI7ap_uintILi8EELi0EEES4_S4_E9prevCostL_25_o         |  out|   12|     ap_ovld|  p_ZZ10sgm_kernelRN3hls6streamI7ap_uintILi8EELi0EEES4_S4_E9prevCostL_25|       pointer|
|p_ZZ10sgm_kernelRN3hls6streamI7ap_uintILi8EELi0EEES4_S4_E9prevCostL_25_o_ap_vld  |  out|    1|     ap_ovld|  p_ZZ10sgm_kernelRN3hls6streamI7ap_uintILi8EELi0EEES4_S4_E9prevCostL_25|       pointer|
|p_ZZ10sgm_kernelRN3hls6streamI7ap_uintILi8EELi0EEES4_S4_E9prevCostL_26_i         |   in|   12|     ap_ovld|  p_ZZ10sgm_kernelRN3hls6streamI7ap_uintILi8EELi0EEES4_S4_E9prevCostL_26|       pointer|
|p_ZZ10sgm_kernelRN3hls6streamI7ap_uintILi8EELi0EEES4_S4_E9prevCostL_26_o         |  out|   12|     ap_ovld|  p_ZZ10sgm_kernelRN3hls6streamI7ap_uintILi8EELi0EEES4_S4_E9prevCostL_26|       pointer|
|p_ZZ10sgm_kernelRN3hls6streamI7ap_uintILi8EELi0EEES4_S4_E9prevCostL_26_o_ap_vld  |  out|    1|     ap_ovld|  p_ZZ10sgm_kernelRN3hls6streamI7ap_uintILi8EELi0EEES4_S4_E9prevCostL_26|       pointer|
|p_ZZ10sgm_kernelRN3hls6streamI7ap_uintILi8EELi0EEES4_S4_E9prevCostL_27_i         |   in|   12|     ap_ovld|  p_ZZ10sgm_kernelRN3hls6streamI7ap_uintILi8EELi0EEES4_S4_E9prevCostL_27|       pointer|
|p_ZZ10sgm_kernelRN3hls6streamI7ap_uintILi8EELi0EEES4_S4_E9prevCostL_27_o         |  out|   12|     ap_ovld|  p_ZZ10sgm_kernelRN3hls6streamI7ap_uintILi8EELi0EEES4_S4_E9prevCostL_27|       pointer|
|p_ZZ10sgm_kernelRN3hls6streamI7ap_uintILi8EELi0EEES4_S4_E9prevCostL_27_o_ap_vld  |  out|    1|     ap_ovld|  p_ZZ10sgm_kernelRN3hls6streamI7ap_uintILi8EELi0EEES4_S4_E9prevCostL_27|       pointer|
|p_ZZ10sgm_kernelRN3hls6streamI7ap_uintILi8EELi0EEES4_S4_E9prevCostL_28_i         |   in|   12|     ap_ovld|  p_ZZ10sgm_kernelRN3hls6streamI7ap_uintILi8EELi0EEES4_S4_E9prevCostL_28|       pointer|
|p_ZZ10sgm_kernelRN3hls6streamI7ap_uintILi8EELi0EEES4_S4_E9prevCostL_28_o         |  out|   12|     ap_ovld|  p_ZZ10sgm_kernelRN3hls6streamI7ap_uintILi8EELi0EEES4_S4_E9prevCostL_28|       pointer|
|p_ZZ10sgm_kernelRN3hls6streamI7ap_uintILi8EELi0EEES4_S4_E9prevCostL_28_o_ap_vld  |  out|    1|     ap_ovld|  p_ZZ10sgm_kernelRN3hls6streamI7ap_uintILi8EELi0EEES4_S4_E9prevCostL_28|       pointer|
|p_ZZ10sgm_kernelRN3hls6streamI7ap_uintILi8EELi0EEES4_S4_E9prevCostL_29_i         |   in|   12|     ap_ovld|  p_ZZ10sgm_kernelRN3hls6streamI7ap_uintILi8EELi0EEES4_S4_E9prevCostL_29|       pointer|
|p_ZZ10sgm_kernelRN3hls6streamI7ap_uintILi8EELi0EEES4_S4_E9prevCostL_29_o         |  out|   12|     ap_ovld|  p_ZZ10sgm_kernelRN3hls6streamI7ap_uintILi8EELi0EEES4_S4_E9prevCostL_29|       pointer|
|p_ZZ10sgm_kernelRN3hls6streamI7ap_uintILi8EELi0EEES4_S4_E9prevCostL_29_o_ap_vld  |  out|    1|     ap_ovld|  p_ZZ10sgm_kernelRN3hls6streamI7ap_uintILi8EELi0EEES4_S4_E9prevCostL_29|       pointer|
|p_ZZ10sgm_kernelRN3hls6streamI7ap_uintILi8EELi0EEES4_S4_E9prevCostL_30_i         |   in|   12|     ap_ovld|  p_ZZ10sgm_kernelRN3hls6streamI7ap_uintILi8EELi0EEES4_S4_E9prevCostL_30|       pointer|
|p_ZZ10sgm_kernelRN3hls6streamI7ap_uintILi8EELi0EEES4_S4_E9prevCostL_30_o         |  out|   12|     ap_ovld|  p_ZZ10sgm_kernelRN3hls6streamI7ap_uintILi8EELi0EEES4_S4_E9prevCostL_30|       pointer|
|p_ZZ10sgm_kernelRN3hls6streamI7ap_uintILi8EELi0EEES4_S4_E9prevCostL_30_o_ap_vld  |  out|    1|     ap_ovld|  p_ZZ10sgm_kernelRN3hls6streamI7ap_uintILi8EELi0EEES4_S4_E9prevCostL_30|       pointer|
|p_ZZ10sgm_kernelRN3hls6streamI7ap_uintILi8EELi0EEES4_S4_E9prevCostL_31_i         |   in|   12|     ap_ovld|  p_ZZ10sgm_kernelRN3hls6streamI7ap_uintILi8EELi0EEES4_S4_E9prevCostL_31|       pointer|
|p_ZZ10sgm_kernelRN3hls6streamI7ap_uintILi8EELi0EEES4_S4_E9prevCostL_31_o         |  out|   12|     ap_ovld|  p_ZZ10sgm_kernelRN3hls6streamI7ap_uintILi8EELi0EEES4_S4_E9prevCostL_31|       pointer|
|p_ZZ10sgm_kernelRN3hls6streamI7ap_uintILi8EELi0EEES4_S4_E9prevCostL_31_o_ap_vld  |  out|    1|     ap_ovld|  p_ZZ10sgm_kernelRN3hls6streamI7ap_uintILi8EELi0EEES4_S4_E9prevCostL_31|       pointer|
+---------------------------------------------------------------------------------+-----+-----+------------+------------------------------------------------------------------------+--------------+

