

================================================================
== Vitis HLS Report for 'row_frontend'
================================================================
* Date:           Sat Apr 25 10:00:31 2026

* Version:        2023.1 (Build 3854077 on May  4 2023)
* Project:        sgm_kernel
* Solution:       solution1 (Vivado IP Flow Target)
* Product family: zynq
* Target device:  xc7z010-clg400-1


================================================================
== Performance Estimates
================================================================
+ Timing: 
    * Summary: 
    +--------+----------+----------+------------+
    |  Clock |  Target  | Estimated| Uncertainty|
    +--------+----------+----------+------------+
    |ap_clk  |  10.00 ns|  7.292 ns|     2.70 ns|
    +--------+----------+----------+------------+

+ Latency: 
    * Summary: 
    +---------+---------+----------+----------+-------+--------+---------+
    |  Latency (cycles) |  Latency (absolute) |    Interval    | Pipeline|
    |   min   |   max   |    min   |    max   |  min  |   max  |   Type  |
    +---------+---------+----------+----------+-------+--------+---------+
    |    97604|   116804|  0.976 ms|  1.168 ms|  97604|  116804|       no|
    +---------+---------+----------+----------+-------+--------+---------+

    + Detail: 
        * Instance: 
        +-------------------------------------------------------------------+--------------------------------------------------------+---------+---------+----------+----------+-----+-----+---------+
        |                                                                   |                                                        |  Latency (cycles) |  Latency (absolute) |  Interval | Pipeline|
        |                              Instance                             |                         Module                         |   min   |   max   |    min   |    max   | min | max |   Type  |
        +-------------------------------------------------------------------+--------------------------------------------------------+---------+---------+----------+----------+-----+-----+---------+
        |grp_row_frontend_Pipeline_InitRowCosts_fu_942                      |row_frontend_Pipeline_InitRowCosts                      |      322|      322|  3.220 us|  3.220 us|  322|  322|       no|
        |grp_row_frontend_Pipeline_InitRightStripe_VITIS_LOOP_313_2_fu_948  |row_frontend_Pipeline_InitRightStripe_VITIS_LOOP_313_2  |      113|      113|  1.130 us|  1.130 us|  113|  113|       no|
        |grp_col_frontend_fu_970                                            |col_frontend                                            |      301|      345|  3.010 us|  3.450 us|  301|  345|       no|
        +-------------------------------------------------------------------+--------------------------------------------------------+---------+---------+----------+----------+-----+-----+---------+

        * Loop: 
        +--------------------+---------+---------+-----------+-----------+-----------+------+----------+
        |                    |  Latency (cycles) | Iteration |  Initiation Interval  | Trip |          |
        |      Loop Name     |   min   |   max   |  Latency  |  achieved |   target  | Count| Pipelined|
        +--------------------+---------+---------+-----------+-----------+-----------+------+----------+
        |- VITIS_LOOP_318_3  |    97280|   116480|  304 ~ 364|          -|          -|   320|        no|
        +--------------------+---------+---------+-----------+-----------+-----------+------+----------+



================================================================
== Utilization Estimates
================================================================
* Summary: 
+-----------------+---------+----+-------+-------+-----+
|       Name      | BRAM_18K| DSP|   FF  |  LUT  | URAM|
+-----------------+---------+----+-------+-------+-----+
|DSP              |        -|   -|      -|      -|    -|
|Expression       |        -|   -|      0|     58|    -|
|FIFO             |        -|   -|      -|      -|    -|
|Instance         |        -|   0|   2678|   3127|    -|
|Memory           |        0|   -|    240|     24|    0|
|Multiplexer      |        -|   -|      -|   1071|    -|
|Register         |        -|   -|     84|      -|    -|
+-----------------+---------+----+-------+-------+-----+
|Total            |        0|   0|   3002|   4280|    0|
+-----------------+---------+----+-------+-------+-----+
|Available        |      120|  80|  35200|  17600|    0|
+-----------------+---------+----+-------+-------+-----+
|Utilization (%)  |        0|   0|      8|     24|    0|
+-----------------+---------+----+-------+-------+-----+

+ Detail: 
    * Instance: 
    +-------------------------------------------------------------------+--------------------------------------------------------+---------+----+------+------+-----+
    |                              Instance                             |                         Module                         | BRAM_18K| DSP|  FF  |  LUT | URAM|
    +-------------------------------------------------------------------+--------------------------------------------------------+---------+----+------+------+-----+
    |grp_col_frontend_fu_970                                            |col_frontend                                            |        0|   0|  2364|  2740|    0|
    |grp_row_frontend_Pipeline_InitRightStripe_VITIS_LOOP_313_2_fu_948  |row_frontend_Pipeline_InitRightStripe_VITIS_LOOP_313_2  |        0|   0|   303|   332|    0|
    |grp_row_frontend_Pipeline_InitRowCosts_fu_942                      |row_frontend_Pipeline_InitRowCosts                      |        0|   0|    11|    55|    0|
    +-------------------------------------------------------------------+--------------------------------------------------------+---------+----+------+------+-----+
    |Total                                                              |                                                        |        0|   0|  2678|  3127|    0|
    +-------------------------------------------------------------------+--------------------------------------------------------+---------+----+------+------+-----+

    * DSP: 
    N/A

    * Memory: 
    +-----------------+---------------------------------------------+---------+----+----+-----+------+-----+------+-------------+
    |      Memory     |                    Module                   | BRAM_18K| FF | LUT| URAM| Words| Bits| Banks| W*Bits*Banks|
    +-----------------+---------------------------------------------+---------+----+----+-----+------+-----+------+-------------+
    |pkt_curCost_U    |row_frontend_pkt_curCost_RAM_AUTO_1R1W       |        0|  24|   6|    0|    32|   12|     1|          384|
    |rightStripe_U    |row_frontend_rightStripe_RAM_1WNR_AUTO_1R1W  |        0|  24|   2|    0|    12|    8|     1|           96|
    |rightStripe_1_U  |row_frontend_rightStripe_RAM_1WNR_AUTO_1R1W  |        0|  24|   2|    0|    12|    8|     1|           96|
    |rightStripe_2_U  |row_frontend_rightStripe_RAM_1WNR_AUTO_1R1W  |        0|  24|   2|    0|    12|    8|     1|           96|
    |rightStripe_3_U  |row_frontend_rightStripe_RAM_1WNR_AUTO_1R1W  |        0|  24|   2|    0|    12|    8|     1|           96|
    |rightStripe_4_U  |row_frontend_rightStripe_RAM_1WNR_AUTO_1R1W  |        0|  24|   2|    0|    12|    8|     1|           96|
    |rightStripe_5_U  |row_frontend_rightStripe_RAM_1WNR_AUTO_1R1W  |        0|  24|   2|    0|    12|    8|     1|           96|
    |rightStripe_6_U  |row_frontend_rightStripe_RAM_1WNR_AUTO_1R1W  |        0|  24|   2|    0|    12|    8|     1|           96|
    |rightStripe_7_U  |row_frontend_rightStripe_RAM_1WNR_AUTO_1R1W  |        0|  24|   2|    0|    12|    8|     1|           96|
    |rightStripe_8_U  |row_frontend_rightStripe_RAM_1WNR_AUTO_1R1W  |        0|  24|   2|    0|    12|    8|     1|           96|
    +-----------------+---------------------------------------------+---------+----+----+-----+------+-----+------+-------------+
    |Total            |                                             |        0| 240|  24|    0|   140|   84|    10|         1248|
    +-----------------+---------------------------------------------+---------+----+----+-----+------+-----+------+-------------+

    * FIFO: 
    N/A

    * Expression: 
    +---------------------------------+----------+----+---+----+------------+------------+
    |          Variable Name          | Operation| DSP| FF| LUT| Bitwidth P0| Bitwidth P1|
    +---------------------------------+----------+----+---+----+------------+------------+
    |add_ln318_fu_1025_p2             |         +|   0|  0|  14|           9|           1|
    |add_ln327_fu_1052_p2             |         +|   0|  0|  14|           9|           2|
    |icmp_ln318_fu_1019_p2            |      icmp|   0|  0|  14|           9|           9|
    |icmp_ln328_fu_1062_p2            |      icmp|   0|  0|  14|           9|           1|
    |ap_block_state2_on_subcall_done  |        or|   0|  0|   2|           1|           1|
    +---------------------------------+----------+----+---+----+------------+------------+
    |Total                            |          |   0|  0|  58|          37|          14|
    +---------------------------------+----------+----+---+----+------------+------------+

    * Multiplexer: 
    +--------------------------+-----+-----------+-----+-----------+
    |           Name           | LUT | Input Size| Bits| Total Bits|
    +--------------------------+-----+-----------+-----+-----------+
    |ap_NS_fsm                 |  113|         22|    1|         22|
    |c_fu_190                  |    9|          2|    9|         18|
    |leftWin_2_fu_194          |    9|          2|    8|         16|
    |leftWin_3_fu_198          |    9|          2|    8|         16|
    |left_r_TREADY             |    9|          2|    1|          2|
    |pkt_curCost_address0      |   87|         18|    5|         90|
    |pkt_curCost_address1      |   81|         17|    5|         85|
    |pkt_curCost_ce0           |   14|          3|    1|          3|
    |pkt_curCost_we0           |    9|          2|    1|          2|
    |rightStripe_1_address0    |   14|          3|    4|         12|
    |rightStripe_1_ce0         |   14|          3|    1|          3|
    |rightStripe_1_ce1         |    9|          2|    1|          2|
    |rightStripe_1_ce2         |    9|          2|    1|          2|
    |rightStripe_1_d0          |   14|          3|    8|         24|
    |rightStripe_1_we0         |   14|          3|    1|          3|
    |rightStripe_2_address0    |   14|          3|    4|         12|
    |rightStripe_2_ce0         |   14|          3|    1|          3|
    |rightStripe_2_ce1         |    9|          2|    1|          2|
    |rightStripe_2_ce2         |    9|          2|    1|          2|
    |rightStripe_2_d0          |   14|          3|    8|         24|
    |rightStripe_2_we0         |   14|          3|    1|          3|
    |rightStripe_3_address0    |   14|          3|    4|         12|
    |rightStripe_3_ce0         |   14|          3|    1|          3|
    |rightStripe_3_ce1         |    9|          2|    1|          2|
    |rightStripe_3_ce2         |    9|          2|    1|          2|
    |rightStripe_3_d0          |   14|          3|    8|         24|
    |rightStripe_3_we0         |   14|          3|    1|          3|
    |rightStripe_4_address0    |   14|          3|    4|         12|
    |rightStripe_4_ce0         |   14|          3|    1|          3|
    |rightStripe_4_ce1         |    9|          2|    1|          2|
    |rightStripe_4_ce2         |    9|          2|    1|          2|
    |rightStripe_4_d0          |   14|          3|    8|         24|
    |rightStripe_4_we0         |   14|          3|    1|          3|
    |rightStripe_5_address0    |   14|          3|    4|         12|
    |rightStripe_5_ce0         |   14|          3|    1|          3|
    |rightStripe_5_ce1         |    9|          2|    1|          2|
    |rightStripe_5_ce2         |    9|          2|    1|          2|
    |rightStripe_5_d0          |   14|          3|    8|         24|
    |rightStripe_5_we0         |   14|          3|    1|          3|
    |rightStripe_6_address0    |   14|          3|    4|         12|
    |rightStripe_6_ce0         |   14|          3|    1|          3|
    |rightStripe_6_ce1         |    9|          2|    1|          2|
    |rightStripe_6_ce2         |    9|          2|    1|          2|
    |rightStripe_6_d0          |   14|          3|    8|         24|
    |rightStripe_6_we0         |   14|          3|    1|          3|
    |rightStripe_7_address0    |   14|          3|    4|         12|
    |rightStripe_7_ce0         |   14|          3|    1|          3|
    |rightStripe_7_ce1         |    9|          2|    1|          2|
    |rightStripe_7_ce2         |    9|          2|    1|          2|
    |rightStripe_7_d0          |   14|          3|    8|         24|
    |rightStripe_7_we0         |   14|          3|    1|          3|
    |rightStripe_8_address0    |   14|          3|    4|         12|
    |rightStripe_8_ce0         |   14|          3|    1|          3|
    |rightStripe_8_ce1         |    9|          2|    1|          2|
    |rightStripe_8_ce2         |    9|          2|    1|          2|
    |rightStripe_8_d0          |   14|          3|    8|         24|
    |rightStripe_8_we0         |   14|          3|    1|          3|
    |rightStripe_address0      |   14|          3|    4|         12|
    |rightStripe_ce0           |   14|          3|    1|          3|
    |rightStripe_ce1           |    9|          2|    1|          2|
    |rightStripe_ce2           |    9|          2|    1|          2|
    |rightStripe_d0            |   14|          3|    8|         24|
    |rightStripe_we0           |   14|          3|    1|          3|
    |right_r_TREADY            |    9|          2|    1|          2|
    |row_costs_valid_address0  |   14|          3|    9|         27|
    |row_costs_valid_ce0       |   14|          3|    1|          3|
    |row_costs_valid_d0        |   14|          3|    1|          3|
    |row_costs_valid_we0       |   14|          3|    1|          3|
    +--------------------------+-----+-----------+-----+-----------+
    |Total                     | 1071|        228|  196|        706|
    +--------------------------+-----+-----------+-----+-----------+

    * Register: 
    +--------------------------------------------------------------------------------+----+----+-----+-----------+
    |                                      Name                                      | FF | LUT| Bits| Const Bits|
    +--------------------------------------------------------------------------------+----+----+-----+-----------+
    |add_ln318_reg_1271                                                              |   9|   0|    9|          0|
    |ap_CS_fsm                                                                       |  21|   0|   21|          0|
    |c_fu_190                                                                        |   9|   0|    9|          0|
    |grp_col_frontend_fu_970_ap_start_reg                                            |   1|   0|    1|          0|
    |grp_row_frontend_Pipeline_InitRightStripe_VITIS_LOOP_313_2_fu_948_ap_start_reg  |   1|   0|    1|          0|
    |grp_row_frontend_Pipeline_InitRowCosts_fu_942_ap_start_reg                      |   1|   0|    1|          0|
    |icmp_ln328_reg_1328                                                             |   1|   0|    1|          0|
    |leftWin_1_reg_1287                                                              |   8|   0|    8|          0|
    |leftWin_2_fu_194                                                                |   8|   0|    8|          0|
    |leftWin_3_fu_198                                                                |   8|   0|    8|          0|
    |leftWin_reg_1282                                                                |   8|   0|    8|          0|
    |zext_ln328_reg_1292                                                             |   9|   0|   64|         55|
    +--------------------------------------------------------------------------------+----+----+-----+-----------+
    |Total                                                                           |  84|   0|  139|         55|
    +--------------------------------------------------------------------------------+----+----+-----+-----------+



================================================================
== Interface
================================================================
* Summary: 
+-------------------------------+-----+-----+------------+----------------------+--------------+
|           RTL Ports           | Dir | Bits|  Protocol  |     Source Object    |    C Type    |
+-------------------------------+-----+-----+------------+----------------------+--------------+
|ap_clk                         |   in|    1|  ap_ctrl_hs|          row_frontend|  return value|
|ap_rst                         |   in|    1|  ap_ctrl_hs|          row_frontend|  return value|
|ap_start                       |   in|    1|  ap_ctrl_hs|          row_frontend|  return value|
|ap_done                        |  out|    1|  ap_ctrl_hs|          row_frontend|  return value|
|ap_idle                        |  out|    1|  ap_ctrl_hs|          row_frontend|  return value|
|ap_ready                       |  out|    1|  ap_ctrl_hs|          row_frontend|  return value|
|left_r_TDATA                   |   in|    8|        axis|                left_r|       pointer|
|left_r_TVALID                  |   in|    1|        axis|                left_r|       pointer|
|left_r_TREADY                  |  out|    1|        axis|                left_r|       pointer|
|right_r_TDATA                  |   in|    8|        axis|               right_r|       pointer|
|right_r_TVALID                 |   in|    1|        axis|               right_r|       pointer|
|right_r_TREADY                 |  out|    1|        axis|               right_r|       pointer|
|bufL_0_address1                |  out|    9|   ap_memory|                bufL_0|         array|
|bufL_0_ce1                     |  out|    1|   ap_memory|                bufL_0|         array|
|bufL_0_we1                     |  out|    1|   ap_memory|                bufL_0|         array|
|bufL_0_d1                      |  out|    8|   ap_memory|                bufL_0|         array|
|bufL_1_address1                |  out|    9|   ap_memory|                bufL_1|         array|
|bufL_1_ce1                     |  out|    1|   ap_memory|                bufL_1|         array|
|bufL_1_we1                     |  out|    1|   ap_memory|                bufL_1|         array|
|bufL_1_d1                      |  out|    1|   ap_memory|                bufL_1|         array|
|bufR_0_address1                |  out|    9|   ap_memory|                bufR_0|         array|
|bufR_0_ce1                     |  out|    1|   ap_memory|                bufR_0|         array|
|bufR_0_we1                     |  out|    1|   ap_memory|                bufR_0|         array|
|bufR_0_d1                      |  out|    8|   ap_memory|                bufR_0|         array|
|bufR_1_address1                |  out|    9|   ap_memory|                bufR_1|         array|
|bufR_1_ce1                     |  out|    1|   ap_memory|                bufR_1|         array|
|bufR_1_we1                     |  out|    1|   ap_memory|                bufR_1|         array|
|bufR_1_d1                      |  out|    1|   ap_memory|                bufR_1|         array|
|r                              |   in|    7|     ap_none|                     r|        scalar|
|row_costs_valid_address0       |  out|    9|   ap_memory|       row_costs_valid|         array|
|row_costs_valid_ce0            |  out|    1|   ap_memory|       row_costs_valid|         array|
|row_costs_valid_we0            |  out|    1|   ap_memory|       row_costs_valid|         array|
|row_costs_valid_d0             |  out|    1|   ap_memory|       row_costs_valid|         array|
|row_costs_curCost_0_address0   |  out|    9|   ap_memory|   row_costs_curCost_0|         array|
|row_costs_curCost_0_ce0        |  out|    1|   ap_memory|   row_costs_curCost_0|         array|
|row_costs_curCost_0_we0        |  out|    1|   ap_memory|   row_costs_curCost_0|         array|
|row_costs_curCost_0_d0         |  out|   12|   ap_memory|   row_costs_curCost_0|         array|
|row_costs_curCost_1_address0   |  out|    9|   ap_memory|   row_costs_curCost_1|         array|
|row_costs_curCost_1_ce0        |  out|    1|   ap_memory|   row_costs_curCost_1|         array|
|row_costs_curCost_1_we0        |  out|    1|   ap_memory|   row_costs_curCost_1|         array|
|row_costs_curCost_1_d0         |  out|   12|   ap_memory|   row_costs_curCost_1|         array|
|row_costs_curCost_2_address0   |  out|    9|   ap_memory|   row_costs_curCost_2|         array|
|row_costs_curCost_2_ce0        |  out|    1|   ap_memory|   row_costs_curCost_2|         array|
|row_costs_curCost_2_we0        |  out|    1|   ap_memory|   row_costs_curCost_2|         array|
|row_costs_curCost_2_d0         |  out|   12|   ap_memory|   row_costs_curCost_2|         array|
|row_costs_curCost_3_address0   |  out|    9|   ap_memory|   row_costs_curCost_3|         array|
|row_costs_curCost_3_ce0        |  out|    1|   ap_memory|   row_costs_curCost_3|         array|
|row_costs_curCost_3_we0        |  out|    1|   ap_memory|   row_costs_curCost_3|         array|
|row_costs_curCost_3_d0         |  out|   12|   ap_memory|   row_costs_curCost_3|         array|
|row_costs_curCost_4_address0   |  out|    9|   ap_memory|   row_costs_curCost_4|         array|
|row_costs_curCost_4_ce0        |  out|    1|   ap_memory|   row_costs_curCost_4|         array|
|row_costs_curCost_4_we0        |  out|    1|   ap_memory|   row_costs_curCost_4|         array|
|row_costs_curCost_4_d0         |  out|   12|   ap_memory|   row_costs_curCost_4|         array|
|row_costs_curCost_5_address0   |  out|    9|   ap_memory|   row_costs_curCost_5|         array|
|row_costs_curCost_5_ce0        |  out|    1|   ap_memory|   row_costs_curCost_5|         array|
|row_costs_curCost_5_we0        |  out|    1|   ap_memory|   row_costs_curCost_5|         array|
|row_costs_curCost_5_d0         |  out|   12|   ap_memory|   row_costs_curCost_5|         array|
|row_costs_curCost_6_address0   |  out|    9|   ap_memory|   row_costs_curCost_6|         array|
|row_costs_curCost_6_ce0        |  out|    1|   ap_memory|   row_costs_curCost_6|         array|
|row_costs_curCost_6_we0        |  out|    1|   ap_memory|   row_costs_curCost_6|         array|
|row_costs_curCost_6_d0         |  out|   12|   ap_memory|   row_costs_curCost_6|         array|
|row_costs_curCost_7_address0   |  out|    9|   ap_memory|   row_costs_curCost_7|         array|
|row_costs_curCost_7_ce0        |  out|    1|   ap_memory|   row_costs_curCost_7|         array|
|row_costs_curCost_7_we0        |  out|    1|   ap_memory|   row_costs_curCost_7|         array|
|row_costs_curCost_7_d0         |  out|   12|   ap_memory|   row_costs_curCost_7|         array|
|row_costs_curCost_8_address0   |  out|    9|   ap_memory|   row_costs_curCost_8|         array|
|row_costs_curCost_8_ce0        |  out|    1|   ap_memory|   row_costs_curCost_8|         array|
|row_costs_curCost_8_we0        |  out|    1|   ap_memory|   row_costs_curCost_8|         array|
|row_costs_curCost_8_d0         |  out|   12|   ap_memory|   row_costs_curCost_8|         array|
|row_costs_curCost_9_address0   |  out|    9|   ap_memory|   row_costs_curCost_9|         array|
|row_costs_curCost_9_ce0        |  out|    1|   ap_memory|   row_costs_curCost_9|         array|
|row_costs_curCost_9_we0        |  out|    1|   ap_memory|   row_costs_curCost_9|         array|
|row_costs_curCost_9_d0         |  out|   12|   ap_memory|   row_costs_curCost_9|         array|
|row_costs_curCost_10_address0  |  out|    9|   ap_memory|  row_costs_curCost_10|         array|
|row_costs_curCost_10_ce0       |  out|    1|   ap_memory|  row_costs_curCost_10|         array|
|row_costs_curCost_10_we0       |  out|    1|   ap_memory|  row_costs_curCost_10|         array|
|row_costs_curCost_10_d0        |  out|   12|   ap_memory|  row_costs_curCost_10|         array|
|row_costs_curCost_11_address0  |  out|    9|   ap_memory|  row_costs_curCost_11|         array|
|row_costs_curCost_11_ce0       |  out|    1|   ap_memory|  row_costs_curCost_11|         array|
|row_costs_curCost_11_we0       |  out|    1|   ap_memory|  row_costs_curCost_11|         array|
|row_costs_curCost_11_d0        |  out|   12|   ap_memory|  row_costs_curCost_11|         array|
|row_costs_curCost_12_address0  |  out|    9|   ap_memory|  row_costs_curCost_12|         array|
|row_costs_curCost_12_ce0       |  out|    1|   ap_memory|  row_costs_curCost_12|         array|
|row_costs_curCost_12_we0       |  out|    1|   ap_memory|  row_costs_curCost_12|         array|
|row_costs_curCost_12_d0        |  out|   12|   ap_memory|  row_costs_curCost_12|         array|
|row_costs_curCost_13_address0  |  out|    9|   ap_memory|  row_costs_curCost_13|         array|
|row_costs_curCost_13_ce0       |  out|    1|   ap_memory|  row_costs_curCost_13|         array|
|row_costs_curCost_13_we0       |  out|    1|   ap_memory|  row_costs_curCost_13|         array|
|row_costs_curCost_13_d0        |  out|   12|   ap_memory|  row_costs_curCost_13|         array|
|row_costs_curCost_14_address0  |  out|    9|   ap_memory|  row_costs_curCost_14|         array|
|row_costs_curCost_14_ce0       |  out|    1|   ap_memory|  row_costs_curCost_14|         array|
|row_costs_curCost_14_we0       |  out|    1|   ap_memory|  row_costs_curCost_14|         array|
|row_costs_curCost_14_d0        |  out|   12|   ap_memory|  row_costs_curCost_14|         array|
|row_costs_curCost_15_address0  |  out|    9|   ap_memory|  row_costs_curCost_15|         array|
|row_costs_curCost_15_ce0       |  out|    1|   ap_memory|  row_costs_curCost_15|         array|
|row_costs_curCost_15_we0       |  out|    1|   ap_memory|  row_costs_curCost_15|         array|
|row_costs_curCost_15_d0        |  out|   12|   ap_memory|  row_costs_curCost_15|         array|
|row_costs_curCost_16_address0  |  out|    9|   ap_memory|  row_costs_curCost_16|         array|
|row_costs_curCost_16_ce0       |  out|    1|   ap_memory|  row_costs_curCost_16|         array|
|row_costs_curCost_16_we0       |  out|    1|   ap_memory|  row_costs_curCost_16|         array|
|row_costs_curCost_16_d0        |  out|   12|   ap_memory|  row_costs_curCost_16|         array|
|row_costs_curCost_17_address0  |  out|    9|   ap_memory|  row_costs_curCost_17|         array|
|row_costs_curCost_17_ce0       |  out|    1|   ap_memory|  row_costs_curCost_17|         array|
|row_costs_curCost_17_we0       |  out|    1|   ap_memory|  row_costs_curCost_17|         array|
|row_costs_curCost_17_d0        |  out|   12|   ap_memory|  row_costs_curCost_17|         array|
|row_costs_curCost_18_address0  |  out|    9|   ap_memory|  row_costs_curCost_18|         array|
|row_costs_curCost_18_ce0       |  out|    1|   ap_memory|  row_costs_curCost_18|         array|
|row_costs_curCost_18_we0       |  out|    1|   ap_memory|  row_costs_curCost_18|         array|
|row_costs_curCost_18_d0        |  out|   12|   ap_memory|  row_costs_curCost_18|         array|
|row_costs_curCost_19_address0  |  out|    9|   ap_memory|  row_costs_curCost_19|         array|
|row_costs_curCost_19_ce0       |  out|    1|   ap_memory|  row_costs_curCost_19|         array|
|row_costs_curCost_19_we0       |  out|    1|   ap_memory|  row_costs_curCost_19|         array|
|row_costs_curCost_19_d0        |  out|   12|   ap_memory|  row_costs_curCost_19|         array|
|row_costs_curCost_20_address0  |  out|    9|   ap_memory|  row_costs_curCost_20|         array|
|row_costs_curCost_20_ce0       |  out|    1|   ap_memory|  row_costs_curCost_20|         array|
|row_costs_curCost_20_we0       |  out|    1|   ap_memory|  row_costs_curCost_20|         array|
|row_costs_curCost_20_d0        |  out|   12|   ap_memory|  row_costs_curCost_20|         array|
|row_costs_curCost_21_address0  |  out|    9|   ap_memory|  row_costs_curCost_21|         array|
|row_costs_curCost_21_ce0       |  out|    1|   ap_memory|  row_costs_curCost_21|         array|
|row_costs_curCost_21_we0       |  out|    1|   ap_memory|  row_costs_curCost_21|         array|
|row_costs_curCost_21_d0        |  out|   12|   ap_memory|  row_costs_curCost_21|         array|
|row_costs_curCost_22_address0  |  out|    9|   ap_memory|  row_costs_curCost_22|         array|
|row_costs_curCost_22_ce0       |  out|    1|   ap_memory|  row_costs_curCost_22|         array|
|row_costs_curCost_22_we0       |  out|    1|   ap_memory|  row_costs_curCost_22|         array|
|row_costs_curCost_22_d0        |  out|   12|   ap_memory|  row_costs_curCost_22|         array|
|row_costs_curCost_23_address0  |  out|    9|   ap_memory|  row_costs_curCost_23|         array|
|row_costs_curCost_23_ce0       |  out|    1|   ap_memory|  row_costs_curCost_23|         array|
|row_costs_curCost_23_we0       |  out|    1|   ap_memory|  row_costs_curCost_23|         array|
|row_costs_curCost_23_d0        |  out|   12|   ap_memory|  row_costs_curCost_23|         array|
|row_costs_curCost_24_address0  |  out|    9|   ap_memory|  row_costs_curCost_24|         array|
|row_costs_curCost_24_ce0       |  out|    1|   ap_memory|  row_costs_curCost_24|         array|
|row_costs_curCost_24_we0       |  out|    1|   ap_memory|  row_costs_curCost_24|         array|
|row_costs_curCost_24_d0        |  out|   12|   ap_memory|  row_costs_curCost_24|         array|
|row_costs_curCost_25_address0  |  out|    9|   ap_memory|  row_costs_curCost_25|         array|
|row_costs_curCost_25_ce0       |  out|    1|   ap_memory|  row_costs_curCost_25|         array|
|row_costs_curCost_25_we0       |  out|    1|   ap_memory|  row_costs_curCost_25|         array|
|row_costs_curCost_25_d0        |  out|   12|   ap_memory|  row_costs_curCost_25|         array|
|row_costs_curCost_26_address0  |  out|    9|   ap_memory|  row_costs_curCost_26|         array|
|row_costs_curCost_26_ce0       |  out|    1|   ap_memory|  row_costs_curCost_26|         array|
|row_costs_curCost_26_we0       |  out|    1|   ap_memory|  row_costs_curCost_26|         array|
|row_costs_curCost_26_d0        |  out|   12|   ap_memory|  row_costs_curCost_26|         array|
|row_costs_curCost_27_address0  |  out|    9|   ap_memory|  row_costs_curCost_27|         array|
|row_costs_curCost_27_ce0       |  out|    1|   ap_memory|  row_costs_curCost_27|         array|
|row_costs_curCost_27_we0       |  out|    1|   ap_memory|  row_costs_curCost_27|         array|
|row_costs_curCost_27_d0        |  out|   12|   ap_memory|  row_costs_curCost_27|         array|
|row_costs_curCost_28_address0  |  out|    9|   ap_memory|  row_costs_curCost_28|         array|
|row_costs_curCost_28_ce0       |  out|    1|   ap_memory|  row_costs_curCost_28|         array|
|row_costs_curCost_28_we0       |  out|    1|   ap_memory|  row_costs_curCost_28|         array|
|row_costs_curCost_28_d0        |  out|   12|   ap_memory|  row_costs_curCost_28|         array|
|row_costs_curCost_29_address0  |  out|    9|   ap_memory|  row_costs_curCost_29|         array|
|row_costs_curCost_29_ce0       |  out|    1|   ap_memory|  row_costs_curCost_29|         array|
|row_costs_curCost_29_we0       |  out|    1|   ap_memory|  row_costs_curCost_29|         array|
|row_costs_curCost_29_d0        |  out|   12|   ap_memory|  row_costs_curCost_29|         array|
|row_costs_curCost_30_address0  |  out|    9|   ap_memory|  row_costs_curCost_30|         array|
|row_costs_curCost_30_ce0       |  out|    1|   ap_memory|  row_costs_curCost_30|         array|
|row_costs_curCost_30_we0       |  out|    1|   ap_memory|  row_costs_curCost_30|         array|
|row_costs_curCost_30_d0        |  out|   12|   ap_memory|  row_costs_curCost_30|         array|
|row_costs_curCost_31_address0  |  out|    9|   ap_memory|  row_costs_curCost_31|         array|
|row_costs_curCost_31_ce0       |  out|    1|   ap_memory|  row_costs_curCost_31|         array|
|row_costs_curCost_31_we0       |  out|    1|   ap_memory|  row_costs_curCost_31|         array|
|row_costs_curCost_31_d0        |  out|   12|   ap_memory|  row_costs_curCost_31|         array|
+-------------------------------+-----+-----+------------+----------------------+--------------+

